[0.100s] DEBUG:colcon:Command line arguments: ['/usr/bin/colcon', 'build', '--symlink-install']
[0.101s] DEBUG:colcon:Parsed command line arguments: Namespace(allow_overriding=[], ament_cmake_args=None, base_paths=['.'], build_base='build', catkin_cmake_args=None, catkin_skip_building_tests=False, cmake_args=None, cmake_clean_cache=False, cmake_clean_first=False, cmake_force_configure=False, cmake_target=None, cmake_target_skip_unavailable=False, continue_on_error=False, event_handlers=None, executor='parallel', ignore_user_meta=False, install_base='install', log_base=None, log_level=None, main=<bound method BuildVerb.main of <colcon_core.verb.build.BuildVerb object at 0x7fcab3a19580>>, merge_install=False, metas=['./colcon.meta'], packages_above=None, packages_above_and_dependencies=None, packages_above_depth=None, packages_end=None, packages_ignore=None, packages_ignore_regex=None, packages_select=None, packages_select_build_failed=False, packages_select_by_dep=None, packages_select_regex=None, packages_select_test_failures=False, packages_skip=None, packages_skip_build_finished=False, packages_skip_by_dep=None, packages_skip_regex=None, packages_skip_test_passed=False, packages_skip_up_to=None, packages_start=None, packages_up_to=None, packages_up_to_regex=None, parallel_workers=16, paths=None, symlink_install=True, test_result_base=None, verb_extension=<colcon_core.verb.build.BuildVerb object at 0x7fcab3a19580>, verb_name='build', verb_parser=<colcon_defaults.argument_parser.defaults.DefaultArgumentsDecorator object at 0x7fcab3a19df0>)
[0.177s] Level 1:colcon.colcon_core.package_discovery:discover_packages(colcon_meta) check parameters
[0.177s] Level 1:colcon.colcon_core.package_discovery:discover_packages(recursive) check parameters
[0.177s] Level 1:colcon.colcon_core.package_discovery:discover_packages(ignore) check parameters
[0.177s] Level 1:colcon.colcon_core.package_discovery:discover_packages(path) check parameters
[0.177s] Level 1:colcon.colcon_core.package_discovery:discover_packages(colcon_meta) discover
[0.177s] Level 1:colcon.colcon_core.package_discovery:discover_packages(recursive) discover
[0.177s] INFO:colcon.colcon_core.package_discovery:Crawling recursively for packages in '/home/cgcollins91/projects/ENPME661_Project03_Phase02/project3_ws/src'
[0.177s] Level 1:colcon.colcon_core.package_identification:_identify(.) by extensions ['ignore', 'ignore_ament_install']
[0.177s] Level 1:colcon.colcon_core.package_identification:_identify(.) by extension 'ignore'
[0.177s] Level 1:colcon.colcon_core.package_identification:_identify(.) by extension 'ignore_ament_install'
[0.177s] Level 1:colcon.colcon_core.package_identification:_identify(.) by extensions ['colcon_pkg']
[0.177s] Level 1:colcon.colcon_core.package_identification:_identify(.) by extension 'colcon_pkg'
[0.178s] Level 1:colcon.colcon_core.package_identification:_identify(.) by extensions ['colcon_meta']
[0.178s] Level 1:colcon.colcon_core.package_identification:_identify(.) by extension 'colcon_meta'
[0.178s] Level 1:colcon.colcon_core.package_identification:_identify(.) by extensions ['ros']
[0.178s] Level 1:colcon.colcon_core.package_identification:_identify(.) by extension 'ros'
[0.184s] DEBUG:colcon.colcon_core.package_identification:Package '.' with type 'ros.ament_cmake' and name 'turtlebot3_project3'
[0.184s] Level 1:colcon.colcon_core.package_discovery:discover_packages(recursive) using defaults
[0.184s] Level 1:colcon.colcon_core.package_discovery:discover_packages(ignore) discover
[0.184s] Level 1:colcon.colcon_core.package_discovery:discover_packages(ignore) using defaults
[0.184s] Level 1:colcon.colcon_core.package_discovery:discover_packages(path) discover
[0.184s] Level 1:colcon.colcon_core.package_discovery:discover_packages(path) using defaults
[0.196s] Level 1:colcon.colcon_core.package_discovery:discover_packages(prefix_path) check parameters
[0.196s] Level 1:colcon.colcon_core.package_discovery:discover_packages(prefix_path) discover
[0.197s] DEBUG:colcon.colcon_installed_package_information.package_discovery:Found 1 installed packages in /home/cgcollins91/projects/ENPME661_Project03_Phase02/project3_ws/install
[0.198s] DEBUG:colcon.colcon_installed_package_information.package_discovery:Found 275 installed packages in /opt/ros/galactic
[0.198s] Level 1:colcon.colcon_core.package_discovery:discover_packages(prefix_path) using defaults
[0.227s] Level 5:colcon.colcon_core.verb:set package 'turtlebot3_project3' build argument 'cmake_args' from command line to 'None'
[0.228s] Level 5:colcon.colcon_core.verb:set package 'turtlebot3_project3' build argument 'cmake_target' from command line to 'None'
[0.228s] Level 5:colcon.colcon_core.verb:set package 'turtlebot3_project3' build argument 'cmake_target_skip_unavailable' from command line to 'False'
[0.228s] Level 5:colcon.colcon_core.verb:set package 'turtlebot3_project3' build argument 'cmake_clean_cache' from command line to 'False'
[0.228s] Level 5:colcon.colcon_core.verb:set package 'turtlebot3_project3' build argument 'cmake_clean_first' from command line to 'False'
[0.228s] Level 5:colcon.colcon_core.verb:set package 'turtlebot3_project3' build argument 'cmake_force_configure' from command line to 'False'
[0.228s] Level 5:colcon.colcon_core.verb:set package 'turtlebot3_project3' build argument 'ament_cmake_args' from command line to 'None'
[0.228s] Level 5:colcon.colcon_core.verb:set package 'turtlebot3_project3' build argument 'catkin_cmake_args' from command line to 'None'
[0.228s] Level 5:colcon.colcon_core.verb:set package 'turtlebot3_project3' build argument 'catkin_skip_building_tests' from command line to 'False'
[0.228s] DEBUG:colcon.colcon_core.verb:Building package 'turtlebot3_project3' with the following arguments: {'ament_cmake_args': None, 'build_base': '/home/cgcollins91/projects/ENPME661_Project03_Phase02/project3_ws/src/build/turtlebot3_project3', 'catkin_cmake_args': None, 'catkin_skip_building_tests': False, 'cmake_args': None, 'cmake_clean_cache': False, 'cmake_clean_first': False, 'cmake_force_configure': False, 'cmake_target': None, 'cmake_target_skip_unavailable': False, 'install_base': '/home/cgcollins91/projects/ENPME661_Project03_Phase02/project3_ws/src/install/turtlebot3_project3', 'merge_install': False, 'path': '/home/cgcollins91/projects/ENPME661_Project03_Phase02/project3_ws/src', 'symlink_install': True, 'test_result_base': None}
[0.228s] INFO:colcon.colcon_core.executor:Executing jobs using 'parallel' executor
[0.228s] DEBUG:colcon.colcon_parallel_executor.executor.parallel:run_until_complete
[0.228s] INFO:colcon.colcon_ros.task.ament_cmake.build:Building ROS package in '/home/cgcollins91/projects/ENPME661_Project03_Phase02/project3_ws/src' with build type 'ament_cmake'
[0.228s] INFO:colcon.colcon_cmake.task.cmake.build:Building CMake package in '/home/cgcollins91/projects/ENPME661_Project03_Phase02/project3_ws/src'
[0.229s] INFO:colcon.colcon_core.plugin_system:Skipping extension 'colcon_core.shell.bat': Not used on non-Windows systems
[0.229s] INFO:colcon.colcon_core.shell:Skip shell extension 'powershell' for command environment: Not usable outside of PowerShell
[0.229s] DEBUG:colcon.colcon_core.shell:Skip shell extension 'dsv' for command environment
[0.236s] DEBUG:colcon.colcon_core.event_handler.log_command:Invoking command in '/home/cgcollins91/projects/ENPME661_Project03_Phase02/project3_ws/src/build/turtlebot3_project3': CMAKE_PREFIX_PATH=${CMAKE_PREFIX_PATH}:/opt/ros/galactic /usr/bin/cmake /home/cgcollins91/projects/ENPME661_Project03_Phase02/project3_ws/src -DAMENT_CMAKE_SYMLINK_INSTALL=1 -DCMAKE_INSTALL_PREFIX=/home/cgcollins91/projects/ENPME661_Project03_Phase02/project3_ws/src/install/turtlebot3_project3
[2.305s] DEBUG:colcon.colcon_core.event_handler.log_command:Invoked command in '/home/cgcollins91/projects/ENPME661_Project03_Phase02/project3_ws/src/build/turtlebot3_project3' returned '0': CMAKE_PREFIX_PATH=${CMAKE_PREFIX_PATH}:/opt/ros/galactic /usr/bin/cmake /home/cgcollins91/projects/ENPME661_Project03_Phase02/project3_ws/src -DAMENT_CMAKE_SYMLINK_INSTALL=1 -DCMAKE_INSTALL_PREFIX=/home/cgcollins91/projects/ENPME661_Project03_Phase02/project3_ws/src/install/turtlebot3_project3
[2.308s] DEBUG:colcon.colcon_core.event_handler.log_command:Invoking command in '/home/cgcollins91/projects/ENPME661_Project03_Phase02/project3_ws/src/build/turtlebot3_project3': CMAKE_PREFIX_PATH=${CMAKE_PREFIX_PATH}:/opt/ros/galactic /usr/bin/cmake --build /home/cgcollins91/projects/ENPME661_Project03_Phase02/project3_ws/src/build/turtlebot3_project3 -- -j16 -l16
[7.693s] DEBUG:colcon.colcon_core.event_handler.log_command:Invoked command in '/home/cgcollins91/projects/ENPME661_Project03_Phase02/project3_ws/src/build/turtlebot3_project3' returned '0': CMAKE_PREFIX_PATH=${CMAKE_PREFIX_PATH}:/opt/ros/galactic /usr/bin/cmake --build /home/cgcollins91/projects/ENPME661_Project03_Phase02/project3_ws/src/build/turtlebot3_project3 -- -j16 -l16
[7.703s] DEBUG:colcon.colcon_core.event_handler.log_command:Invoking command in '/home/cgcollins91/projects/ENPME661_Project03_Phase02/project3_ws/src/build/turtlebot3_project3': CMAKE_PREFIX_PATH=${CMAKE_PREFIX_PATH}:/opt/ros/galactic /usr/bin/cmake --install /home/cgcollins91/projects/ENPME661_Project03_Phase02/project3_ws/src/build/turtlebot3_project3
[8.035s] Level 1:colcon.colcon_core.environment:create_environment_scripts_only(turtlebot3_project3)
[8.036s] DEBUG:colcon.colcon_core.event_handler.log_command:Invoked command in '/home/cgcollins91/projects/ENPME661_Project03_Phase02/project3_ws/src/build/turtlebot3_project3' returned '0': CMAKE_PREFIX_PATH=${CMAKE_PREFIX_PATH}:/opt/ros/galactic /usr/bin/cmake --install /home/cgcollins91/projects/ENPME661_Project03_Phase02/project3_ws/src/build/turtlebot3_project3
[8.037s] Level 1:colcon.colcon_core.environment:checking '/home/cgcollins91/projects/ENPME661_Project03_Phase02/project3_ws/src/install/turtlebot3_project3' for CMake module files
[8.038s] Level 1:colcon.colcon_core.environment:checking '/home/cgcollins91/projects/ENPME661_Project03_Phase02/project3_ws/src/install/turtlebot3_project3' for CMake config files
[8.038s] Level 1:colcon.colcon_core.shell:create_environment_hook('turtlebot3_project3', 'cmake_prefix_path')
[8.039s] INFO:colcon.colcon_core.shell:Creating environment hook '/home/cgcollins91/projects/ENPME661_Project03_Phase02/project3_ws/src/install/turtlebot3_project3/share/turtlebot3_project3/hook/cmake_prefix_path.ps1'
[8.039s] INFO:colcon.colcon_core.shell:Creating environment descriptor '/home/cgcollins91/projects/ENPME661_Project03_Phase02/project3_ws/src/install/turtlebot3_project3/share/turtlebot3_project3/hook/cmake_prefix_path.dsv'
[8.040s] INFO:colcon.colcon_core.shell:Creating environment hook '/home/cgcollins91/projects/ENPME661_Project03_Phase02/project3_ws/src/install/turtlebot3_project3/share/turtlebot3_project3/hook/cmake_prefix_path.sh'
[8.040s] Level 1:colcon.colcon_core.environment:checking '/home/cgcollins91/projects/ENPME661_Project03_Phase02/project3_ws/src/install/turtlebot3_project3/lib'
[8.041s] Level 1:colcon.colcon_core.environment:checking '/home/cgcollins91/projects/ENPME661_Project03_Phase02/project3_ws/src/install/turtlebot3_project3/bin'
[8.041s] Level 1:colcon.colcon_core.environment:checking '/home/cgcollins91/projects/ENPME661_Project03_Phase02/project3_ws/src/install/turtlebot3_project3/lib/pkgconfig/turtlebot3_project3.pc'
[8.041s] Level 1:colcon.colcon_core.environment:checking '/home/cgcollins91/projects/ENPME661_Project03_Phase02/project3_ws/src/install/turtlebot3_project3/lib/python3.8/site-packages'
[8.041s] Level 1:colcon.colcon_core.environment:checking '/home/cgcollins91/projects/ENPME661_Project03_Phase02/project3_ws/src/install/turtlebot3_project3/bin'
[8.041s] INFO:colcon.colcon_core.shell:Creating package script '/home/cgcollins91/projects/ENPME661_Project03_Phase02/project3_ws/src/install/turtlebot3_project3/share/turtlebot3_project3/package.ps1'
[8.042s] INFO:colcon.colcon_core.shell:Creating package descriptor '/home/cgcollins91/projects/ENPME661_Project03_Phase02/project3_ws/src/install/turtlebot3_project3/share/turtlebot3_project3/package.dsv'
[8.042s] INFO:colcon.colcon_core.shell:Creating package script '/home/cgcollins91/projects/ENPME661_Project03_Phase02/project3_ws/src/install/turtlebot3_project3/share/turtlebot3_project3/package.sh'
[8.043s] INFO:colcon.colcon_core.shell:Creating package script '/home/cgcollins91/projects/ENPME661_Project03_Phase02/project3_ws/src/install/turtlebot3_project3/share/turtlebot3_project3/package.bash'
[8.043s] INFO:colcon.colcon_core.shell:Creating package script '/home/cgcollins91/projects/ENPME661_Project03_Phase02/project3_ws/src/install/turtlebot3_project3/share/turtlebot3_project3/package.zsh'
[8.044s] Level 1:colcon.colcon_core.environment:create_file_with_runtime_dependencies(/home/cgcollins91/projects/ENPME661_Project03_Phase02/project3_ws/src/install/turtlebot3_project3/share/colcon-core/packages/turtlebot3_project3)
[8.045s] Level 1:colcon.colcon_core.environment:create_environment_scripts_only(turtlebot3_project3)
[8.045s] Level 1:colcon.colcon_core.environment:checking '/home/cgcollins91/projects/ENPME661_Project03_Phase02/project3_ws/src/install/turtlebot3_project3' for CMake module files
[8.045s] Level 1:colcon.colcon_core.environment:checking '/home/cgcollins91/projects/ENPME661_Project03_Phase02/project3_ws/src/install/turtlebot3_project3' for CMake config files
[8.046s] Level 1:colcon.colcon_core.shell:create_environment_hook('turtlebot3_project3', 'cmake_prefix_path')
[8.046s] INFO:colcon.colcon_core.shell:Creating environment hook '/home/cgcollins91/projects/ENPME661_Project03_Phase02/project3_ws/src/install/turtlebot3_project3/share/turtlebot3_project3/hook/cmake_prefix_path.ps1'
[8.046s] INFO:colcon.colcon_core.shell:Creating environment descriptor '/home/cgcollins91/projects/ENPME661_Project03_Phase02/project3_ws/src/install/turtlebot3_project3/share/turtlebot3_project3/hook/cmake_prefix_path.dsv'
[8.046s] INFO:colcon.colcon_core.shell:Creating environment hook '/home/cgcollins91/projects/ENPME661_Project03_Phase02/project3_ws/src/install/turtlebot3_project3/share/turtlebot3_project3/hook/cmake_prefix_path.sh'
[8.047s] Level 1:colcon.colcon_core.environment:checking '/home/cgcollins91/projects/ENPME661_Project03_Phase02/project3_ws/src/install/turtlebot3_project3/lib'
[8.047s] Level 1:colcon.colcon_core.environment:checking '/home/cgcollins91/projects/ENPME661_Project03_Phase02/project3_ws/src/install/turtlebot3_project3/bin'
[8.047s] Level 1:colcon.colcon_core.environment:checking '/home/cgcollins91/projects/ENPME661_Project03_Phase02/project3_ws/src/install/turtlebot3_project3/lib/pkgconfig/turtlebot3_project3.pc'
[8.047s] Level 1:colcon.colcon_core.environment:checking '/home/cgcollins91/projects/ENPME661_Project03_Phase02/project3_ws/src/install/turtlebot3_project3/lib/python3.8/site-packages'
[8.047s] Level 1:colcon.colcon_core.environment:checking '/home/cgcollins91/projects/ENPME661_Project03_Phase02/project3_ws/src/install/turtlebot3_project3/bin'
[8.047s] INFO:colcon.colcon_core.shell:Creating package script '/home/cgcollins91/projects/ENPME661_Project03_Phase02/project3_ws/src/install/turtlebot3_project3/share/turtlebot3_project3/package.ps1'
[8.047s] INFO:colcon.colcon_core.shell:Creating package descriptor '/home/cgcollins91/projects/ENPME661_Project03_Phase02/project3_ws/src/install/turtlebot3_project3/share/turtlebot3_project3/package.dsv'
[8.047s] INFO:colcon.colcon_core.shell:Creating package script '/home/cgcollins91/projects/ENPME661_Project03_Phase02/project3_ws/src/install/turtlebot3_project3/share/turtlebot3_project3/package.sh'
[8.048s] INFO:colcon.colcon_core.shell:Creating package script '/home/cgcollins91/projects/ENPME661_Project03_Phase02/project3_ws/src/install/turtlebot3_project3/share/turtlebot3_project3/package.bash'
[8.048s] INFO:colcon.colcon_core.shell:Creating package script '/home/cgcollins91/projects/ENPME661_Project03_Phase02/project3_ws/src/install/turtlebot3_project3/share/turtlebot3_project3/package.zsh'
[8.048s] Level 1:colcon.colcon_core.environment:create_file_with_runtime_dependencies(/home/cgcollins91/projects/ENPME661_Project03_Phase02/project3_ws/src/install/turtlebot3_project3/share/colcon-core/packages/turtlebot3_project3)
[8.048s] DEBUG:colcon.colcon_parallel_executor.executor.parallel:closing loop
[8.049s] DEBUG:colcon.colcon_parallel_executor.executor.parallel:loop closed
[8.049s] DEBUG:colcon.colcon_parallel_executor.executor.parallel:run_until_complete finished with '0'
[8.049s] DEBUG:colcon.colcon_core.event_reactor:joining thread
[8.053s] INFO:colcon.colcon_core.plugin_system:Skipping extension 'colcon_notification.desktop_notification.terminal_notifier': Not used on non-Darwin systems
[8.053s] INFO:colcon.colcon_core.plugin_system:Skipping extension 'colcon_notification.desktop_notification.win32': Not used on non-Windows systems
[8.053s] INFO:colcon.colcon_notification.desktop_notification:Sending desktop notification using 'notify2'
[8.066s] DEBUG:colcon.colcon_core.event_reactor:joined thread
[8.066s] INFO:colcon.colcon_core.shell:Creating prefix script '/home/cgcollins91/projects/ENPME661_Project03_Phase02/project3_ws/src/install/local_setup.ps1'
[8.067s] INFO:colcon.colcon_core.shell:Creating prefix util module '/home/cgcollins91/projects/ENPME661_Project03_Phase02/project3_ws/src/install/_local_setup_util_ps1.py'
[8.068s] INFO:colcon.colcon_core.shell:Creating prefix chain script '/home/cgcollins91/projects/ENPME661_Project03_Phase02/project3_ws/src/install/setup.ps1'
[8.069s] INFO:colcon.colcon_core.shell:Creating prefix script '/home/cgcollins91/projects/ENPME661_Project03_Phase02/project3_ws/src/install/local_setup.sh'
[8.069s] INFO:colcon.colcon_core.shell:Creating prefix util module '/home/cgcollins91/projects/ENPME661_Project03_Phase02/project3_ws/src/install/_local_setup_util_sh.py'
[8.070s] INFO:colcon.colcon_core.shell:Creating prefix chain script '/home/cgcollins91/projects/ENPME661_Project03_Phase02/project3_ws/src/install/setup.sh'
[8.071s] INFO:colcon.colcon_core.shell:Creating prefix script '/home/cgcollins91/projects/ENPME661_Project03_Phase02/project3_ws/src/install/local_setup.bash'
[8.071s] INFO:colcon.colcon_core.shell:Creating prefix chain script '/home/cgcollins91/projects/ENPME661_Project03_Phase02/project3_ws/src/install/setup.bash'
[8.072s] INFO:colcon.colcon_core.shell:Creating prefix script '/home/cgcollins91/projects/ENPME661_Project03_Phase02/project3_ws/src/install/local_setup.zsh'
[8.072s] INFO:colcon.colcon_core.shell:Creating prefix chain script '/home/cgcollins91/projects/ENPME661_Project03_Phase02/project3_ws/src/install/setup.zsh'
