[0.008s] Invoking command in '/home/cgcollins91/projects/ENPME661_Project03_Phase02/project3_ws/src/build/turtlebot3_project3': CMAKE_PREFIX_PATH=${CMAKE_PREFIX_PATH}:/opt/ros/galactic /usr/bin/cmake /home/cgcollins91/projects/ENPME661_Project03_Phase02/project3_ws/src -DAMENT_CMAKE_SYMLINK_INSTALL=1 -DCMAKE_INSTALL_PREFIX=/home/cgcollins91/projects/ENPME661_Project03_Phase02/project3_ws/src/install/turtlebot3_project3
[0.059s] -- The C compiler identification is GNU 9.4.0
[0.104s] -- The CXX compiler identification is GNU 9.4.0
[0.108s] -- Check for working C compiler: /usr/bin/cc
[0.165s] -- Check for working C compiler: /usr/bin/cc -- works
[0.166s] -- Detecting C compiler ABI info
[0.224s] -- Detecting C compiler ABI info - done
[0.234s] -- Detecting C compile features
[0.234s] -- Detecting C compile features - done
[0.236s] -- Check for working CXX compiler: /usr/bin/c++
[0.301s] -- Check for working CXX compiler: /usr/bin/c++ -- works
[0.302s] -- Detecting CXX compiler ABI info
[0.358s] -- Detecting CXX compiler ABI info - done
[0.368s] -- Detecting CXX compile features
[0.369s] -- Detecting CXX compile features - done
[0.371s] -- Found ament_cmake: 1.1.6 (/opt/ros/galactic/share/ament_cmake/cmake)
[0.389s] -- Found PythonInterp: /usr/bin/python3 (found suitable version "3.8.10", minimum required is "3") 
[0.389s] -- Using PYTHON_EXECUTABLE: /usr/bin/python3
[0.420s] -- Override CMake install command with custom implementation using symlinks instead of copying resources
[0.444s] -- Found PkgConfig: /usr/bin/pkg-config (found version "0.29.1") 
[0.447s] -- Checking for module 'bullet>=2.82'
[0.461s] --   Found bullet, version 2.88
[0.575s] -- Found ccd: /usr/include (found suitable version "2.0", minimum required is "2.0") 
[0.629s] -- Found fcl: /usr/include (found suitable version "0.5.0", minimum required is "0.3.2") 
[0.685s] -- Found assimp: /usr/include (found version "5.0.0") 
[0.702s] -- Found DART: /usr/include (Required is at least version "6.6") found components: dart 
[0.955s] -- Found Boost: /usr/lib/x86_64-linux-gnu/cmake/Boost-1.71.0/BoostConfig.cmake (found suitable version "1.71.0", minimum required is "1.40.0") found components: thread system filesystem program_options regex iostreams date_time 
[0.969s] -- Found Protobuf: /usr/lib/x86_64-linux-gnu/libprotobuf.so;-lpthread (found version "3.6.1") 
[0.972s] -- Looking for ignition-math6 -- found version 6.15.1
[0.975s] -- Searching for dependencies of ignition-math6
[0.976s] -- Looking for OGRE...
[0.976s] -- OGRE_PREFIX_WATCH changed.
[0.980s] -- Checking for module 'OGRE'
[0.995s] --   Found OGRE, version 1.9.0
[1.034s] -- Found Ogre Ghadamon (1.9.0)
[1.040s] -- Found OGRE: optimized;/usr/lib/x86_64-linux-gnu/libOgreMain.so;debug;/usr/lib/x86_64-linux-gnu/libOgreMain.so
[1.046s] -- Looking for OGRE_Paging...
[1.049s] -- Found OGRE_Paging: optimized;/usr/lib/x86_64-linux-gnu/libOgrePaging.so;debug;/usr/lib/x86_64-linux-gnu/libOgrePaging.so
[1.049s] -- Looking for OGRE_Terrain...
[1.053s] -- Found OGRE_Terrain: optimized;/usr/lib/x86_64-linux-gnu/libOgreTerrain.so;debug;/usr/lib/x86_64-linux-gnu/libOgreTerrain.so
[1.053s] -- Looking for OGRE_Property...
[1.056s] -- Found OGRE_Property: optimized;/usr/lib/x86_64-linux-gnu/libOgreProperty.so;debug;/usr/lib/x86_64-linux-gnu/libOgreProperty.so
[1.056s] -- Looking for OGRE_RTShaderSystem...
[1.060s] -- Found OGRE_RTShaderSystem: optimized;/usr/lib/x86_64-linux-gnu/libOgreRTShaderSystem.so;debug;/usr/lib/x86_64-linux-gnu/libOgreRTShaderSystem.so
[1.060s] -- Looking for OGRE_Volume...
[1.063s] -- Found OGRE_Volume: optimized;/usr/lib/x86_64-linux-gnu/libOgreVolume.so;debug;/usr/lib/x86_64-linux-gnu/libOgreVolume.so
[1.064s] -- Looking for OGRE_Overlay...
[1.067s] -- Found OGRE_Overlay: optimized;/usr/lib/x86_64-linux-gnu/libOgreOverlay.so;debug;/usr/lib/x86_64-linux-gnu/libOgreOverlay.so
[1.141s] -- Looking for ignition-math6 -- found version 6.15.1
[1.142s] -- Looking for ignition-transport8 -- found version 8.5.0
[1.143s] -- Searching for dependencies of ignition-transport8
[1.164s] -- Config-file not installed for ZeroMQ -- checking for pkg-config
[1.167s] -- Checking for module 'libzmq >= 4'
[1.184s] --   Found libzmq , version 4.3.2
[1.223s] -- Found ZeroMQ: TRUE (Required is at least version "4") 
[1.228s] -- Checking for module 'uuid'
[1.243s] --   Found uuid, version 2.34.0
[1.280s] -- Found UUID: TRUE  
[1.282s] -- Looking for ignition-msgs5 -- found version 5.11.0
[1.283s] -- Searching for dependencies of ignition-msgs5
[1.299s] -- Found Protobuf: /usr/lib/x86_64-linux-gnu/libprotobuf.so;-lpthread (found suitable version "3.6.1", minimum required is "3") 
[1.300s] -- Looking for ignition-math6 -- found version 6.15.1
[1.303s] -- Checking for module 'tinyxml2'
[1.317s] --   Found tinyxml2, version 6.2.0
[1.356s] -- Looking for ignition-msgs5 -- found version 5.11.0
[1.357s] -- Looking for ignition-common3 -- found version 3.17.0
[1.357s] -- Searching for dependencies of ignition-common3
[1.357s] -- Looking for dlfcn.h - found
[1.358s] -- Looking for libdl - found
[1.359s] -- Found DL: TRUE  
[1.364s] -- Searching for <ignition-common3> component [graphics]
[1.365s] -- Looking for ignition-common3-graphics -- found version 3.17.0
[1.366s] -- Searching for dependencies of ignition-common3-graphics
[1.366s] -- Looking for ignition-math6 -- found version 6.15.1
[1.367s] -- Looking for ignition-fuel_tools4 -- found version 4.9.1
[1.368s] -- Searching for dependencies of ignition-fuel_tools4
[1.437s] -- Found CURL: /usr/lib/x86_64-linux-gnu/libcurl.so (found version "7.68.0")  
[1.442s] -- Checking for module 'jsoncpp'
[1.456s] --   Found jsoncpp, version 1.7.4
[1.495s] -- Found JSONCPP: TRUE  
[1.501s] -- Checking for module 'libzip'
[1.514s] --   Found libzip, version 1.5.1
[1.553s] -- Found ZIP: TRUE  
[1.554s] -- Looking for ignition-common3 -- found version 3.17.0
[1.554s] -- Looking for ignition-math6 -- found version 6.15.1
[1.555s] -- Looking for ignition-msgs5 -- found version 5.11.0
[1.557s] -- Found gazebo_ros_pkgs: 3.5.2 (/opt/ros/galactic/share/gazebo_ros_pkgs/cmake)
[1.559s] -- Found geometry_msgs: 2.2.4 (/opt/ros/galactic/share/geometry_msgs/cmake)
[1.574s] -- Using all available rosidl_typesupport_c: rosidl_typesupport_fastrtps_c;rosidl_typesupport_introspection_c
[1.578s] -- Found rosidl_adapter: 2.2.3 (/opt/ros/galactic/share/rosidl_adapter/cmake)
[1.651s] -- Found OpenSSL: /usr/lib/x86_64-linux-gnu/libcrypto.so (found version "1.1.1f")  
[1.670s] -- Found FastRTPS: /opt/ros/galactic/include  
[1.722s] -- Using all available rosidl_typesupport_cpp: rosidl_typesupport_fastrtps_cpp;rosidl_typesupport_introspection_cpp
[1.790s] -- Found nav_msgs: 2.2.4 (/opt/ros/galactic/share/nav_msgs/cmake)
[1.849s] -- Found rclcpp: 9.2.2 (/opt/ros/galactic/share/rclcpp/cmake)
[1.889s] -- Found rmw_implementation_cmake: 3.3.1 (/opt/ros/galactic/share/rmw_implementation_cmake/cmake)
[1.890s] -- Found rmw_cyclonedds_cpp: 0.22.6 (/opt/ros/galactic/share/rmw_cyclonedds_cpp/cmake)
[1.901s] -- Using RMW implementation 'rmw_cyclonedds_cpp' as default
[1.902s] -- Found Threads: TRUE  
[1.976s] -- Found sensor_msgs: 2.2.4 (/opt/ros/galactic/share/sensor_msgs/cmake)
[2.014s] -- Found tf2: 0.17.5 (/opt/ros/galactic/share/tf2/cmake)
[2.061s] -- Configuring done
[2.067s] -- Generating done
[2.070s] -- Build files have been written to: /home/cgcollins91/projects/ENPME661_Project03_Phase02/project3_ws/src/build/turtlebot3_project3
[2.076s] Invoked command in '/home/cgcollins91/projects/ENPME661_Project03_Phase02/project3_ws/src/build/turtlebot3_project3' returned '0': CMAKE_PREFIX_PATH=${CMAKE_PREFIX_PATH}:/opt/ros/galactic /usr/bin/cmake /home/cgcollins91/projects/ENPME661_Project03_Phase02/project3_ws/src -DAMENT_CMAKE_SYMLINK_INSTALL=1 -DCMAKE_INSTALL_PREFIX=/home/cgcollins91/projects/ENPME661_Project03_Phase02/project3_ws/src/install/turtlebot3_project3
[2.079s] Invoking command in '/home/cgcollins91/projects/ENPME661_Project03_Phase02/project3_ws/src/build/turtlebot3_project3': CMAKE_PREFIX_PATH=${CMAKE_PREFIX_PATH}:/opt/ros/galactic /usr/bin/cmake --build /home/cgcollins91/projects/ENPME661_Project03_Phase02/project3_ws/src/build/turtlebot3_project3 -- -j16 -l16
[2.118s] [35m[1mScanning dependencies of target turtlebot3_drive[0m
[2.157s] [ 50%] [32mBuilding CXX object CMakeFiles/turtlebot3_drive.dir/src/turtlebot3_drive.cpp.o[0m
[7.236s] [100%] [32m[1mLinking CXX executable turtlebot3_drive[0m
[7.456s] [100%] Built target turtlebot3_drive
[7.464s] Invoked command in '/home/cgcollins91/projects/ENPME661_Project03_Phase02/project3_ws/src/build/turtlebot3_project3' returned '0': CMAKE_PREFIX_PATH=${CMAKE_PREFIX_PATH}:/opt/ros/galactic /usr/bin/cmake --build /home/cgcollins91/projects/ENPME661_Project03_Phase02/project3_ws/src/build/turtlebot3_project3 -- -j16 -l16
[7.475s] Invoking command in '/home/cgcollins91/projects/ENPME661_Project03_Phase02/project3_ws/src/build/turtlebot3_project3': CMAKE_PREFIX_PATH=${CMAKE_PREFIX_PATH}:/opt/ros/galactic /usr/bin/cmake --install /home/cgcollins91/projects/ENPME661_Project03_Phase02/project3_ws/src/build/turtlebot3_project3
[7.479s] -- Install configuration: ""
[7.479s] -- Execute custom install script
[7.479s] -- Symlinking: /home/cgcollins91/projects/ENPME661_Project03_Phase02/project3_ws/src/install/turtlebot3_project3/lib/turtlebot3_project3/turtlebot3_drive
[7.487s] -- Symlinking: /home/cgcollins91/projects/ENPME661_Project03_Phase02/project3_ws/src/install/turtlebot3_project3/share/turtlebot3_project3//launch/competition_world.launch.py
[7.496s] -- Symlinking: /home/cgcollins91/projects/ENPME661_Project03_Phase02/project3_ws/src/install/turtlebot3_project3/share/turtlebot3_project3//launch/empty_world.launch.py
[7.502s] -- Symlinking: /home/cgcollins91/projects/ENPME661_Project03_Phase02/project3_ws/src/install/turtlebot3_project3/share/turtlebot3_project3//launch/robot_state_publisher.launch.py
[7.507s] -- Symlinking: /home/cgcollins91/projects/ENPME661_Project03_Phase02/project3_ws/src/install/turtlebot3_project3/share/turtlebot3_project3//launch/spawn_turtlebot3.launch.py
[7.513s] -- Symlinking: /home/cgcollins91/projects/ENPME661_Project03_Phase02/project3_ws/src/install/turtlebot3_project3/share/turtlebot3_project3//models/project3/meshes/project3-world.STL
[7.518s] -- Symlinking: /home/cgcollins91/projects/ENPME661_Project03_Phase02/project3_ws/src/install/turtlebot3_project3/share/turtlebot3_project3//models/project3/meshes/project3.STL
[7.523s] -- Symlinking: /home/cgcollins91/projects/ENPME661_Project03_Phase02/project3_ws/src/install/turtlebot3_project3/share/turtlebot3_project3//models/project3/model.config
[7.528s] -- Symlinking: /home/cgcollins91/projects/ENPME661_Project03_Phase02/project3_ws/src/install/turtlebot3_project3/share/turtlebot3_project3//models/project3/model.sdf
[7.534s] -- Symlinking: /home/cgcollins91/projects/ENPME661_Project03_Phase02/project3_ws/src/install/turtlebot3_project3/share/turtlebot3_project3//models/turtlebot3_common/meshes/burger_base.dae
[7.543s] -- Symlinking: /home/cgcollins91/projects/ENPME661_Project03_Phase02/project3_ws/src/install/turtlebot3_project3/share/turtlebot3_project3//models/turtlebot3_common/meshes/lds.dae
[7.549s] -- Symlinking: /home/cgcollins91/projects/ENPME661_Project03_Phase02/project3_ws/src/install/turtlebot3_project3/share/turtlebot3_project3//models/turtlebot3_common/meshes/r200.dae
[7.557s] -- Symlinking: /home/cgcollins91/projects/ENPME661_Project03_Phase02/project3_ws/src/install/turtlebot3_project3/share/turtlebot3_project3//models/turtlebot3_common/meshes/tire.dae
[7.563s] -- Symlinking: /home/cgcollins91/projects/ENPME661_Project03_Phase02/project3_ws/src/install/turtlebot3_project3/share/turtlebot3_project3//models/turtlebot3_common/meshes/waffle_base.dae
[7.569s] -- Symlinking: /home/cgcollins91/projects/ENPME661_Project03_Phase02/project3_ws/src/install/turtlebot3_project3/share/turtlebot3_project3//models/turtlebot3_common/meshes/waffle_pi_base.dae
[7.577s] -- Symlinking: /home/cgcollins91/projects/ENPME661_Project03_Phase02/project3_ws/src/install/turtlebot3_project3/share/turtlebot3_project3//models/turtlebot3_common/model.config
[7.586s] -- Symlinking: /home/cgcollins91/projects/ENPME661_Project03_Phase02/project3_ws/src/install/turtlebot3_project3/share/turtlebot3_project3//models/turtlebot3_waffle/model-1_4.sdf
[7.592s] -- Symlinking: /home/cgcollins91/projects/ENPME661_Project03_Phase02/project3_ws/src/install/turtlebot3_project3/share/turtlebot3_project3//models/turtlebot3_waffle/model.config
[7.599s] -- Symlinking: /home/cgcollins91/projects/ENPME661_Project03_Phase02/project3_ws/src/install/turtlebot3_project3/share/turtlebot3_project3//models/turtlebot3_waffle/model.sdf
[7.605s] -- Symlinking: /home/cgcollins91/projects/ENPME661_Project03_Phase02/project3_ws/src/install/turtlebot3_project3/share/turtlebot3_project3//models/turtlebot3_world/meshes/hexagon.dae
[7.610s] -- Symlinking: /home/cgcollins91/projects/ENPME661_Project03_Phase02/project3_ws/src/install/turtlebot3_project3/share/turtlebot3_project3//models/turtlebot3_world/meshes/wall.dae
[7.617s] -- Symlinking: /home/cgcollins91/projects/ENPME661_Project03_Phase02/project3_ws/src/install/turtlebot3_project3/share/turtlebot3_project3//models/turtlebot3_world/model-1_4.sdf
[7.623s] -- Symlinking: /home/cgcollins91/projects/ENPME661_Project03_Phase02/project3_ws/src/install/turtlebot3_project3/share/turtlebot3_project3//models/turtlebot3_world/model.config
[7.629s] -- Symlinking: /home/cgcollins91/projects/ENPME661_Project03_Phase02/project3_ws/src/install/turtlebot3_project3/share/turtlebot3_project3//models/turtlebot3_world/model.sdf
[7.635s] -- Symlinking: /home/cgcollins91/projects/ENPME661_Project03_Phase02/project3_ws/src/install/turtlebot3_project3/share/turtlebot3_project3//rviz/tb3_gazebo.rviz
[7.640s] -- Symlinking: /home/cgcollins91/projects/ENPME661_Project03_Phase02/project3_ws/src/install/turtlebot3_project3/share/turtlebot3_project3//urdf/common_properties.urdf
[7.646s] -- Symlinking: /home/cgcollins91/projects/ENPME661_Project03_Phase02/project3_ws/src/install/turtlebot3_project3/share/turtlebot3_project3//urdf/turtlebot3_waffle.urdf
[7.652s] -- Symlinking: /home/cgcollins91/projects/ENPME661_Project03_Phase02/project3_ws/src/install/turtlebot3_project3/share/turtlebot3_project3//worlds/competition_world.world
[7.657s] -- Symlinking: /home/cgcollins91/projects/ENPME661_Project03_Phase02/project3_ws/src/install/turtlebot3_project3/share/turtlebot3_project3//worlds/empty_world.world
[7.663s] -- Symlinking: /home/cgcollins91/projects/ENPME661_Project03_Phase02/project3_ws/src/install/turtlebot3_project3/include//turtlebot3_project3/turtlebot3_drive.hpp
[7.672s] -- Symlinking: /home/cgcollins91/projects/ENPME661_Project03_Phase02/project3_ws/src/install/turtlebot3_project3/lib/turtlebot3_project3/teleop.py
[7.677s] -- Symlinking: /home/cgcollins91/projects/ENPME661_Project03_Phase02/project3_ws/src/install/turtlebot3_project3/lib/turtlebot3_project3/path_planning.py
[7.683s] -- Symlinking: /home/cgcollins91/projects/ENPME661_Project03_Phase02/project3_ws/src/install/turtlebot3_project3/lib/turtlebot3_project3/controller.py
[7.690s] -- Symlinking: /home/cgcollins91/projects/ENPME661_Project03_Phase02/project3_ws/src/install/turtlebot3_project3/lib/turtlebot3_project3/odom_subscriber.py
[7.696s] -- Symlinking: /home/cgcollins91/projects/ENPME661_Project03_Phase02/project3_ws/src/install/turtlebot3_project3/share/ament_index/resource_index/package_run_dependencies/turtlebot3_project3
[7.701s] -- Symlinking: /home/cgcollins91/projects/ENPME661_Project03_Phase02/project3_ws/src/install/turtlebot3_project3/share/ament_index/resource_index/parent_prefix_path/turtlebot3_project3
[7.707s] -- Symlinking: /home/cgcollins91/projects/ENPME661_Project03_Phase02/project3_ws/src/install/turtlebot3_project3/share/turtlebot3_project3/environment/ament_prefix_path.sh
[7.715s] -- Symlinking: /home/cgcollins91/projects/ENPME661_Project03_Phase02/project3_ws/src/install/turtlebot3_project3/share/turtlebot3_project3/environment/ament_prefix_path.dsv
[7.724s] -- Symlinking: /home/cgcollins91/projects/ENPME661_Project03_Phase02/project3_ws/src/install/turtlebot3_project3/share/turtlebot3_project3/environment/path.sh
[7.732s] -- Symlinking: /home/cgcollins91/projects/ENPME661_Project03_Phase02/project3_ws/src/install/turtlebot3_project3/share/turtlebot3_project3/environment/path.dsv
[7.737s] -- Symlinking: /home/cgcollins91/projects/ENPME661_Project03_Phase02/project3_ws/src/install/turtlebot3_project3/share/turtlebot3_project3/local_setup.bash
[7.743s] -- Symlinking: /home/cgcollins91/projects/ENPME661_Project03_Phase02/project3_ws/src/install/turtlebot3_project3/share/turtlebot3_project3/local_setup.sh
[7.749s] -- Symlinking: /home/cgcollins91/projects/ENPME661_Project03_Phase02/project3_ws/src/install/turtlebot3_project3/share/turtlebot3_project3/local_setup.zsh
[7.754s] -- Symlinking: /home/cgcollins91/projects/ENPME661_Project03_Phase02/project3_ws/src/install/turtlebot3_project3/share/turtlebot3_project3/local_setup.dsv
[7.760s] -- Symlinking: /home/cgcollins91/projects/ENPME661_Project03_Phase02/project3_ws/src/install/turtlebot3_project3/share/turtlebot3_project3/package.dsv
[7.768s] -- Symlinking: /home/cgcollins91/projects/ENPME661_Project03_Phase02/project3_ws/src/install/turtlebot3_project3/share/ament_index/resource_index/packages/turtlebot3_project3
[7.774s] -- Symlinking: /home/cgcollins91/projects/ENPME661_Project03_Phase02/project3_ws/src/install/turtlebot3_project3/share/turtlebot3_project3/cmake/ament_cmake_export_include_directories-extras.cmake
[7.781s] -- Symlinking: /home/cgcollins91/projects/ENPME661_Project03_Phase02/project3_ws/src/install/turtlebot3_project3/share/turtlebot3_project3/cmake/ament_cmake_export_dependencies-extras.cmake
[7.786s] -- Symlinking: /home/cgcollins91/projects/ENPME661_Project03_Phase02/project3_ws/src/install/turtlebot3_project3/share/turtlebot3_project3/cmake/turtlebot3_project3Config.cmake
[7.791s] -- Symlinking: /home/cgcollins91/projects/ENPME661_Project03_Phase02/project3_ws/src/install/turtlebot3_project3/share/turtlebot3_project3/cmake/turtlebot3_project3Config-version.cmake
[7.799s] -- Symlinking: /home/cgcollins91/projects/ENPME661_Project03_Phase02/project3_ws/src/install/turtlebot3_project3/share/turtlebot3_project3/package.xml
[7.807s] Invoked command in '/home/cgcollins91/projects/ENPME661_Project03_Phase02/project3_ws/src/build/turtlebot3_project3' returned '0': CMAKE_PREFIX_PATH=${CMAKE_PREFIX_PATH}:/opt/ros/galactic /usr/bin/cmake --install /home/cgcollins91/projects/ENPME661_Project03_Phase02/project3_ws/src/build/turtlebot3_project3
