[0.009s] Invoking command in '/home/cgcollins91/Projects/ENPME661_Project03_Phase02/project3_ws/build/turtlebot3_project3': CMAKE_PREFIX_PATH=/home/cgcollins91/Projects/ENPME661_Project03_Phase02/falcon_sim/ROS2/falcon_turtlebot3_project_ws/src/install/astar_falcon_planner:/opt/ros/humble /usr/bin/cmake /home/cgcollins91/Projects/ENPME661_Project03_Phase02/project3_ws/src -DCMAKE_INSTALL_PREFIX=/home/cgcollins91/Projects/ENPME661_Project03_Phase02/project3_ws/install/turtlebot3_project3
[0.032s] -- Found ament_cmake: 1.3.11 (/opt/ros/humble/share/ament_cmake/cmake)
[0.120s] -- Override CMake install command with custom implementation using symlinks instead of copying resources
[0.154s] [33mCMake Warning (dev) at /usr/share/cmake-3.22/Modules/FindPackageHandleStandardArgs.cmake:438 (message):
[0.154s]   The package name passed to `find_package_handle_standard_args` (PkgConfig)
[0.154s]   does not match the name of the calling package (gazebo).  This can lead to
[0.154s]   problems in calling code that expects `find_package` result variables
[0.154s]   (e.g., `_FOUND`) to follow a certain pattern.
[0.154s] Call Stack (most recent call first):
[0.154s]   /usr/share/cmake-3.22/Modules/FindPkgConfig.cmake:99 (find_package_handle_standard_args)
[0.154s]   /usr/lib/x86_64-linux-gnu/cmake/gazebo/gazebo-config.cmake:72 (include)
[0.154s]   CMakeLists.txt:23 (find_package)
[0.154s] This warning is for project developers.  Use -Wno-dev to suppress it.
[0.154s] [0m
[0.185s] -- Found DART: /usr/include (Required is at least version "6.6") found components: dart 
[0.222s] -- Found Protobuf: /usr/lib/x86_64-linux-gnu/libprotobuf.so (found version "3.12.4") 
[0.225s] -- Looking for ignition-math6 -- found version 6.15.1
[0.235s] -- Searching for dependencies of ignition-math6
[0.238s] -- Looking for OGRE...
[0.242s] -- Found Ogre Ghadamon (1.9.0)
[0.243s] -- Found OGRE: optimized;/usr/lib/x86_64-linux-gnu/libOgreMain.so;debug;/usr/lib/x86_64-linux-gnu/libOgreMain.so
[0.248s] -- Looking for OGRE_Paging...
[0.248s] -- Found OGRE_Paging: optimized;/usr/lib/x86_64-linux-gnu/libOgrePaging.so;debug;/usr/lib/x86_64-linux-gnu/libOgrePaging.so
[0.248s] -- Looking for OGRE_Terrain...
[0.248s] -- Found OGRE_Terrain: optimized;/usr/lib/x86_64-linux-gnu/libOgreTerrain.so;debug;/usr/lib/x86_64-linux-gnu/libOgreTerrain.so
[0.248s] -- Looking for OGRE_Property...
[0.248s] -- Found OGRE_Property: optimized;/usr/lib/x86_64-linux-gnu/libOgreProperty.so;debug;/usr/lib/x86_64-linux-gnu/libOgreProperty.so
[0.248s] -- Looking for OGRE_RTShaderSystem...
[0.248s] -- Found OGRE_RTShaderSystem: optimized;/usr/lib/x86_64-linux-gnu/libOgreRTShaderSystem.so;debug;/usr/lib/x86_64-linux-gnu/libOgreRTShaderSystem.so
[0.248s] -- Looking for OGRE_Volume...
[0.248s] -- Found OGRE_Volume: optimized;/usr/lib/x86_64-linux-gnu/libOgreVolume.so;debug;/usr/lib/x86_64-linux-gnu/libOgreVolume.so
[0.248s] -- Looking for OGRE_Overlay...
[0.248s] -- Found OGRE_Overlay: optimized;/usr/lib/x86_64-linux-gnu/libOgreOverlay.so;debug;/usr/lib/x86_64-linux-gnu/libOgreOverlay.so
[0.323s] -- Looking for ignition-math6 -- found version 6.15.1
[0.323s] -- Looking for ignition-transport8 -- found version 8.2.1
[0.324s] -- Searching for dependencies of ignition-transport8
[0.338s] -- Found Protobuf: /usr/lib/x86_64-linux-gnu/libprotobuf.so (found suitable version "3.12.4", minimum required is "3") 
[0.346s] -- Config-file not installed for ZeroMQ -- checking for pkg-config
[0.350s] -- Checking for module 'libzmq >= 4'
[0.362s] --   Found libzmq , version 4.3.4
[0.392s] -- Checking for module 'uuid'
[0.402s] --   Found uuid, version 2.37.2
[0.428s] -- Looking for ignition-msgs5 -- found version 5.8.1
[0.428s] -- Searching for dependencies of ignition-msgs5
[0.442s] -- Looking for ignition-math6 -- found version 6.15.1
[0.446s] -- Checking for module 'tinyxml2'
[0.455s] --   Found tinyxml2, version 9.0.0
[0.481s] -- Looking for ignition-msgs5 -- found version 5.8.1
[0.482s] -- Looking for ignition-common3 -- found version 3.14.0
[0.482s] -- Searching for dependencies of ignition-common3
[0.482s] -- Looking for dlfcn.h - found
[0.482s] -- Looking for libdl - found
[0.491s] -- Searching for <ignition-common3> component [graphics]
[0.492s] -- Looking for ignition-common3-graphics -- found version 3.14.0
[0.492s] -- Searching for dependencies of ignition-common3-graphics
[0.493s] -- Looking for ignition-math6 -- found version 6.15.1
[0.495s] -- Looking for ignition-fuel_tools4 -- found version 4.4.0
[0.495s] -- Searching for dependencies of ignition-fuel_tools4
[0.525s] -- Checking for module 'jsoncpp'
[0.535s] --   Found jsoncpp, version 1.9.5
[0.564s] -- Checking for module 'libzip'
[0.573s] --   Found libzip, version 1.7.3
[0.597s] -- Looking for ignition-common3 -- found version 3.14.0
[0.597s] -- Looking for ignition-math6 -- found version 6.15.1
[0.597s] -- Looking for ignition-msgs5 -- found version 5.8.1
[0.601s] -- Found gazebo_ros_pkgs: 3.9.0 (/opt/ros/humble/share/gazebo_ros_pkgs/cmake)
[0.603s] -- Found geometry_msgs: 4.8.0 (/opt/ros/humble/share/geometry_msgs/cmake)
[0.635s] -- Found rosidl_generator_c: 3.1.6 (/opt/ros/humble/share/rosidl_generator_c/cmake)
[0.639s] -- Found rosidl_adapter: 3.1.6 (/opt/ros/humble/share/rosidl_adapter/cmake)
[0.648s] -- Found rosidl_generator_cpp: 3.1.6 (/opt/ros/humble/share/rosidl_generator_cpp/cmake)
[0.661s] -- Using all available rosidl_typesupport_c: rosidl_typesupport_fastrtps_c;rosidl_typesupport_introspection_c
[0.675s] -- Using all available rosidl_typesupport_cpp: rosidl_typesupport_fastrtps_cpp;rosidl_typesupport_introspection_cpp
[0.712s] -- Found nav_msgs: 4.8.0 (/opt/ros/humble/share/nav_msgs/cmake)
[0.728s] -- Found rclcpp: 16.0.12 (/opt/ros/humble/share/rclcpp/cmake)
[0.764s] -- Found rmw_implementation_cmake: 6.1.2 (/opt/ros/humble/share/rmw_implementation_cmake/cmake)
[0.767s] -- Found rmw_fastrtps_cpp: 6.2.7 (/opt/ros/humble/share/rmw_fastrtps_cpp/cmake)
[0.849s] -- Using RMW implementation 'rmw_fastrtps_cpp' as default
[0.888s] -- Found sensor_msgs: 4.8.0 (/opt/ros/humble/share/sensor_msgs/cmake)
[0.902s] -- Found tf2: 0.25.12 (/opt/ros/humble/share/tf2/cmake)
[0.957s] -- Configuring done
[0.970s] -- Generating done
[0.973s] -- Build files have been written to: /home/cgcollins91/Projects/ENPME661_Project03_Phase02/project3_ws/build/turtlebot3_project3
[0.983s] Invoked command in '/home/cgcollins91/Projects/ENPME661_Project03_Phase02/project3_ws/build/turtlebot3_project3' returned '0': CMAKE_PREFIX_PATH=/home/cgcollins91/Projects/ENPME661_Project03_Phase02/falcon_sim/ROS2/falcon_turtlebot3_project_ws/src/install/astar_falcon_planner:/opt/ros/humble /usr/bin/cmake /home/cgcollins91/Projects/ENPME661_Project03_Phase02/project3_ws/src -DCMAKE_INSTALL_PREFIX=/home/cgcollins91/Projects/ENPME661_Project03_Phase02/project3_ws/install/turtlebot3_project3
[0.984s] Invoking command in '/home/cgcollins91/Projects/ENPME661_Project03_Phase02/project3_ws/build/turtlebot3_project3': CMAKE_PREFIX_PATH=/home/cgcollins91/Projects/ENPME661_Project03_Phase02/falcon_sim/ROS2/falcon_turtlebot3_project_ws/src/install/astar_falcon_planner:/opt/ros/humble /usr/bin/cmake --build /home/cgcollins91/Projects/ENPME661_Project03_Phase02/project3_ws/build/turtlebot3_project3 -- -j16 -l16
[1.015s] [35m[1mConsolidate compiler generated dependencies of target turtlebot3_drive[0m
[1.053s] [100%] Built target turtlebot3_drive
[1.062s] Invoked command in '/home/cgcollins91/Projects/ENPME661_Project03_Phase02/project3_ws/build/turtlebot3_project3' returned '0': CMAKE_PREFIX_PATH=/home/cgcollins91/Projects/ENPME661_Project03_Phase02/falcon_sim/ROS2/falcon_turtlebot3_project_ws/src/install/astar_falcon_planner:/opt/ros/humble /usr/bin/cmake --build /home/cgcollins91/Projects/ENPME661_Project03_Phase02/project3_ws/build/turtlebot3_project3 -- -j16 -l16
[1.069s] Invoking command in '/home/cgcollins91/Projects/ENPME661_Project03_Phase02/project3_ws/build/turtlebot3_project3': CMAKE_PREFIX_PATH=/home/cgcollins91/Projects/ENPME661_Project03_Phase02/falcon_sim/ROS2/falcon_turtlebot3_project_ws/src/install/astar_falcon_planner:/opt/ros/humble /usr/bin/cmake --install /home/cgcollins91/Projects/ENPME661_Project03_Phase02/project3_ws/build/turtlebot3_project3
[1.075s] -- Install configuration: ""
[1.075s] -- Execute custom install script
[1.075s] -- Up-to-date symlink: /home/cgcollins91/Projects/ENPME661_Project03_Phase02/project3_ws/install/turtlebot3_project3/lib/turtlebot3_project3/turtlebot3_drive
[1.075s] -- Up-to-date symlink: /home/cgcollins91/Projects/ENPME661_Project03_Phase02/project3_ws/install/turtlebot3_project3/share/turtlebot3_project3//launch/competition_world.launch.py
[1.075s] -- Up-to-date symlink: /home/cgcollins91/Projects/ENPME661_Project03_Phase02/project3_ws/install/turtlebot3_project3/share/turtlebot3_project3//launch/empty_world.launch.py
[1.075s] -- Up-to-date symlink: /home/cgcollins91/Projects/ENPME661_Project03_Phase02/project3_ws/install/turtlebot3_project3/share/turtlebot3_project3//launch/robot_state_publisher.launch.py
[1.075s] -- Up-to-date symlink: /home/cgcollins91/Projects/ENPME661_Project03_Phase02/project3_ws/install/turtlebot3_project3/share/turtlebot3_project3//launch/spawn_turtlebot3.launch.py
[1.076s] -- Up-to-date symlink: /home/cgcollins91/Projects/ENPME661_Project03_Phase02/project3_ws/install/turtlebot3_project3/share/turtlebot3_project3//models/project3/meshes/project3-world.STL
[1.076s] -- Up-to-date symlink: /home/cgcollins91/Projects/ENPME661_Project03_Phase02/project3_ws/install/turtlebot3_project3/share/turtlebot3_project3//models/project3/meshes/project3.STL
[1.076s] -- Up-to-date symlink: /home/cgcollins91/Projects/ENPME661_Project03_Phase02/project3_ws/install/turtlebot3_project3/share/turtlebot3_project3//models/project3/model.config
[1.076s] -- Up-to-date symlink: /home/cgcollins91/Projects/ENPME661_Project03_Phase02/project3_ws/install/turtlebot3_project3/share/turtlebot3_project3//models/project3/model.sdf
[1.076s] -- Up-to-date symlink: /home/cgcollins91/Projects/ENPME661_Project03_Phase02/project3_ws/install/turtlebot3_project3/share/turtlebot3_project3//models/turtlebot3_common/meshes/burger_base.dae
[1.076s] -- Up-to-date symlink: /home/cgcollins91/Projects/ENPME661_Project03_Phase02/project3_ws/install/turtlebot3_project3/share/turtlebot3_project3//models/turtlebot3_common/meshes/lds.dae
[1.076s] -- Up-to-date symlink: /home/cgcollins91/Projects/ENPME661_Project03_Phase02/project3_ws/install/turtlebot3_project3/share/turtlebot3_project3//models/turtlebot3_common/meshes/r200.dae
[1.076s] -- Up-to-date symlink: /home/cgcollins91/Projects/ENPME661_Project03_Phase02/project3_ws/install/turtlebot3_project3/share/turtlebot3_project3//models/turtlebot3_common/meshes/tire.dae
[1.076s] -- Up-to-date symlink: /home/cgcollins91/Projects/ENPME661_Project03_Phase02/project3_ws/install/turtlebot3_project3/share/turtlebot3_project3//models/turtlebot3_common/meshes/waffle_base.dae
[1.076s] -- Up-to-date symlink: /home/cgcollins91/Projects/ENPME661_Project03_Phase02/project3_ws/install/turtlebot3_project3/share/turtlebot3_project3//models/turtlebot3_common/meshes/waffle_pi_base.dae
[1.076s] -- Up-to-date symlink: /home/cgcollins91/Projects/ENPME661_Project03_Phase02/project3_ws/install/turtlebot3_project3/share/turtlebot3_project3//models/turtlebot3_common/model.config
[1.077s] -- Up-to-date symlink: /home/cgcollins91/Projects/ENPME661_Project03_Phase02/project3_ws/install/turtlebot3_project3/share/turtlebot3_project3//models/turtlebot3_waffle/model-1_4.sdf
[1.077s] -- Up-to-date symlink: /home/cgcollins91/Projects/ENPME661_Project03_Phase02/project3_ws/install/turtlebot3_project3/share/turtlebot3_project3//models/turtlebot3_waffle/model.config
[1.077s] -- Up-to-date symlink: /home/cgcollins91/Projects/ENPME661_Project03_Phase02/project3_ws/install/turtlebot3_project3/share/turtlebot3_project3//models/turtlebot3_waffle/model.sdf
[1.077s] -- Up-to-date symlink: /home/cgcollins91/Projects/ENPME661_Project03_Phase02/project3_ws/install/turtlebot3_project3/share/turtlebot3_project3//models/turtlebot3_world/meshes/hexagon.dae
[1.077s] -- Up-to-date symlink: /home/cgcollins91/Projects/ENPME661_Project03_Phase02/project3_ws/install/turtlebot3_project3/share/turtlebot3_project3//models/turtlebot3_world/meshes/wall.dae
[1.077s] -- Up-to-date symlink: /home/cgcollins91/Projects/ENPME661_Project03_Phase02/project3_ws/install/turtlebot3_project3/share/turtlebot3_project3//models/turtlebot3_world/model-1_4.sdf
[1.077s] -- Up-to-date symlink: /home/cgcollins91/Projects/ENPME661_Project03_Phase02/project3_ws/install/turtlebot3_project3/share/turtlebot3_project3//models/turtlebot3_world/model.config
[1.077s] -- Up-to-date symlink: /home/cgcollins91/Projects/ENPME661_Project03_Phase02/project3_ws/install/turtlebot3_project3/share/turtlebot3_project3//models/turtlebot3_world/model.sdf
[1.077s] -- Up-to-date symlink: /home/cgcollins91/Projects/ENPME661_Project03_Phase02/project3_ws/install/turtlebot3_project3/share/turtlebot3_project3//rviz/tb3_gazebo.rviz
[1.077s] -- Up-to-date symlink: /home/cgcollins91/Projects/ENPME661_Project03_Phase02/project3_ws/install/turtlebot3_project3/share/turtlebot3_project3//urdf/common_properties.urdf
[1.077s] -- Up-to-date symlink: /home/cgcollins91/Projects/ENPME661_Project03_Phase02/project3_ws/install/turtlebot3_project3/share/turtlebot3_project3//urdf/turtlebot3_waffle.urdf
[1.077s] -- Up-to-date symlink: /home/cgcollins91/Projects/ENPME661_Project03_Phase02/project3_ws/install/turtlebot3_project3/share/turtlebot3_project3//worlds/competition_world.world
[1.077s] -- Up-to-date symlink: /home/cgcollins91/Projects/ENPME661_Project03_Phase02/project3_ws/install/turtlebot3_project3/share/turtlebot3_project3//worlds/empty_world.world
[1.078s] -- Up-to-date symlink: /home/cgcollins91/Projects/ENPME661_Project03_Phase02/project3_ws/install/turtlebot3_project3/include//turtlebot3_project3/turtlebot3_drive.hpp
[1.078s] -- Up-to-date symlink: /home/cgcollins91/Projects/ENPME661_Project03_Phase02/project3_ws/install/turtlebot3_project3/lib/turtlebot3_project3/teleop.py
[1.078s] -- Up-to-date symlink: /home/cgcollins91/Projects/ENPME661_Project03_Phase02/project3_ws/install/turtlebot3_project3/lib/turtlebot3_project3/path_planning.py
[1.078s] -- Up-to-date symlink: /home/cgcollins91/Projects/ENPME661_Project03_Phase02/project3_ws/install/turtlebot3_project3/lib/turtlebot3_project3/controller.py
[1.078s] -- Up-to-date symlink: /home/cgcollins91/Projects/ENPME661_Project03_Phase02/project3_ws/install/turtlebot3_project3/lib/turtlebot3_project3/odom_subscriber.py
[1.078s] -- Up-to-date symlink: /home/cgcollins91/Projects/ENPME661_Project03_Phase02/project3_ws/install/turtlebot3_project3/share/ament_index/resource_index/package_run_dependencies/turtlebot3_project3
[1.078s] -- Up-to-date symlink: /home/cgcollins91/Projects/ENPME661_Project03_Phase02/project3_ws/install/turtlebot3_project3/share/ament_index/resource_index/parent_prefix_path/turtlebot3_project3
[1.078s] -- Up-to-date symlink: /home/cgcollins91/Projects/ENPME661_Project03_Phase02/project3_ws/install/turtlebot3_project3/share/turtlebot3_project3/environment/ament_prefix_path.sh
[1.078s] -- Up-to-date symlink: /home/cgcollins91/Projects/ENPME661_Project03_Phase02/project3_ws/install/turtlebot3_project3/share/turtlebot3_project3/environment/ament_prefix_path.dsv
[1.079s] -- Up-to-date symlink: /home/cgcollins91/Projects/ENPME661_Project03_Phase02/project3_ws/install/turtlebot3_project3/share/turtlebot3_project3/environment/path.sh
[1.079s] -- Up-to-date symlink: /home/cgcollins91/Projects/ENPME661_Project03_Phase02/project3_ws/install/turtlebot3_project3/share/turtlebot3_project3/environment/path.dsv
[1.079s] -- Up-to-date symlink: /home/cgcollins91/Projects/ENPME661_Project03_Phase02/project3_ws/install/turtlebot3_project3/share/turtlebot3_project3/local_setup.bash
[1.079s] -- Up-to-date symlink: /home/cgcollins91/Projects/ENPME661_Project03_Phase02/project3_ws/install/turtlebot3_project3/share/turtlebot3_project3/local_setup.sh
[1.079s] -- Up-to-date symlink: /home/cgcollins91/Projects/ENPME661_Project03_Phase02/project3_ws/install/turtlebot3_project3/share/turtlebot3_project3/local_setup.zsh
[1.079s] -- Up-to-date symlink: /home/cgcollins91/Projects/ENPME661_Project03_Phase02/project3_ws/install/turtlebot3_project3/share/turtlebot3_project3/local_setup.dsv
[1.079s] -- Symlinking: /home/cgcollins91/Projects/ENPME661_Project03_Phase02/project3_ws/install/turtlebot3_project3/share/turtlebot3_project3/package.dsv
[1.085s] -- Up-to-date symlink: /home/cgcollins91/Projects/ENPME661_Project03_Phase02/project3_ws/install/turtlebot3_project3/share/ament_index/resource_index/packages/turtlebot3_project3
[1.085s] -- Up-to-date symlink: /home/cgcollins91/Projects/ENPME661_Project03_Phase02/project3_ws/install/turtlebot3_project3/share/turtlebot3_project3/cmake/ament_cmake_export_include_directories-extras.cmake
[1.085s] -- Up-to-date symlink: /home/cgcollins91/Projects/ENPME661_Project03_Phase02/project3_ws/install/turtlebot3_project3/share/turtlebot3_project3/cmake/ament_cmake_export_dependencies-extras.cmake
[1.086s] -- Up-to-date symlink: /home/cgcollins91/Projects/ENPME661_Project03_Phase02/project3_ws/install/turtlebot3_project3/share/turtlebot3_project3/cmake/turtlebot3_project3Config.cmake
[1.086s] -- Up-to-date symlink: /home/cgcollins91/Projects/ENPME661_Project03_Phase02/project3_ws/install/turtlebot3_project3/share/turtlebot3_project3/cmake/turtlebot3_project3Config-version.cmake
[1.086s] -- Up-to-date symlink: /home/cgcollins91/Projects/ENPME661_Project03_Phase02/project3_ws/install/turtlebot3_project3/share/turtlebot3_project3/package.xml
[1.086s] -- Up-to-date: /home/cgcollins91/Projects/ENPME661_Project03_Phase02/project3_ws/install/turtlebot3_project3/share/turtlebot3_project3/scripts
[1.086s] -- Installing: /home/cgcollins91/Projects/ENPME661_Project03_Phase02/project3_ws/install/turtlebot3_project3/share/turtlebot3_project3/scripts/waypoints.csv
[1.088s] Invoked command in '/home/cgcollins91/Projects/ENPME661_Project03_Phase02/project3_ws/build/turtlebot3_project3' returned '0': CMAKE_PREFIX_PATH=/home/cgcollins91/Projects/ENPME661_Project03_Phase02/falcon_sim/ROS2/falcon_turtlebot3_project_ws/src/install/astar_falcon_planner:/opt/ros/humble /usr/bin/cmake --install /home/cgcollins91/Projects/ENPME661_Project03_Phase02/project3_ws/build/turtlebot3_project3
