[0.008s] Invoking command in '/home/cgcollins91/projects/ENPME661_Project03_Phase02/project3_ws/build/turtlebot3_project3': CMAKE_PREFIX_PATH=/opt/ros/galactic /usr/bin/cmake /home/cgcollins91/projects/ENPME661_Project03_Phase02/project3_ws/src -DAMENT_CMAKE_SYMLINK_INSTALL=1 -DCMAKE_INSTALL_PREFIX=/home/cgcollins91/projects/ENPME661_Project03_Phase02/project3_ws/install/turtlebot3_project3
[0.019s] -- Found ament_cmake: 1.1.6 (/opt/ros/galactic/share/ament_cmake/cmake)
[0.035s] -- Using PYTHON_EXECUTABLE: /usr/bin/python3
[0.069s] -- Override CMake install command with custom implementation using symlinks instead of copying resources
[0.110s] -- Found DART: /usr/include (Required is at least version "6.6") found components: dart 
[0.132s] -- Found Protobuf: /usr/lib/x86_64-linux-gnu/libprotobuf.so;-lpthread (found version "3.6.1") 
[0.133s] -- Looking for ignition-math6 -- found version 6.15.1
[0.138s] -- Searching for dependencies of ignition-math6
[0.140s] -- Looking for OGRE...
[0.143s] -- Found Ogre Ghadamon (1.9.0)
[0.143s] -- Found OGRE: optimized;/usr/lib/x86_64-linux-gnu/libOgreMain.so;debug;/usr/lib/x86_64-linux-gnu/libOgreMain.so
[0.149s] -- Looking for OGRE_Paging...
[0.149s] -- Found OGRE_Paging: optimized;/usr/lib/x86_64-linux-gnu/libOgrePaging.so;debug;/usr/lib/x86_64-linux-gnu/libOgrePaging.so
[0.149s] -- Looking for OGRE_Terrain...
[0.149s] -- Found OGRE_Terrain: optimized;/usr/lib/x86_64-linux-gnu/libOgreTerrain.so;debug;/usr/lib/x86_64-linux-gnu/libOgreTerrain.so
[0.149s] -- Looking for OGRE_Property...
[0.149s] -- Found OGRE_Property: optimized;/usr/lib/x86_64-linux-gnu/libOgreProperty.so;debug;/usr/lib/x86_64-linux-gnu/libOgreProperty.so
[0.149s] -- Looking for OGRE_RTShaderSystem...
[0.149s] -- Found OGRE_RTShaderSystem: optimized;/usr/lib/x86_64-linux-gnu/libOgreRTShaderSystem.so;debug;/usr/lib/x86_64-linux-gnu/libOgreRTShaderSystem.so
[0.149s] -- Looking for OGRE_Volume...
[0.149s] -- Found OGRE_Volume: optimized;/usr/lib/x86_64-linux-gnu/libOgreVolume.so;debug;/usr/lib/x86_64-linux-gnu/libOgreVolume.so
[0.149s] -- Looking for OGRE_Overlay...
[0.149s] -- Found OGRE_Overlay: optimized;/usr/lib/x86_64-linux-gnu/libOgreOverlay.so;debug;/usr/lib/x86_64-linux-gnu/libOgreOverlay.so
[0.226s] -- Looking for ignition-math6 -- found version 6.15.1
[0.226s] -- Looking for ignition-transport8 -- found version 8.5.0
[0.226s] -- Searching for dependencies of ignition-transport8
[0.247s] -- Config-file not installed for ZeroMQ -- checking for pkg-config
[0.250s] -- Checking for module 'libzmq >= 4'
[0.263s] --   Found libzmq , version 4.3.2
[0.302s] -- Checking for module 'uuid'
[0.316s] --   Found uuid, version 2.34.0
[0.356s] -- Looking for ignition-msgs5 -- found version 5.11.0
[0.357s] -- Searching for dependencies of ignition-msgs5
[0.375s] -- Found Protobuf: /usr/lib/x86_64-linux-gnu/libprotobuf.so;-lpthread (found suitable version "3.6.1", minimum required is "3") 
[0.375s] -- Looking for ignition-math6 -- found version 6.15.1
[0.379s] -- Checking for module 'tinyxml2'
[0.394s] --   Found tinyxml2, version 6.2.0
[0.435s] -- Looking for ignition-msgs5 -- found version 5.11.0
[0.436s] -- Looking for ignition-common3 -- found version 3.17.0
[0.436s] -- Searching for dependencies of ignition-common3
[0.436s] -- Looking for dlfcn.h - found
[0.436s] -- Looking for libdl - found
[0.442s] -- Searching for <ignition-common3> component [graphics]
[0.442s] -- Looking for ignition-common3-graphics -- found version 3.17.0
[0.442s] -- Searching for dependencies of ignition-common3-graphics
[0.443s] -- Looking for ignition-math6 -- found version 6.15.1
[0.443s] -- Looking for ignition-fuel_tools4 -- found version 4.9.1
[0.443s] -- Searching for dependencies of ignition-fuel_tools4
[0.463s] -- Checking for module 'jsoncpp'
[0.474s] --   Found jsoncpp, version 1.7.4
[0.519s] -- Checking for module 'libzip'
[0.533s] --   Found libzip, version 1.5.1
[0.573s] -- Looking for ignition-common3 -- found version 3.17.0
[0.574s] -- Looking for ignition-math6 -- found version 6.15.1
[0.574s] -- Looking for ignition-msgs5 -- found version 5.11.0
[0.575s] -- Found gazebo_ros_pkgs: 3.5.2 (/opt/ros/galactic/share/gazebo_ros_pkgs/cmake)
[0.575s] -- Found geometry_msgs: 2.2.4 (/opt/ros/galactic/share/geometry_msgs/cmake)
[0.585s] -- Using all available rosidl_typesupport_c: rosidl_typesupport_fastrtps_c;rosidl_typesupport_introspection_c
[0.587s] -- Found rosidl_adapter: 2.2.3 (/opt/ros/galactic/share/rosidl_adapter/cmake)
[0.661s] -- Using all available rosidl_typesupport_cpp: rosidl_typesupport_fastrtps_cpp;rosidl_typesupport_introspection_cpp
[0.703s] -- Found nav_msgs: 2.2.4 (/opt/ros/galactic/share/nav_msgs/cmake)
[0.740s] -- Found rclcpp: 9.2.2 (/opt/ros/galactic/share/rclcpp/cmake)
[0.761s] -- Found rmw_implementation_cmake: 3.3.1 (/opt/ros/galactic/share/rmw_implementation_cmake/cmake)
[0.762s] -- Found rmw_cyclonedds_cpp: 0.22.6 (/opt/ros/galactic/share/rmw_cyclonedds_cpp/cmake)
[0.772s] -- Using RMW implementation 'rmw_cyclonedds_cpp' as default
[0.840s] -- Found sensor_msgs: 2.2.4 (/opt/ros/galactic/share/sensor_msgs/cmake)
[0.878s] -- Found tf2: 0.17.5 (/opt/ros/galactic/share/tf2/cmake)
[0.926s] -- Configuring done
[0.933s] -- Generating done
[0.936s] -- Build files have been written to: /home/cgcollins91/projects/ENPME661_Project03_Phase02/project3_ws/build/turtlebot3_project3
[0.941s] Invoked command in '/home/cgcollins91/projects/ENPME661_Project03_Phase02/project3_ws/build/turtlebot3_project3' returned '0': CMAKE_PREFIX_PATH=/opt/ros/galactic /usr/bin/cmake /home/cgcollins91/projects/ENPME661_Project03_Phase02/project3_ws/src -DAMENT_CMAKE_SYMLINK_INSTALL=1 -DCMAKE_INSTALL_PREFIX=/home/cgcollins91/projects/ENPME661_Project03_Phase02/project3_ws/install/turtlebot3_project3
[0.943s] Invoking command in '/home/cgcollins91/projects/ENPME661_Project03_Phase02/project3_ws/build/turtlebot3_project3': CMAKE_PREFIX_PATH=/opt/ros/galactic /usr/bin/cmake --build /home/cgcollins91/projects/ENPME661_Project03_Phase02/project3_ws/build/turtlebot3_project3 -- -j16 -l16
[0.995s] [ 50%] [32m[1mLinking CXX executable turtlebot3_drive[0m
[1.223s] [100%] Built target turtlebot3_drive
[1.235s] Invoked command in '/home/cgcollins91/projects/ENPME661_Project03_Phase02/project3_ws/build/turtlebot3_project3' returned '0': CMAKE_PREFIX_PATH=/opt/ros/galactic /usr/bin/cmake --build /home/cgcollins91/projects/ENPME661_Project03_Phase02/project3_ws/build/turtlebot3_project3 -- -j16 -l16
[1.243s] Invoking command in '/home/cgcollins91/projects/ENPME661_Project03_Phase02/project3_ws/build/turtlebot3_project3': CMAKE_PREFIX_PATH=/opt/ros/galactic /usr/bin/cmake --install /home/cgcollins91/projects/ENPME661_Project03_Phase02/project3_ws/build/turtlebot3_project3
[1.250s] -- Install configuration: ""
[1.251s] -- Execute custom install script
[1.251s] -- Symlinking: /home/cgcollins91/projects/ENPME661_Project03_Phase02/project3_ws/install/turtlebot3_project3/lib/turtlebot3_project3/turtlebot3_drive
[1.261s] -- Symlinking: /home/cgcollins91/projects/ENPME661_Project03_Phase02/project3_ws/install/turtlebot3_project3/share/turtlebot3_project3//launch/competition_world.launch.py
[1.269s] -- Symlinking: /home/cgcollins91/projects/ENPME661_Project03_Phase02/project3_ws/install/turtlebot3_project3/share/turtlebot3_project3//launch/empty_world.launch.py
[1.278s] -- Symlinking: /home/cgcollins91/projects/ENPME661_Project03_Phase02/project3_ws/install/turtlebot3_project3/share/turtlebot3_project3//launch/robot_state_publisher.launch.py
[1.284s] -- Symlinking: /home/cgcollins91/projects/ENPME661_Project03_Phase02/project3_ws/install/turtlebot3_project3/share/turtlebot3_project3//launch/spawn_turtlebot3.launch.py
[1.291s] -- Symlinking: /home/cgcollins91/projects/ENPME661_Project03_Phase02/project3_ws/install/turtlebot3_project3/share/turtlebot3_project3//models/project3/meshes/project3-world.STL
[1.297s] -- Symlinking: /home/cgcollins91/projects/ENPME661_Project03_Phase02/project3_ws/install/turtlebot3_project3/share/turtlebot3_project3//models/project3/meshes/project3.STL
[1.303s] -- Symlinking: /home/cgcollins91/projects/ENPME661_Project03_Phase02/project3_ws/install/turtlebot3_project3/share/turtlebot3_project3//models/project3/model.config
[1.309s] -- Symlinking: /home/cgcollins91/projects/ENPME661_Project03_Phase02/project3_ws/install/turtlebot3_project3/share/turtlebot3_project3//models/project3/model.sdf
[1.314s] -- Symlinking: /home/cgcollins91/projects/ENPME661_Project03_Phase02/project3_ws/install/turtlebot3_project3/share/turtlebot3_project3//models/turtlebot3_common/meshes/burger_base.dae
[1.322s] -- Symlinking: /home/cgcollins91/projects/ENPME661_Project03_Phase02/project3_ws/install/turtlebot3_project3/share/turtlebot3_project3//models/turtlebot3_common/meshes/lds.dae
[1.327s] -- Symlinking: /home/cgcollins91/projects/ENPME661_Project03_Phase02/project3_ws/install/turtlebot3_project3/share/turtlebot3_project3//models/turtlebot3_common/meshes/r200.dae
[1.335s] -- Symlinking: /home/cgcollins91/projects/ENPME661_Project03_Phase02/project3_ws/install/turtlebot3_project3/share/turtlebot3_project3//models/turtlebot3_common/meshes/tire.dae
[1.341s] -- Symlinking: /home/cgcollins91/projects/ENPME661_Project03_Phase02/project3_ws/install/turtlebot3_project3/share/turtlebot3_project3//models/turtlebot3_common/meshes/waffle_base.dae
[1.349s] -- Symlinking: /home/cgcollins91/projects/ENPME661_Project03_Phase02/project3_ws/install/turtlebot3_project3/share/turtlebot3_project3//models/turtlebot3_common/meshes/waffle_pi_base.dae
[1.358s] -- Symlinking: /home/cgcollins91/projects/ENPME661_Project03_Phase02/project3_ws/install/turtlebot3_project3/share/turtlebot3_project3//models/turtlebot3_common/model.config
[1.364s] -- Symlinking: /home/cgcollins91/projects/ENPME661_Project03_Phase02/project3_ws/install/turtlebot3_project3/share/turtlebot3_project3//models/turtlebot3_waffle/model-1_4.sdf
[1.369s] -- Symlinking: /home/cgcollins91/projects/ENPME661_Project03_Phase02/project3_ws/install/turtlebot3_project3/share/turtlebot3_project3//models/turtlebot3_waffle/model.config
[1.378s] -- Symlinking: /home/cgcollins91/projects/ENPME661_Project03_Phase02/project3_ws/install/turtlebot3_project3/share/turtlebot3_project3//models/turtlebot3_waffle/model.sdf
[1.386s] -- Symlinking: /home/cgcollins91/projects/ENPME661_Project03_Phase02/project3_ws/install/turtlebot3_project3/share/turtlebot3_project3//models/turtlebot3_world/meshes/hexagon.dae
[1.394s] -- Symlinking: /home/cgcollins91/projects/ENPME661_Project03_Phase02/project3_ws/install/turtlebot3_project3/share/turtlebot3_project3//models/turtlebot3_world/meshes/wall.dae
[1.403s] -- Symlinking: /home/cgcollins91/projects/ENPME661_Project03_Phase02/project3_ws/install/turtlebot3_project3/share/turtlebot3_project3//models/turtlebot3_world/model-1_4.sdf
[1.412s] -- Symlinking: /home/cgcollins91/projects/ENPME661_Project03_Phase02/project3_ws/install/turtlebot3_project3/share/turtlebot3_project3//models/turtlebot3_world/model.config
[1.417s] -- Symlinking: /home/cgcollins91/projects/ENPME661_Project03_Phase02/project3_ws/install/turtlebot3_project3/share/turtlebot3_project3//models/turtlebot3_world/model.sdf
[1.423s] -- Symlinking: /home/cgcollins91/projects/ENPME661_Project03_Phase02/project3_ws/install/turtlebot3_project3/share/turtlebot3_project3//rviz/tb3_gazebo.rviz
[1.431s] -- Symlinking: /home/cgcollins91/projects/ENPME661_Project03_Phase02/project3_ws/install/turtlebot3_project3/share/turtlebot3_project3//urdf/common_properties.urdf
[1.436s] -- Symlinking: /home/cgcollins91/projects/ENPME661_Project03_Phase02/project3_ws/install/turtlebot3_project3/share/turtlebot3_project3//urdf/turtlebot3_waffle.urdf
[1.445s] -- Symlinking: /home/cgcollins91/projects/ENPME661_Project03_Phase02/project3_ws/install/turtlebot3_project3/share/turtlebot3_project3//worlds/competition_world.world
[1.451s] -- Symlinking: /home/cgcollins91/projects/ENPME661_Project03_Phase02/project3_ws/install/turtlebot3_project3/share/turtlebot3_project3//worlds/empty_world.world
[1.459s] -- Symlinking: /home/cgcollins91/projects/ENPME661_Project03_Phase02/project3_ws/install/turtlebot3_project3/include//turtlebot3_project3/turtlebot3_drive.hpp
[1.467s] -- Symlinking: /home/cgcollins91/projects/ENPME661_Project03_Phase02/project3_ws/install/turtlebot3_project3/lib/turtlebot3_project3/teleop.py
[1.474s] -- Symlinking: /home/cgcollins91/projects/ENPME661_Project03_Phase02/project3_ws/install/turtlebot3_project3/lib/turtlebot3_project3/path_planning.py
[1.483s] -- Symlinking: /home/cgcollins91/projects/ENPME661_Project03_Phase02/project3_ws/install/turtlebot3_project3/lib/turtlebot3_project3/controller.py
[1.490s] -- Symlinking: /home/cgcollins91/projects/ENPME661_Project03_Phase02/project3_ws/install/turtlebot3_project3/lib/turtlebot3_project3/odom_subscriber.py
[1.496s] -- Symlinking: /home/cgcollins91/projects/ENPME661_Project03_Phase02/project3_ws/install/turtlebot3_project3/share/ament_index/resource_index/package_run_dependencies/turtlebot3_project3
[1.503s] -- Symlinking: /home/cgcollins91/projects/ENPME661_Project03_Phase02/project3_ws/install/turtlebot3_project3/share/ament_index/resource_index/parent_prefix_path/turtlebot3_project3
[1.512s] -- Symlinking: /home/cgcollins91/projects/ENPME661_Project03_Phase02/project3_ws/install/turtlebot3_project3/share/turtlebot3_project3/environment/ament_prefix_path.sh
[1.517s] -- Symlinking: /home/cgcollins91/projects/ENPME661_Project03_Phase02/project3_ws/install/turtlebot3_project3/share/turtlebot3_project3/environment/ament_prefix_path.dsv
[1.525s] -- Symlinking: /home/cgcollins91/projects/ENPME661_Project03_Phase02/project3_ws/install/turtlebot3_project3/share/turtlebot3_project3/environment/path.sh
[1.530s] -- Symlinking: /home/cgcollins91/projects/ENPME661_Project03_Phase02/project3_ws/install/turtlebot3_project3/share/turtlebot3_project3/environment/path.dsv
[1.535s] -- Symlinking: /home/cgcollins91/projects/ENPME661_Project03_Phase02/project3_ws/install/turtlebot3_project3/share/turtlebot3_project3/local_setup.bash
[1.544s] -- Symlinking: /home/cgcollins91/projects/ENPME661_Project03_Phase02/project3_ws/install/turtlebot3_project3/share/turtlebot3_project3/local_setup.sh
[1.550s] -- Symlinking: /home/cgcollins91/projects/ENPME661_Project03_Phase02/project3_ws/install/turtlebot3_project3/share/turtlebot3_project3/local_setup.zsh
[1.556s] -- Symlinking: /home/cgcollins91/projects/ENPME661_Project03_Phase02/project3_ws/install/turtlebot3_project3/share/turtlebot3_project3/local_setup.dsv
[1.562s] -- Symlinking: /home/cgcollins91/projects/ENPME661_Project03_Phase02/project3_ws/install/turtlebot3_project3/share/turtlebot3_project3/package.dsv
[1.570s] -- Symlinking: /home/cgcollins91/projects/ENPME661_Project03_Phase02/project3_ws/install/turtlebot3_project3/share/ament_index/resource_index/packages/turtlebot3_project3
[1.576s] -- Symlinking: /home/cgcollins91/projects/ENPME661_Project03_Phase02/project3_ws/install/turtlebot3_project3/share/turtlebot3_project3/cmake/ament_cmake_export_include_directories-extras.cmake
[1.584s] -- Symlinking: /home/cgcollins91/projects/ENPME661_Project03_Phase02/project3_ws/install/turtlebot3_project3/share/turtlebot3_project3/cmake/ament_cmake_export_dependencies-extras.cmake
[1.589s] -- Symlinking: /home/cgcollins91/projects/ENPME661_Project03_Phase02/project3_ws/install/turtlebot3_project3/share/turtlebot3_project3/cmake/turtlebot3_project3Config.cmake
[1.598s] -- Symlinking: /home/cgcollins91/projects/ENPME661_Project03_Phase02/project3_ws/install/turtlebot3_project3/share/turtlebot3_project3/cmake/turtlebot3_project3Config-version.cmake
[1.603s] -- Symlinking: /home/cgcollins91/projects/ENPME661_Project03_Phase02/project3_ws/install/turtlebot3_project3/share/turtlebot3_project3/package.xml
[1.614s] Invoked command in '/home/cgcollins91/projects/ENPME661_Project03_Phase02/project3_ws/build/turtlebot3_project3' returned '0': CMAKE_PREFIX_PATH=/opt/ros/galactic /usr/bin/cmake --install /home/cgcollins91/projects/ENPME661_Project03_Phase02/project3_ws/build/turtlebot3_project3
