[0.008s] Invoking command in '/home/cgcollins91/projects/ENPME661_Project03_Phase02/project3_ws/src/build/turtlebot3_project3': CMAKE_PREFIX_PATH=${CMAKE_PREFIX_PATH}:/opt/ros/galactic /usr/bin/cmake /home/cgcollins91/projects/ENPME661_Project03_Phase02/project3_ws/src -DAMENT_CMAKE_SYMLINK_INSTALL=1 -DCMAKE_INSTALL_PREFIX=/home/cgcollins91/projects/ENPME661_Project03_Phase02/project3_ws/src/install/turtlebot3_project3
[0.053s] -- The C compiler identification is GNU 9.4.0
[0.098s] -- The CXX compiler identification is GNU 9.4.0
[0.102s] -- Check for working C compiler: /usr/bin/cc
[0.160s] -- Check for working C compiler: /usr/bin/cc -- works
[0.160s] -- Detecting C compiler ABI info
[0.214s] -- Detecting C compiler ABI info - done
[0.221s] -- Detecting C compile features
[0.221s] -- Detecting C compile features - done
[0.223s] -- Check for working CXX compiler: /usr/bin/c++
[0.288s] -- Check for working CXX compiler: /usr/bin/c++ -- works
[0.289s] -- Detecting CXX compiler ABI info
[0.353s] -- Detecting CXX compiler ABI info - done
[0.363s] -- Detecting CXX compile features
[0.363s] -- Detecting CXX compile features - done
[0.365s] -- Found ament_cmake: 1.1.6 (/opt/ros/galactic/share/ament_cmake/cmake)
[0.381s] -- Found PythonInterp: /usr/bin/python3 (found suitable version "3.8.10", minimum required is "3") 
[0.381s] -- Using PYTHON_EXECUTABLE: /usr/bin/python3
[0.410s] -- Override CMake install command with custom implementation using symlinks instead of copying resources
[0.429s] -- Found PkgConfig: /usr/bin/pkg-config (found version "0.29.1") 
[0.432s] -- Checking for module 'bullet>=2.82'
[0.446s] --   Found bullet, version 2.88
[0.552s] -- Found ccd: /usr/include (found suitable version "2.0", minimum required is "2.0") 
[0.606s] -- Found fcl: /usr/include (found suitable version "0.5.0", minimum required is "0.3.2") 
[0.664s] -- Found assimp: /usr/include (found version "5.0.0") 
[0.680s] -- Found DART: /usr/include (Required is at least version "6.6") found components: dart 
[0.927s] -- Found Boost: /usr/lib/x86_64-linux-gnu/cmake/Boost-1.71.0/BoostConfig.cmake (found suitable version "1.71.0", minimum required is "1.40.0") found components: thread system filesystem program_options regex iostreams date_time 
[0.941s] -- Found Protobuf: /usr/lib/x86_64-linux-gnu/libprotobuf.so;-lpthread (found version "3.6.1") 
[0.944s] -- Looking for ignition-math6 -- found version 6.15.1
[0.948s] -- Searching for dependencies of ignition-math6
[0.949s] -- Looking for OGRE...
[0.949s] -- OGRE_PREFIX_WATCH changed.
[0.952s] -- Checking for module 'OGRE'
[0.968s] --   Found OGRE, version 1.9.0
[1.007s] -- Found Ogre Ghadamon (1.9.0)
[1.015s] -- Found OGRE: optimized;/usr/lib/x86_64-linux-gnu/libOgreMain.so;debug;/usr/lib/x86_64-linux-gnu/libOgreMain.so
[1.020s] -- Looking for OGRE_Paging...
[1.024s] -- Found OGRE_Paging: optimized;/usr/lib/x86_64-linux-gnu/libOgrePaging.so;debug;/usr/lib/x86_64-linux-gnu/libOgrePaging.so
[1.024s] -- Looking for OGRE_Terrain...
[1.027s] -- Found OGRE_Terrain: optimized;/usr/lib/x86_64-linux-gnu/libOgreTerrain.so;debug;/usr/lib/x86_64-linux-gnu/libOgreTerrain.so
[1.027s] -- Looking for OGRE_Property...
[1.031s] -- Found OGRE_Property: optimized;/usr/lib/x86_64-linux-gnu/libOgreProperty.so;debug;/usr/lib/x86_64-linux-gnu/libOgreProperty.so
[1.031s] -- Looking for OGRE_RTShaderSystem...
[1.035s] -- Found OGRE_RTShaderSystem: optimized;/usr/lib/x86_64-linux-gnu/libOgreRTShaderSystem.so;debug;/usr/lib/x86_64-linux-gnu/libOgreRTShaderSystem.so
[1.035s] -- Looking for OGRE_Volume...
[1.038s] -- Found OGRE_Volume: optimized;/usr/lib/x86_64-linux-gnu/libOgreVolume.so;debug;/usr/lib/x86_64-linux-gnu/libOgreVolume.so
[1.038s] -- Looking for OGRE_Overlay...
[1.042s] -- Found OGRE_Overlay: optimized;/usr/lib/x86_64-linux-gnu/libOgreOverlay.so;debug;/usr/lib/x86_64-linux-gnu/libOgreOverlay.so
[1.118s] -- Looking for ignition-math6 -- found version 6.15.1
[1.119s] -- Looking for ignition-transport8 -- found version 8.5.0
[1.119s] -- Searching for dependencies of ignition-transport8
[1.140s] -- Config-file not installed for ZeroMQ -- checking for pkg-config
[1.144s] -- Checking for module 'libzmq >= 4'
[1.160s] --   Found libzmq , version 4.3.2
[1.201s] -- Found ZeroMQ: TRUE (Required is at least version "4") 
[1.205s] -- Checking for module 'uuid'
[1.221s] --   Found uuid, version 2.34.0
[1.260s] -- Found UUID: TRUE  
[1.262s] -- Looking for ignition-msgs5 -- found version 5.11.0
[1.262s] -- Searching for dependencies of ignition-msgs5
[1.277s] -- Found Protobuf: /usr/lib/x86_64-linux-gnu/libprotobuf.so;-lpthread (found suitable version "3.6.1", minimum required is "3") 
[1.278s] -- Looking for ignition-math6 -- found version 6.15.1
[1.281s] -- Checking for module 'tinyxml2'
[1.296s] --   Found tinyxml2, version 6.2.0
[1.337s] -- Looking for ignition-msgs5 -- found version 5.11.0
[1.339s] -- Looking for ignition-common3 -- found version 3.17.0
[1.339s] -- Searching for dependencies of ignition-common3
[1.340s] -- Looking for dlfcn.h - found
[1.340s] -- Looking for libdl - found
[1.342s] -- Found DL: TRUE  
[1.347s] -- Searching for <ignition-common3> component [graphics]
[1.348s] -- Looking for ignition-common3-graphics -- found version 3.17.0
[1.349s] -- Searching for dependencies of ignition-common3-graphics
[1.349s] -- Looking for ignition-math6 -- found version 6.15.1
[1.350s] -- Looking for ignition-fuel_tools4 -- found version 4.9.1
[1.351s] -- Searching for dependencies of ignition-fuel_tools4
[1.418s] -- Found CURL: /usr/lib/x86_64-linux-gnu/libcurl.so (found version "7.68.0")  
[1.423s] -- Checking for module 'jsoncpp'
[1.437s] --   Found jsoncpp, version 1.7.4
[1.472s] -- Found JSONCPP: TRUE  
[1.477s] -- Checking for module 'libzip'
[1.489s] --   Found libzip, version 1.5.1
[1.526s] -- Found ZIP: TRUE  
[1.527s] -- Looking for ignition-common3 -- found version 3.17.0
[1.527s] -- Looking for ignition-math6 -- found version 6.15.1
[1.527s] -- Looking for ignition-msgs5 -- found version 5.11.0
[1.530s] -- Found gazebo_ros_pkgs: 3.5.2 (/opt/ros/galactic/share/gazebo_ros_pkgs/cmake)
[1.531s] -- Found geometry_msgs: 2.2.4 (/opt/ros/galactic/share/geometry_msgs/cmake)
[1.544s] -- Using all available rosidl_typesupport_c: rosidl_typesupport_fastrtps_c;rosidl_typesupport_introspection_c
[1.547s] -- Found rosidl_adapter: 2.2.3 (/opt/ros/galactic/share/rosidl_adapter/cmake)
[1.622s] -- Found OpenSSL: /usr/lib/x86_64-linux-gnu/libcrypto.so (found version "1.1.1f")  
[1.638s] -- Found FastRTPS: /opt/ros/galactic/include  
[1.685s] -- Using all available rosidl_typesupport_cpp: rosidl_typesupport_fastrtps_cpp;rosidl_typesupport_introspection_cpp
[1.730s] -- Found nav_msgs: 2.2.4 (/opt/ros/galactic/share/nav_msgs/cmake)
[1.767s] -- Found rclcpp: 9.2.2 (/opt/ros/galactic/share/rclcpp/cmake)
[1.794s] -- Found rmw_implementation_cmake: 3.3.1 (/opt/ros/galactic/share/rmw_implementation_cmake/cmake)
[1.796s] -- Found rmw_cyclonedds_cpp: 0.22.6 (/opt/ros/galactic/share/rmw_cyclonedds_cpp/cmake)
[1.806s] -- Using RMW implementation 'rmw_cyclonedds_cpp' as default
[1.807s] -- Found Threads: TRUE  
[1.880s] -- Found sensor_msgs: 2.2.4 (/opt/ros/galactic/share/sensor_msgs/cmake)
[1.919s] -- Found tf2: 0.17.5 (/opt/ros/galactic/share/tf2/cmake)
[1.968s] -- Configuring done
[1.974s] -- Generating done
[1.978s] -- Build files have been written to: /home/cgcollins91/projects/ENPME661_Project03_Phase02/project3_ws/src/build/turtlebot3_project3
[1.983s] Invoked command in '/home/cgcollins91/projects/ENPME661_Project03_Phase02/project3_ws/src/build/turtlebot3_project3' returned '0': CMAKE_PREFIX_PATH=${CMAKE_PREFIX_PATH}:/opt/ros/galactic /usr/bin/cmake /home/cgcollins91/projects/ENPME661_Project03_Phase02/project3_ws/src -DAMENT_CMAKE_SYMLINK_INSTALL=1 -DCMAKE_INSTALL_PREFIX=/home/cgcollins91/projects/ENPME661_Project03_Phase02/project3_ws/src/install/turtlebot3_project3
[1.986s] Invoking command in '/home/cgcollins91/projects/ENPME661_Project03_Phase02/project3_ws/src/build/turtlebot3_project3': CMAKE_PREFIX_PATH=${CMAKE_PREFIX_PATH}:/opt/ros/galactic /usr/bin/cmake --build /home/cgcollins91/projects/ENPME661_Project03_Phase02/project3_ws/src/build/turtlebot3_project3 -- -j16 -l16
[2.026s] [35m[1mScanning dependencies of target turtlebot3_drive[0m
[2.066s] [ 50%] [32mBuilding CXX object CMakeFiles/turtlebot3_drive.dir/src/turtlebot3_drive.cpp.o[0m
[6.955s] [100%] [32m[1mLinking CXX executable turtlebot3_drive[0m
[7.175s] [100%] Built target turtlebot3_drive
[7.187s] Invoked command in '/home/cgcollins91/projects/ENPME661_Project03_Phase02/project3_ws/src/build/turtlebot3_project3' returned '0': CMAKE_PREFIX_PATH=${CMAKE_PREFIX_PATH}:/opt/ros/galactic /usr/bin/cmake --build /home/cgcollins91/projects/ENPME661_Project03_Phase02/project3_ws/src/build/turtlebot3_project3 -- -j16 -l16
[7.195s] Invoking command in '/home/cgcollins91/projects/ENPME661_Project03_Phase02/project3_ws/src/build/turtlebot3_project3': CMAKE_PREFIX_PATH=${CMAKE_PREFIX_PATH}:/opt/ros/galactic /usr/bin/cmake --install /home/cgcollins91/projects/ENPME661_Project03_Phase02/project3_ws/src/build/turtlebot3_project3
[7.200s] -- Install configuration: ""
[7.200s] -- Execute custom install script
[7.200s] -- Symlinking: /home/cgcollins91/projects/ENPME661_Project03_Phase02/project3_ws/src/install/turtlebot3_project3/lib/turtlebot3_project3/turtlebot3_drive
[7.209s] -- Symlinking: /home/cgcollins91/projects/ENPME661_Project03_Phase02/project3_ws/src/install/turtlebot3_project3/share/turtlebot3_project3//launch/competition_world.launch.py
[7.214s] -- Symlinking: /home/cgcollins91/projects/ENPME661_Project03_Phase02/project3_ws/src/install/turtlebot3_project3/share/turtlebot3_project3//launch/empty_world.launch.py
[7.223s] -- Symlinking: /home/cgcollins91/projects/ENPME661_Project03_Phase02/project3_ws/src/install/turtlebot3_project3/share/turtlebot3_project3//launch/robot_state_publisher.launch.py
[7.229s] -- Symlinking: /home/cgcollins91/projects/ENPME661_Project03_Phase02/project3_ws/src/install/turtlebot3_project3/share/turtlebot3_project3//launch/spawn_turtlebot3.launch.py
[7.235s] -- Symlinking: /home/cgcollins91/projects/ENPME661_Project03_Phase02/project3_ws/src/install/turtlebot3_project3/share/turtlebot3_project3//models/project3/meshes/project3-world.STL
[7.244s] -- Symlinking: /home/cgcollins91/projects/ENPME661_Project03_Phase02/project3_ws/src/install/turtlebot3_project3/share/turtlebot3_project3//models/project3/meshes/project3.STL
[7.249s] -- Symlinking: /home/cgcollins91/projects/ENPME661_Project03_Phase02/project3_ws/src/install/turtlebot3_project3/share/turtlebot3_project3//models/project3/model.config
[7.255s] -- Symlinking: /home/cgcollins91/projects/ENPME661_Project03_Phase02/project3_ws/src/install/turtlebot3_project3/share/turtlebot3_project3//models/project3/model.sdf
[7.260s] -- Symlinking: /home/cgcollins91/projects/ENPME661_Project03_Phase02/project3_ws/src/install/turtlebot3_project3/share/turtlebot3_project3//models/turtlebot3_common/meshes/burger_base.dae
[7.268s] -- Symlinking: /home/cgcollins91/projects/ENPME661_Project03_Phase02/project3_ws/src/install/turtlebot3_project3/share/turtlebot3_project3//models/turtlebot3_common/meshes/lds.dae
[7.276s] -- Symlinking: /home/cgcollins91/projects/ENPME661_Project03_Phase02/project3_ws/src/install/turtlebot3_project3/share/turtlebot3_project3//models/turtlebot3_common/meshes/r200.dae
[7.282s] -- Symlinking: /home/cgcollins91/projects/ENPME661_Project03_Phase02/project3_ws/src/install/turtlebot3_project3/share/turtlebot3_project3//models/turtlebot3_common/meshes/tire.dae
[7.288s] -- Symlinking: /home/cgcollins91/projects/ENPME661_Project03_Phase02/project3_ws/src/install/turtlebot3_project3/share/turtlebot3_project3//models/turtlebot3_common/meshes/waffle_base.dae
[7.294s] -- Symlinking: /home/cgcollins91/projects/ENPME661_Project03_Phase02/project3_ws/src/install/turtlebot3_project3/share/turtlebot3_project3//models/turtlebot3_common/meshes/waffle_pi_base.dae
[7.302s] -- Symlinking: /home/cgcollins91/projects/ENPME661_Project03_Phase02/project3_ws/src/install/turtlebot3_project3/share/turtlebot3_project3//models/turtlebot3_common/model.config
[7.308s] -- Symlinking: /home/cgcollins91/projects/ENPME661_Project03_Phase02/project3_ws/src/install/turtlebot3_project3/share/turtlebot3_project3//models/turtlebot3_waffle/model-1_4.sdf
[7.316s] -- Symlinking: /home/cgcollins91/projects/ENPME661_Project03_Phase02/project3_ws/src/install/turtlebot3_project3/share/turtlebot3_project3//models/turtlebot3_waffle/model.config
[7.324s] -- Symlinking: /home/cgcollins91/projects/ENPME661_Project03_Phase02/project3_ws/src/install/turtlebot3_project3/share/turtlebot3_project3//models/turtlebot3_waffle/model.sdf
[7.329s] -- Symlinking: /home/cgcollins91/projects/ENPME661_Project03_Phase02/project3_ws/src/install/turtlebot3_project3/share/turtlebot3_project3//models/turtlebot3_world/meshes/hexagon.dae
[7.335s] -- Symlinking: /home/cgcollins91/projects/ENPME661_Project03_Phase02/project3_ws/src/install/turtlebot3_project3/share/turtlebot3_project3//models/turtlebot3_world/meshes/wall.dae
[7.343s] -- Symlinking: /home/cgcollins91/projects/ENPME661_Project03_Phase02/project3_ws/src/install/turtlebot3_project3/share/turtlebot3_project3//models/turtlebot3_world/model-1_4.sdf
[7.352s] -- Symlinking: /home/cgcollins91/projects/ENPME661_Project03_Phase02/project3_ws/src/install/turtlebot3_project3/share/turtlebot3_project3//models/turtlebot3_world/model.config
[7.357s] -- Symlinking: /home/cgcollins91/projects/ENPME661_Project03_Phase02/project3_ws/src/install/turtlebot3_project3/share/turtlebot3_project3//models/turtlebot3_world/model.sdf
[7.363s] -- Symlinking: /home/cgcollins91/projects/ENPME661_Project03_Phase02/project3_ws/src/install/turtlebot3_project3/share/turtlebot3_project3//rviz/tb3_gazebo.rviz
[7.371s] -- Symlinking: /home/cgcollins91/projects/ENPME661_Project03_Phase02/project3_ws/src/install/turtlebot3_project3/share/turtlebot3_project3//urdf/common_properties.urdf
[7.380s] -- Symlinking: /home/cgcollins91/projects/ENPME661_Project03_Phase02/project3_ws/src/install/turtlebot3_project3/share/turtlebot3_project3//urdf/turtlebot3_waffle.urdf
[7.386s] -- Symlinking: /home/cgcollins91/projects/ENPME661_Project03_Phase02/project3_ws/src/install/turtlebot3_project3/share/turtlebot3_project3//worlds/competition_world.world
[7.391s] -- Symlinking: /home/cgcollins91/projects/ENPME661_Project03_Phase02/project3_ws/src/install/turtlebot3_project3/share/turtlebot3_project3//worlds/empty_world.world
[7.400s] -- Symlinking: /home/cgcollins91/projects/ENPME661_Project03_Phase02/project3_ws/src/install/turtlebot3_project3/include//turtlebot3_project3/turtlebot3_drive.hpp
[7.406s] -- Symlinking: /home/cgcollins91/projects/ENPME661_Project03_Phase02/project3_ws/src/install/turtlebot3_project3/lib/turtlebot3_project3/teleop.py
[7.411s] -- Symlinking: /home/cgcollins91/projects/ENPME661_Project03_Phase02/project3_ws/src/install/turtlebot3_project3/lib/turtlebot3_project3/path_planning.py
[7.417s] -- Symlinking: /home/cgcollins91/projects/ENPME661_Project03_Phase02/project3_ws/src/install/turtlebot3_project3/lib/turtlebot3_project3/controller.py
[7.422s] -- Symlinking: /home/cgcollins91/projects/ENPME661_Project03_Phase02/project3_ws/src/install/turtlebot3_project3/lib/turtlebot3_project3/odom_subscriber.py
[7.431s] -- Symlinking: /home/cgcollins91/projects/ENPME661_Project03_Phase02/project3_ws/src/install/turtlebot3_project3/share/ament_index/resource_index/package_run_dependencies/turtlebot3_project3
[7.436s] -- Symlinking: /home/cgcollins91/projects/ENPME661_Project03_Phase02/project3_ws/src/install/turtlebot3_project3/share/ament_index/resource_index/parent_prefix_path/turtlebot3_project3
[7.445s] -- Symlinking: /home/cgcollins91/projects/ENPME661_Project03_Phase02/project3_ws/src/install/turtlebot3_project3/share/turtlebot3_project3/environment/ament_prefix_path.sh
[7.450s] -- Symlinking: /home/cgcollins91/projects/ENPME661_Project03_Phase02/project3_ws/src/install/turtlebot3_project3/share/turtlebot3_project3/environment/ament_prefix_path.dsv
[7.457s] -- Symlinking: /home/cgcollins91/projects/ENPME661_Project03_Phase02/project3_ws/src/install/turtlebot3_project3/share/turtlebot3_project3/environment/path.sh
[7.463s] -- Symlinking: /home/cgcollins91/projects/ENPME661_Project03_Phase02/project3_ws/src/install/turtlebot3_project3/share/turtlebot3_project3/environment/path.dsv
[7.471s] -- Symlinking: /home/cgcollins91/projects/ENPME661_Project03_Phase02/project3_ws/src/install/turtlebot3_project3/share/turtlebot3_project3/local_setup.bash
[7.477s] -- Symlinking: /home/cgcollins91/projects/ENPME661_Project03_Phase02/project3_ws/src/install/turtlebot3_project3/share/turtlebot3_project3/local_setup.sh
[7.484s] -- Symlinking: /home/cgcollins91/projects/ENPME661_Project03_Phase02/project3_ws/src/install/turtlebot3_project3/share/turtlebot3_project3/local_setup.zsh
[7.493s] -- Symlinking: /home/cgcollins91/projects/ENPME661_Project03_Phase02/project3_ws/src/install/turtlebot3_project3/share/turtlebot3_project3/local_setup.dsv
[7.501s] -- Symlinking: /home/cgcollins91/projects/ENPME661_Project03_Phase02/project3_ws/src/install/turtlebot3_project3/share/turtlebot3_project3/package.dsv
[7.507s] -- Symlinking: /home/cgcollins91/projects/ENPME661_Project03_Phase02/project3_ws/src/install/turtlebot3_project3/share/ament_index/resource_index/packages/turtlebot3_project3
[7.515s] -- Symlinking: /home/cgcollins91/projects/ENPME661_Project03_Phase02/project3_ws/src/install/turtlebot3_project3/share/turtlebot3_project3/cmake/ament_cmake_export_include_directories-extras.cmake
[7.520s] -- Symlinking: /home/cgcollins91/projects/ENPME661_Project03_Phase02/project3_ws/src/install/turtlebot3_project3/share/turtlebot3_project3/cmake/ament_cmake_export_dependencies-extras.cmake
[7.529s] -- Symlinking: /home/cgcollins91/projects/ENPME661_Project03_Phase02/project3_ws/src/install/turtlebot3_project3/share/turtlebot3_project3/cmake/turtlebot3_project3Config.cmake
[7.534s] -- Symlinking: /home/cgcollins91/projects/ENPME661_Project03_Phase02/project3_ws/src/install/turtlebot3_project3/share/turtlebot3_project3/cmake/turtlebot3_project3Config-version.cmake
[7.540s] -- Symlinking: /home/cgcollins91/projects/ENPME661_Project03_Phase02/project3_ws/src/install/turtlebot3_project3/share/turtlebot3_project3/package.xml
[7.550s] Invoked command in '/home/cgcollins91/projects/ENPME661_Project03_Phase02/project3_ws/src/build/turtlebot3_project3' returned '0': CMAKE_PREFIX_PATH=${CMAKE_PREFIX_PATH}:/opt/ros/galactic /usr/bin/cmake --install /home/cgcollins91/projects/ENPME661_Project03_Phase02/project3_ws/src/build/turtlebot3_project3
