[0.008s] Invoking command in '/home/cgcollins91/Projects/ENPME661_Project03_Phase02/project3_ws/build/turtlebot3_project3': CMAKE_PREFIX_PATH=${CMAKE_PREFIX_PATH}:/opt/ros/humble /usr/bin/cmake /home/cgcollins91/Projects/ENPME661_Project03_Phase02/project3_ws/src -DAMENT_CMAKE_SYMLINK_INSTALL=1 -DCMAKE_INSTALL_PREFIX=/home/cgcollins91/Projects/ENPME661_Project03_Phase02/project3_ws/install/turtlebot3_project3
[0.017s] -- Found ament_cmake: 1.3.11 (/opt/ros/humble/share/ament_cmake/cmake)
[0.090s] -- Override CMake install command with custom implementation using symlinks instead of copying resources
[0.098s] [33mCMake Warning (dev) at /usr/share/cmake-3.22/Modules/FindPackageHandleStandardArgs.cmake:438 (message):
[0.098s]   The package name passed to `find_package_handle_standard_args` (PkgConfig)
[0.098s]   does not match the name of the calling package (gazebo).  This can lead to
[0.098s]   problems in calling code that expects `find_package` result variables
[0.098s]   (e.g., `_FOUND`) to follow a certain pattern.
[0.098s] Call Stack (most recent call first):
[0.098s]   /usr/share/cmake-3.22/Modules/FindPkgConfig.cmake:99 (find_package_handle_standard_args)
[0.098s]   /usr/lib/x86_64-linux-gnu/cmake/gazebo/gazebo-config.cmake:72 (include)
[0.098s]   CMakeLists.txt:23 (find_package)
[0.098s] This warning is for project developers.  Use -Wno-dev to suppress it.
[0.098s] [0m
[0.112s] -- Found DART: /usr/include (Required is at least version "6.6") found components: dart 
[0.132s] -- Found Protobuf: /usr/lib/x86_64-linux-gnu/libprotobuf.so (found version "3.12.4") 
[0.133s] -- Looking for ignition-math6 -- found version 6.15.1
[0.136s] -- Searching for dependencies of ignition-math6
[0.137s] -- Looking for OGRE...
[0.141s] -- Found Ogre Ghadamon (1.9.0)
[0.141s] -- Found OGRE: optimized;/usr/lib/x86_64-linux-gnu/libOgreMain.so;debug;/usr/lib/x86_64-linux-gnu/libOgreMain.so
[0.147s] -- Looking for OGRE_Paging...
[0.147s] -- Found OGRE_Paging: optimized;/usr/lib/x86_64-linux-gnu/libOgrePaging.so;debug;/usr/lib/x86_64-linux-gnu/libOgrePaging.so
[0.147s] -- Looking for OGRE_Terrain...
[0.147s] -- Found OGRE_Terrain: optimized;/usr/lib/x86_64-linux-gnu/libOgreTerrain.so;debug;/usr/lib/x86_64-linux-gnu/libOgreTerrain.so
[0.147s] -- Looking for OGRE_Property...
[0.147s] -- Found OGRE_Property: optimized;/usr/lib/x86_64-linux-gnu/libOgreProperty.so;debug;/usr/lib/x86_64-linux-gnu/libOgreProperty.so
[0.147s] -- Looking for OGRE_RTShaderSystem...
[0.147s] -- Found OGRE_RTShaderSystem: optimized;/usr/lib/x86_64-linux-gnu/libOgreRTShaderSystem.so;debug;/usr/lib/x86_64-linux-gnu/libOgreRTShaderSystem.so
[0.147s] -- Looking for OGRE_Volume...
[0.147s] -- Found OGRE_Volume: optimized;/usr/lib/x86_64-linux-gnu/libOgreVolume.so;debug;/usr/lib/x86_64-linux-gnu/libOgreVolume.so
[0.147s] -- Looking for OGRE_Overlay...
[0.147s] -- Found OGRE_Overlay: optimized;/usr/lib/x86_64-linux-gnu/libOgreOverlay.so;debug;/usr/lib/x86_64-linux-gnu/libOgreOverlay.so
[0.213s] -- Looking for ignition-math6 -- found version 6.15.1
[0.213s] -- Looking for ignition-transport8 -- found version 8.2.1
[0.213s] -- Searching for dependencies of ignition-transport8
[0.225s] -- Found Protobuf: /usr/lib/x86_64-linux-gnu/libprotobuf.so (found suitable version "3.12.4", minimum required is "3") 
[0.233s] -- Config-file not installed for ZeroMQ -- checking for pkg-config
[0.236s] -- Checking for module 'libzmq >= 4'
[0.245s] --   Found libzmq , version 4.3.4
[0.277s] -- Checking for module 'uuid'
[0.285s] --   Found uuid, version 2.37.2
[0.309s] -- Looking for ignition-msgs5 -- found version 5.8.1
[0.309s] -- Searching for dependencies of ignition-msgs5
[0.322s] -- Looking for ignition-math6 -- found version 6.15.1
[0.326s] -- Checking for module 'tinyxml2'
[0.335s] --   Found tinyxml2, version 9.0.0
[0.360s] -- Looking for ignition-msgs5 -- found version 5.8.1
[0.360s] -- Looking for ignition-common3 -- found version 3.14.0
[0.360s] -- Searching for dependencies of ignition-common3
[0.360s] -- Looking for dlfcn.h - found
[0.360s] -- Looking for libdl - found
[0.369s] -- Searching for <ignition-common3> component [graphics]
[0.369s] -- Looking for ignition-common3-graphics -- found version 3.14.0
[0.369s] -- Searching for dependencies of ignition-common3-graphics
[0.369s] -- Looking for ignition-math6 -- found version 6.15.1
[0.370s] -- Looking for ignition-fuel_tools4 -- found version 4.4.0
[0.370s] -- Searching for dependencies of ignition-fuel_tools4
[0.396s] -- Checking for module 'jsoncpp'
[0.406s] --   Found jsoncpp, version 1.9.5
[0.433s] -- Checking for module 'libzip'
[0.443s] --   Found libzip, version 1.7.3
[0.468s] -- Looking for ignition-common3 -- found version 3.14.0
[0.469s] -- Looking for ignition-math6 -- found version 6.15.1
[0.469s] -- Looking for ignition-msgs5 -- found version 5.8.1
[0.470s] -- Found gazebo_ros_pkgs: 3.9.0 (/opt/ros/humble/share/gazebo_ros_pkgs/cmake)
[0.470s] -- Found geometry_msgs: 4.8.0 (/opt/ros/humble/share/geometry_msgs/cmake)
[0.481s] -- Found rosidl_generator_c: 3.1.6 (/opt/ros/humble/share/rosidl_generator_c/cmake)
[0.483s] -- Found rosidl_adapter: 3.1.6 (/opt/ros/humble/share/rosidl_adapter/cmake)
[0.486s] -- Found rosidl_generator_cpp: 3.1.6 (/opt/ros/humble/share/rosidl_generator_cpp/cmake)
[0.492s] -- Using all available rosidl_typesupport_c: rosidl_typesupport_fastrtps_c;rosidl_typesupport_introspection_c
[0.499s] -- Using all available rosidl_typesupport_cpp: rosidl_typesupport_fastrtps_cpp;rosidl_typesupport_introspection_cpp
[0.518s] -- Found nav_msgs: 4.8.0 (/opt/ros/humble/share/nav_msgs/cmake)
[0.527s] -- Found rclcpp: 16.0.12 (/opt/ros/humble/share/rclcpp/cmake)
[0.541s] -- Found rmw_implementation_cmake: 6.1.2 (/opt/ros/humble/share/rmw_implementation_cmake/cmake)
[0.542s] -- Found rmw_fastrtps_cpp: 6.2.7 (/opt/ros/humble/share/rmw_fastrtps_cpp/cmake)
[0.609s] -- Using RMW implementation 'rmw_fastrtps_cpp' as default
[0.630s] -- Found sensor_msgs: 4.8.0 (/opt/ros/humble/share/sensor_msgs/cmake)
[0.639s] -- Found tf2: 0.25.12 (/opt/ros/humble/share/tf2/cmake)
[0.685s] -- Configuring done
[0.694s] -- Generating done
[0.697s] -- Build files have been written to: /home/cgcollins91/Projects/ENPME661_Project03_Phase02/project3_ws/build/turtlebot3_project3
[0.705s] Invoked command in '/home/cgcollins91/Projects/ENPME661_Project03_Phase02/project3_ws/build/turtlebot3_project3' returned '0': CMAKE_PREFIX_PATH=${CMAKE_PREFIX_PATH}:/opt/ros/humble /usr/bin/cmake /home/cgcollins91/Projects/ENPME661_Project03_Phase02/project3_ws/src -DAMENT_CMAKE_SYMLINK_INSTALL=1 -DCMAKE_INSTALL_PREFIX=/home/cgcollins91/Projects/ENPME661_Project03_Phase02/project3_ws/install/turtlebot3_project3
[0.707s] Invoking command in '/home/cgcollins91/Projects/ENPME661_Project03_Phase02/project3_ws/build/turtlebot3_project3': CMAKE_PREFIX_PATH=${CMAKE_PREFIX_PATH}:/opt/ros/humble /usr/bin/cmake --build /home/cgcollins91/Projects/ENPME661_Project03_Phase02/project3_ws/build/turtlebot3_project3 -- -j16 -l16
[0.741s] [35m[1mConsolidate compiler generated dependencies of target turtlebot3_drive[0m
[0.755s] [100%] Built target turtlebot3_drive
[0.763s] Invoked command in '/home/cgcollins91/Projects/ENPME661_Project03_Phase02/project3_ws/build/turtlebot3_project3' returned '0': CMAKE_PREFIX_PATH=${CMAKE_PREFIX_PATH}:/opt/ros/humble /usr/bin/cmake --build /home/cgcollins91/Projects/ENPME661_Project03_Phase02/project3_ws/build/turtlebot3_project3 -- -j16 -l16
[0.770s] Invoking command in '/home/cgcollins91/Projects/ENPME661_Project03_Phase02/project3_ws/build/turtlebot3_project3': CMAKE_PREFIX_PATH=${CMAKE_PREFIX_PATH}:/opt/ros/humble /usr/bin/cmake --install /home/cgcollins91/Projects/ENPME661_Project03_Phase02/project3_ws/build/turtlebot3_project3
[0.776s] -- Install configuration: ""
[0.776s] -- Execute custom install script
[0.777s] -- Up-to-date symlink: /home/cgcollins91/Projects/ENPME661_Project03_Phase02/project3_ws/install/turtlebot3_project3/lib/turtlebot3_project3/turtlebot3_drive
[0.777s] -- Up-to-date symlink: /home/cgcollins91/Projects/ENPME661_Project03_Phase02/project3_ws/install/turtlebot3_project3/share/turtlebot3_project3//launch/competition_world.launch.py
[0.777s] -- Up-to-date symlink: /home/cgcollins91/Projects/ENPME661_Project03_Phase02/project3_ws/install/turtlebot3_project3/share/turtlebot3_project3//launch/empty_world.launch.py
[0.777s] -- Up-to-date symlink: /home/cgcollins91/Projects/ENPME661_Project03_Phase02/project3_ws/install/turtlebot3_project3/share/turtlebot3_project3//launch/robot_state_publisher.launch.py
[0.777s] -- Up-to-date symlink: /home/cgcollins91/Projects/ENPME661_Project03_Phase02/project3_ws/install/turtlebot3_project3/share/turtlebot3_project3//launch/spawn_turtlebot3.launch.py
[0.777s] -- Up-to-date symlink: /home/cgcollins91/Projects/ENPME661_Project03_Phase02/project3_ws/install/turtlebot3_project3/share/turtlebot3_project3//models/project3/meshes/project3-world.STL
[0.777s] -- Up-to-date symlink: /home/cgcollins91/Projects/ENPME661_Project03_Phase02/project3_ws/install/turtlebot3_project3/share/turtlebot3_project3//models/project3/meshes/project3.STL
[0.778s] -- Up-to-date symlink: /home/cgcollins91/Projects/ENPME661_Project03_Phase02/project3_ws/install/turtlebot3_project3/share/turtlebot3_project3//models/project3/model.config
[0.778s] -- Up-to-date symlink: /home/cgcollins91/Projects/ENPME661_Project03_Phase02/project3_ws/install/turtlebot3_project3/share/turtlebot3_project3//models/project3/model.sdf
[0.778s] -- Up-to-date symlink: /home/cgcollins91/Projects/ENPME661_Project03_Phase02/project3_ws/install/turtlebot3_project3/share/turtlebot3_project3//models/turtlebot3_common/meshes/burger_base.dae
[0.778s] -- Up-to-date symlink: /home/cgcollins91/Projects/ENPME661_Project03_Phase02/project3_ws/install/turtlebot3_project3/share/turtlebot3_project3//models/turtlebot3_common/meshes/lds.dae
[0.778s] -- Up-to-date symlink: /home/cgcollins91/Projects/ENPME661_Project03_Phase02/project3_ws/install/turtlebot3_project3/share/turtlebot3_project3//models/turtlebot3_common/meshes/r200.dae
[0.778s] -- Up-to-date symlink: /home/cgcollins91/Projects/ENPME661_Project03_Phase02/project3_ws/install/turtlebot3_project3/share/turtlebot3_project3//models/turtlebot3_common/meshes/tire.dae
[0.778s] -- Up-to-date symlink: /home/cgcollins91/Projects/ENPME661_Project03_Phase02/project3_ws/install/turtlebot3_project3/share/turtlebot3_project3//models/turtlebot3_common/meshes/waffle_base.dae
[0.778s] -- Up-to-date symlink: /home/cgcollins91/Projects/ENPME661_Project03_Phase02/project3_ws/install/turtlebot3_project3/share/turtlebot3_project3//models/turtlebot3_common/meshes/waffle_pi_base.dae
[0.778s] -- Up-to-date symlink: /home/cgcollins91/Projects/ENPME661_Project03_Phase02/project3_ws/install/turtlebot3_project3/share/turtlebot3_project3//models/turtlebot3_common/model.config
[0.778s] -- Up-to-date symlink: /home/cgcollins91/Projects/ENPME661_Project03_Phase02/project3_ws/install/turtlebot3_project3/share/turtlebot3_project3//models/turtlebot3_waffle/model-1_4.sdf
[0.778s] -- Up-to-date symlink: /home/cgcollins91/Projects/ENPME661_Project03_Phase02/project3_ws/install/turtlebot3_project3/share/turtlebot3_project3//models/turtlebot3_waffle/model.config
[0.778s] -- Up-to-date symlink: /home/cgcollins91/Projects/ENPME661_Project03_Phase02/project3_ws/install/turtlebot3_project3/share/turtlebot3_project3//models/turtlebot3_waffle/model.sdf
[0.778s] -- Up-to-date symlink: /home/cgcollins91/Projects/ENPME661_Project03_Phase02/project3_ws/install/turtlebot3_project3/share/turtlebot3_project3//models/turtlebot3_world/meshes/hexagon.dae
[0.778s] -- Up-to-date symlink: /home/cgcollins91/Projects/ENPME661_Project03_Phase02/project3_ws/install/turtlebot3_project3/share/turtlebot3_project3//models/turtlebot3_world/meshes/wall.dae
[0.779s] -- Up-to-date symlink: /home/cgcollins91/Projects/ENPME661_Project03_Phase02/project3_ws/install/turtlebot3_project3/share/turtlebot3_project3//models/turtlebot3_world/model-1_4.sdf
[0.779s] -- Up-to-date symlink: /home/cgcollins91/Projects/ENPME661_Project03_Phase02/project3_ws/install/turtlebot3_project3/share/turtlebot3_project3//models/turtlebot3_world/model.config
[0.779s] -- Up-to-date symlink: /home/cgcollins91/Projects/ENPME661_Project03_Phase02/project3_ws/install/turtlebot3_project3/share/turtlebot3_project3//models/turtlebot3_world/model.sdf
[0.779s] -- Up-to-date symlink: /home/cgcollins91/Projects/ENPME661_Project03_Phase02/project3_ws/install/turtlebot3_project3/share/turtlebot3_project3//rviz/tb3_gazebo.rviz
[0.779s] -- Up-to-date symlink: /home/cgcollins91/Projects/ENPME661_Project03_Phase02/project3_ws/install/turtlebot3_project3/share/turtlebot3_project3//urdf/common_properties.urdf
[0.779s] -- Up-to-date symlink: /home/cgcollins91/Projects/ENPME661_Project03_Phase02/project3_ws/install/turtlebot3_project3/share/turtlebot3_project3//urdf/turtlebot3_waffle.urdf
[0.779s] -- Up-to-date symlink: /home/cgcollins91/Projects/ENPME661_Project03_Phase02/project3_ws/install/turtlebot3_project3/share/turtlebot3_project3//worlds/competition_world.world
[0.779s] -- Up-to-date symlink: /home/cgcollins91/Projects/ENPME661_Project03_Phase02/project3_ws/install/turtlebot3_project3/share/turtlebot3_project3//worlds/empty_world.world
[0.779s] -- Up-to-date symlink: /home/cgcollins91/Projects/ENPME661_Project03_Phase02/project3_ws/install/turtlebot3_project3/include//turtlebot3_project3/turtlebot3_drive.hpp
[0.779s] -- Up-to-date symlink: /home/cgcollins91/Projects/ENPME661_Project03_Phase02/project3_ws/install/turtlebot3_project3/lib/turtlebot3_project3/teleop.py
[0.780s] -- Up-to-date symlink: /home/cgcollins91/Projects/ENPME661_Project03_Phase02/project3_ws/install/turtlebot3_project3/lib/turtlebot3_project3/path_planning.py
[0.780s] -- Up-to-date symlink: /home/cgcollins91/Projects/ENPME661_Project03_Phase02/project3_ws/install/turtlebot3_project3/lib/turtlebot3_project3/controller.py
[0.780s] -- Up-to-date symlink: /home/cgcollins91/Projects/ENPME661_Project03_Phase02/project3_ws/install/turtlebot3_project3/lib/turtlebot3_project3/odom_subscriber.py
[0.780s] -- Up-to-date symlink: /home/cgcollins91/Projects/ENPME661_Project03_Phase02/project3_ws/install/turtlebot3_project3/share/ament_index/resource_index/package_run_dependencies/turtlebot3_project3
[0.780s] -- Up-to-date symlink: /home/cgcollins91/Projects/ENPME661_Project03_Phase02/project3_ws/install/turtlebot3_project3/share/ament_index/resource_index/parent_prefix_path/turtlebot3_project3
[0.780s] -- Up-to-date symlink: /home/cgcollins91/Projects/ENPME661_Project03_Phase02/project3_ws/install/turtlebot3_project3/share/turtlebot3_project3/environment/ament_prefix_path.sh
[0.780s] -- Up-to-date symlink: /home/cgcollins91/Projects/ENPME661_Project03_Phase02/project3_ws/install/turtlebot3_project3/share/turtlebot3_project3/environment/ament_prefix_path.dsv
[0.780s] -- Up-to-date symlink: /home/cgcollins91/Projects/ENPME661_Project03_Phase02/project3_ws/install/turtlebot3_project3/share/turtlebot3_project3/environment/path.sh
[0.780s] -- Up-to-date symlink: /home/cgcollins91/Projects/ENPME661_Project03_Phase02/project3_ws/install/turtlebot3_project3/share/turtlebot3_project3/environment/path.dsv
[0.780s] -- Up-to-date symlink: /home/cgcollins91/Projects/ENPME661_Project03_Phase02/project3_ws/install/turtlebot3_project3/share/turtlebot3_project3/local_setup.bash
[0.780s] -- Up-to-date symlink: /home/cgcollins91/Projects/ENPME661_Project03_Phase02/project3_ws/install/turtlebot3_project3/share/turtlebot3_project3/local_setup.sh
[0.780s] -- Up-to-date symlink: /home/cgcollins91/Projects/ENPME661_Project03_Phase02/project3_ws/install/turtlebot3_project3/share/turtlebot3_project3/local_setup.zsh
[0.781s] -- Up-to-date symlink: /home/cgcollins91/Projects/ENPME661_Project03_Phase02/project3_ws/install/turtlebot3_project3/share/turtlebot3_project3/local_setup.dsv
[0.781s] -- Symlinking: /home/cgcollins91/Projects/ENPME661_Project03_Phase02/project3_ws/install/turtlebot3_project3/share/turtlebot3_project3/package.dsv
[0.787s] -- Up-to-date symlink: /home/cgcollins91/Projects/ENPME661_Project03_Phase02/project3_ws/install/turtlebot3_project3/share/ament_index/resource_index/packages/turtlebot3_project3
[0.787s] -- Up-to-date symlink: /home/cgcollins91/Projects/ENPME661_Project03_Phase02/project3_ws/install/turtlebot3_project3/share/turtlebot3_project3/cmake/ament_cmake_export_include_directories-extras.cmake
[0.787s] -- Up-to-date symlink: /home/cgcollins91/Projects/ENPME661_Project03_Phase02/project3_ws/install/turtlebot3_project3/share/turtlebot3_project3/cmake/ament_cmake_export_dependencies-extras.cmake
[0.787s] -- Up-to-date symlink: /home/cgcollins91/Projects/ENPME661_Project03_Phase02/project3_ws/install/turtlebot3_project3/share/turtlebot3_project3/cmake/turtlebot3_project3Config.cmake
[0.788s] -- Up-to-date symlink: /home/cgcollins91/Projects/ENPME661_Project03_Phase02/project3_ws/install/turtlebot3_project3/share/turtlebot3_project3/cmake/turtlebot3_project3Config-version.cmake
[0.788s] -- Up-to-date symlink: /home/cgcollins91/Projects/ENPME661_Project03_Phase02/project3_ws/install/turtlebot3_project3/share/turtlebot3_project3/package.xml
[0.788s] -- Up-to-date: /home/cgcollins91/Projects/ENPME661_Project03_Phase02/project3_ws/install/turtlebot3_project3/share/turtlebot3_project3/scripts
[0.788s] -- Installing: /home/cgcollins91/Projects/ENPME661_Project03_Phase02/project3_ws/install/turtlebot3_project3/share/turtlebot3_project3/scripts/waypoints.csv
[0.790s] Invoked command in '/home/cgcollins91/Projects/ENPME661_Project03_Phase02/project3_ws/build/turtlebot3_project3' returned '0': CMAKE_PREFIX_PATH=${CMAKE_PREFIX_PATH}:/opt/ros/humble /usr/bin/cmake --install /home/cgcollins91/Projects/ENPME661_Project03_Phase02/project3_ws/build/turtlebot3_project3
