[0.103s] DEBUG:colcon:Command line arguments: ['/usr/bin/colcon', 'build', '--packages-select', 'turtlebot3_project3']
[0.104s] DEBUG:colcon:Parsed command line arguments: Namespace(allow_overriding=[], ament_cmake_args=None, base_paths=['.'], build_base='build', catkin_cmake_args=None, catkin_skip_building_tests=False, cmake_args=None, cmake_clean_cache=False, cmake_clean_first=False, cmake_force_configure=False, cmake_target=None, cmake_target_skip_unavailable=False, continue_on_error=False, event_handlers=None, executor='parallel', ignore_user_meta=False, install_base='install', log_base=None, log_level=None, main=<bound method BuildVerb.main of <colcon_core.verb.build.BuildVerb object at 0x7fe0d562f220>>, merge_install=False, metas=['./colcon.meta'], mixin=None, mixin_files=None, mixin_verb=('build',), packages_above=None, packages_above_and_dependencies=None, packages_above_depth=None, packages_end=None, packages_ignore=None, packages_ignore_regex=None, packages_select=['turtlebot3_project3'], packages_select_build_failed=False, packages_select_by_dep=None, packages_select_regex=None, packages_select_test_failures=False, packages_skip=None, packages_skip_build_finished=False, packages_skip_by_dep=None, packages_skip_regex=None, packages_skip_test_passed=False, packages_skip_up_to=None, packages_start=None, packages_up_to=None, packages_up_to_regex=None, parallel_workers=16, paths=None, symlink_install=False, test_result_base=None, verb_extension=<colcon_core.verb.build.BuildVerb object at 0x7fe0d562f220>, verb_name='build', verb_parser=<colcon_mixin.mixin.mixin_argument.MixinArgumentDecorator object at 0x7fe0d562fa90>)
[0.185s] Level 1:colcon.colcon_core.package_discovery:discover_packages(colcon_meta) check parameters
[0.185s] Level 1:colcon.colcon_core.package_discovery:discover_packages(recursive) check parameters
[0.185s] Level 1:colcon.colcon_core.package_discovery:discover_packages(ignore) check parameters
[0.186s] Level 1:colcon.colcon_core.package_discovery:discover_packages(path) check parameters
[0.186s] Level 1:colcon.colcon_core.package_discovery:discover_packages(colcon_meta) discover
[0.186s] Level 1:colcon.colcon_core.package_discovery:discover_packages(recursive) discover
[0.186s] INFO:colcon.colcon_core.package_discovery:Crawling recursively for packages in '/home/cgcollins91/projects/ENPME661_Project03_Phase02'
[0.186s] Level 1:colcon.colcon_core.package_identification:_identify(.) by extensions ['ignore', 'ignore_ament_install']
[0.186s] Level 1:colcon.colcon_core.package_identification:_identify(.) by extension 'ignore'
[0.186s] Level 1:colcon.colcon_core.package_identification:_identify(.) by extension 'ignore_ament_install'
[0.186s] Level 1:colcon.colcon_core.package_identification:_identify(.) by extensions ['colcon_pkg']
[0.186s] Level 1:colcon.colcon_core.package_identification:_identify(.) by extension 'colcon_pkg'
[0.186s] Level 1:colcon.colcon_core.package_identification:_identify(.) by extensions ['colcon_meta']
[0.186s] Level 1:colcon.colcon_core.package_identification:_identify(.) by extension 'colcon_meta'
[0.186s] Level 1:colcon.colcon_core.package_identification:_identify(.) by extensions ['ros']
[0.186s] Level 1:colcon.colcon_core.package_identification:_identify(.) by extension 'ros'
[0.191s] Level 1:colcon.colcon_core.package_identification:_identify(.) by extensions ['cmake', 'python']
[0.191s] Level 1:colcon.colcon_core.package_identification:_identify(.) by extension 'cmake'
[0.191s] Level 1:colcon.colcon_core.package_identification:_identify(.) by extension 'python'
[0.191s] Level 1:colcon.colcon_core.package_identification:_identify(.) by extensions ['python_setup_py']
[0.191s] Level 1:colcon.colcon_core.package_identification:_identify(.) by extension 'python_setup_py'
[0.191s] Level 1:colcon.colcon_core.package_identification:_identify(Part01) by extensions ['ignore', 'ignore_ament_install']
[0.191s] Level 1:colcon.colcon_core.package_identification:_identify(Part01) by extension 'ignore'
[0.191s] Level 1:colcon.colcon_core.package_identification:_identify(Part01) by extension 'ignore_ament_install'
[0.191s] Level 1:colcon.colcon_core.package_identification:_identify(Part01) by extensions ['colcon_pkg']
[0.191s] Level 1:colcon.colcon_core.package_identification:_identify(Part01) by extension 'colcon_pkg'
[0.191s] Level 1:colcon.colcon_core.package_identification:_identify(Part01) by extensions ['colcon_meta']
[0.191s] Level 1:colcon.colcon_core.package_identification:_identify(Part01) by extension 'colcon_meta'
[0.191s] Level 1:colcon.colcon_core.package_identification:_identify(Part01) by extensions ['ros']
[0.191s] Level 1:colcon.colcon_core.package_identification:_identify(Part01) by extension 'ros'
[0.192s] Level 1:colcon.colcon_core.package_identification:_identify(Part01) by extensions ['cmake', 'python']
[0.192s] Level 1:colcon.colcon_core.package_identification:_identify(Part01) by extension 'cmake'
[0.192s] Level 1:colcon.colcon_core.package_identification:_identify(Part01) by extension 'python'
[0.192s] Level 1:colcon.colcon_core.package_identification:_identify(Part01) by extensions ['python_setup_py']
[0.192s] Level 1:colcon.colcon_core.package_identification:_identify(Part01) by extension 'python_setup_py'
[0.192s] Level 1:colcon.colcon_core.package_identification:_identify(Part02) by extensions ['ignore', 'ignore_ament_install']
[0.192s] Level 1:colcon.colcon_core.package_identification:_identify(Part02) by extension 'ignore'
[0.192s] Level 1:colcon.colcon_core.package_identification:_identify(Part02) by extension 'ignore_ament_install'
[0.192s] Level 1:colcon.colcon_core.package_identification:_identify(Part02) by extensions ['colcon_pkg']
[0.192s] Level 1:colcon.colcon_core.package_identification:_identify(Part02) by extension 'colcon_pkg'
[0.192s] Level 1:colcon.colcon_core.package_identification:_identify(Part02) by extensions ['colcon_meta']
[0.192s] Level 1:colcon.colcon_core.package_identification:_identify(Part02) by extension 'colcon_meta'
[0.192s] Level 1:colcon.colcon_core.package_identification:_identify(Part02) by extensions ['ros']
[0.192s] Level 1:colcon.colcon_core.package_identification:_identify(Part02) by extension 'ros'
[0.192s] Level 1:colcon.colcon_core.package_identification:_identify(Part02) by extensions ['cmake', 'python']
[0.192s] Level 1:colcon.colcon_core.package_identification:_identify(Part02) by extension 'cmake'
[0.192s] Level 1:colcon.colcon_core.package_identification:_identify(Part02) by extension 'python'
[0.192s] Level 1:colcon.colcon_core.package_identification:_identify(Part02) by extensions ['python_setup_py']
[0.192s] Level 1:colcon.colcon_core.package_identification:_identify(Part02) by extension 'python_setup_py'
[0.192s] Level 1:colcon.colcon_core.package_identification:_identify(Part02/src) by extensions ['ignore', 'ignore_ament_install']
[0.192s] Level 1:colcon.colcon_core.package_identification:_identify(Part02/src) by extension 'ignore'
[0.192s] Level 1:colcon.colcon_core.package_identification:_identify(Part02/src) by extension 'ignore_ament_install'
[0.192s] Level 1:colcon.colcon_core.package_identification:_identify(Part02/src) by extensions ['colcon_pkg']
[0.192s] Level 1:colcon.colcon_core.package_identification:_identify(Part02/src) by extension 'colcon_pkg'
[0.192s] Level 1:colcon.colcon_core.package_identification:_identify(Part02/src) by extensions ['colcon_meta']
[0.192s] Level 1:colcon.colcon_core.package_identification:_identify(Part02/src) by extension 'colcon_meta'
[0.192s] Level 1:colcon.colcon_core.package_identification:_identify(Part02/src) by extensions ['ros']
[0.192s] Level 1:colcon.colcon_core.package_identification:_identify(Part02/src) by extension 'ros'
[0.192s] Level 1:colcon.colcon_core.package_identification:_identify(Part02/src) by extensions ['cmake', 'python']
[0.192s] Level 1:colcon.colcon_core.package_identification:_identify(Part02/src) by extension 'cmake'
[0.192s] Level 1:colcon.colcon_core.package_identification:_identify(Part02/src) by extension 'python'
[0.192s] Level 1:colcon.colcon_core.package_identification:_identify(Part02/src) by extensions ['python_setup_py']
[0.192s] Level 1:colcon.colcon_core.package_identification:_identify(Part02/src) by extension 'python_setup_py'
[0.192s] Level 1:colcon.colcon_core.package_identification:_identify(Part02/src/turtlebot3_project3) by extensions ['ignore', 'ignore_ament_install']
[0.192s] Level 1:colcon.colcon_core.package_identification:_identify(Part02/src/turtlebot3_project3) by extension 'ignore'
[0.193s] Level 1:colcon.colcon_core.package_identification:_identify(Part02/src/turtlebot3_project3) by extension 'ignore_ament_install'
[0.193s] Level 1:colcon.colcon_core.package_identification:_identify(Part02/src/turtlebot3_project3) by extensions ['colcon_pkg']
[0.193s] Level 1:colcon.colcon_core.package_identification:_identify(Part02/src/turtlebot3_project3) by extension 'colcon_pkg'
[0.193s] Level 1:colcon.colcon_core.package_identification:_identify(Part02/src/turtlebot3_project3) by extensions ['colcon_meta']
[0.193s] Level 1:colcon.colcon_core.package_identification:_identify(Part02/src/turtlebot3_project3) by extension 'colcon_meta'
[0.193s] Level 1:colcon.colcon_core.package_identification:_identify(Part02/src/turtlebot3_project3) by extensions ['ros']
[0.193s] Level 1:colcon.colcon_core.package_identification:_identify(Part02/src/turtlebot3_project3) by extension 'ros'
[0.194s] DEBUG:colcon.colcon_core.package_identification:Package 'Part02/src/turtlebot3_project3' with type 'ros.ament_cmake' and name 'turtlebot3_project3'
[0.195s] Level 1:colcon.colcon_core.package_identification:_identify(build) by extensions ['ignore', 'ignore_ament_install']
[0.195s] Level 1:colcon.colcon_core.package_identification:_identify(build) by extension 'ignore'
[0.195s] Level 1:colcon.colcon_core.package_identification:_identify(build) ignored
[0.195s] Level 1:colcon.colcon_core.package_identification:_identify(install) by extensions ['ignore', 'ignore_ament_install']
[0.195s] Level 1:colcon.colcon_core.package_identification:_identify(install) by extension 'ignore'
[0.195s] Level 1:colcon.colcon_core.package_identification:_identify(install) ignored
[0.195s] Level 1:colcon.colcon_core.package_identification:_identify(log) by extensions ['ignore', 'ignore_ament_install']
[0.195s] Level 1:colcon.colcon_core.package_identification:_identify(log) by extension 'ignore'
[0.195s] Level 1:colcon.colcon_core.package_identification:_identify(log) ignored
[0.195s] Level 1:colcon.colcon_core.package_discovery:discover_packages(recursive) using defaults
[0.195s] Level 1:colcon.colcon_core.package_discovery:discover_packages(ignore) discover
[0.195s] Level 1:colcon.colcon_core.package_discovery:discover_packages(ignore) using defaults
[0.195s] Level 1:colcon.colcon_core.package_discovery:discover_packages(path) discover
[0.195s] Level 1:colcon.colcon_core.package_discovery:discover_packages(path) using defaults
[0.205s] Level 1:colcon.colcon_core.package_discovery:discover_packages(prefix_path) check parameters
[0.205s] Level 1:colcon.colcon_core.package_discovery:discover_packages(prefix_path) discover
[0.206s] DEBUG:colcon.colcon_installed_package_information.package_discovery:Found 268 installed packages in /opt/ros/galactic
[0.208s] DEBUG:colcon.colcon_installed_package_information.package_discovery:Found 256 installed packages in /opt/ros/foxy
[0.213s] Level 1:colcon.colcon_core.package_discovery:discover_packages(prefix_path) using defaults
[0.266s] Level 5:colcon.colcon_core.verb:set package 'turtlebot3_project3' build argument 'cmake_args' from command line to 'None'
[0.266s] Level 5:colcon.colcon_core.verb:set package 'turtlebot3_project3' build argument 'cmake_target' from command line to 'None'
[0.266s] Level 5:colcon.colcon_core.verb:set package 'turtlebot3_project3' build argument 'cmake_target_skip_unavailable' from command line to 'False'
[0.266s] Level 5:colcon.colcon_core.verb:set package 'turtlebot3_project3' build argument 'cmake_clean_cache' from command line to 'False'
[0.266s] Level 5:colcon.colcon_core.verb:set package 'turtlebot3_project3' build argument 'cmake_clean_first' from command line to 'False'
[0.266s] Level 5:colcon.colcon_core.verb:set package 'turtlebot3_project3' build argument 'cmake_force_configure' from command line to 'False'
[0.266s] Level 5:colcon.colcon_core.verb:set package 'turtlebot3_project3' build argument 'ament_cmake_args' from command line to 'None'
[0.266s] Level 5:colcon.colcon_core.verb:set package 'turtlebot3_project3' build argument 'catkin_cmake_args' from command line to 'None'
[0.266s] Level 5:colcon.colcon_core.verb:set package 'turtlebot3_project3' build argument 'catkin_skip_building_tests' from command line to 'False'
[0.266s] DEBUG:colcon.colcon_core.verb:Building package 'turtlebot3_project3' with the following arguments: {'ament_cmake_args': None, 'build_base': '/home/cgcollins91/projects/ENPME661_Project03_Phase02/build/turtlebot3_project3', 'catkin_cmake_args': None, 'catkin_skip_building_tests': False, 'cmake_args': None, 'cmake_clean_cache': False, 'cmake_clean_first': False, 'cmake_force_configure': False, 'cmake_target': None, 'cmake_target_skip_unavailable': False, 'install_base': '/home/cgcollins91/projects/ENPME661_Project03_Phase02/install/turtlebot3_project3', 'merge_install': False, 'path': '/home/cgcollins91/projects/ENPME661_Project03_Phase02/Part02/src/turtlebot3_project3', 'symlink_install': False, 'test_result_base': None}
[0.266s] INFO:colcon.colcon_core.executor:Executing jobs using 'parallel' executor
[0.267s] DEBUG:colcon.colcon_parallel_executor.executor.parallel:run_until_complete
[0.267s] INFO:colcon.colcon_ros.task.ament_cmake.build:Building ROS package in '/home/cgcollins91/projects/ENPME661_Project03_Phase02/Part02/src/turtlebot3_project3' with build type 'ament_cmake'
[0.267s] INFO:colcon.colcon_cmake.task.cmake.build:Building CMake package in '/home/cgcollins91/projects/ENPME661_Project03_Phase02/Part02/src/turtlebot3_project3'
[0.268s] INFO:colcon.colcon_core.plugin_system:Skipping extension 'colcon_core.shell.bat': Not used on non-Windows systems
[0.268s] INFO:colcon.colcon_core.shell:Skip shell extension 'powershell' for command environment: Not usable outside of PowerShell
[0.268s] DEBUG:colcon.colcon_core.shell:Skip shell extension 'dsv' for command environment
[0.276s] DEBUG:colcon.colcon_core.event_handler.log_command:Invoking command in '/home/cgcollins91/projects/ENPME661_Project03_Phase02/build/turtlebot3_project3': CMAKE_PREFIX_PATH=/opt/ros/galactic:/opt/ros/foxy CONDA_PROMPT_MODIFIER=(base) /usr/bin/cmake /home/cgcollins91/projects/ENPME661_Project03_Phase02/Part02/src/turtlebot3_project3 -DCMAKE_INSTALL_PREFIX=/home/cgcollins91/projects/ENPME661_Project03_Phase02/install/turtlebot3_project3
[1.518s] DEBUG:colcon.colcon_core.event_handler.log_command:Invoked command in '/home/cgcollins91/projects/ENPME661_Project03_Phase02/build/turtlebot3_project3' returned '1': CMAKE_PREFIX_PATH=/opt/ros/galactic:/opt/ros/foxy CONDA_PROMPT_MODIFIER=(base) /usr/bin/cmake /home/cgcollins91/projects/ENPME661_Project03_Phase02/Part02/src/turtlebot3_project3 -DCMAKE_INSTALL_PREFIX=/home/cgcollins91/projects/ENPME661_Project03_Phase02/install/turtlebot3_project3
[1.532s] Level 1:colcon.colcon_core.environment:create_environment_scripts_only(turtlebot3_project3)
[1.534s] Level 1:colcon.colcon_core.environment:checking '/home/cgcollins91/projects/ENPME661_Project03_Phase02/install/turtlebot3_project3' for CMake module files
[1.535s] Level 1:colcon.colcon_core.environment:checking '/home/cgcollins91/projects/ENPME661_Project03_Phase02/install/turtlebot3_project3' for CMake config files
[1.535s] Level 1:colcon.colcon_core.environment:checking '/home/cgcollins91/projects/ENPME661_Project03_Phase02/install/turtlebot3_project3/bin'
[1.535s] Level 1:colcon.colcon_core.environment:checking '/home/cgcollins91/projects/ENPME661_Project03_Phase02/install/turtlebot3_project3/lib/pkgconfig/turtlebot3_project3.pc'
[1.535s] Level 1:colcon.colcon_core.environment:checking '/home/cgcollins91/projects/ENPME661_Project03_Phase02/install/turtlebot3_project3/lib/python3.8/site-packages'
[1.536s] Level 1:colcon.colcon_core.environment:checking '/home/cgcollins91/projects/ENPME661_Project03_Phase02/install/turtlebot3_project3/bin'
[1.536s] INFO:colcon.colcon_core.shell:Creating package script '/home/cgcollins91/projects/ENPME661_Project03_Phase02/install/turtlebot3_project3/share/turtlebot3_project3/package.ps1'
[1.537s] INFO:colcon.colcon_core.shell:Creating package descriptor '/home/cgcollins91/projects/ENPME661_Project03_Phase02/install/turtlebot3_project3/share/turtlebot3_project3/package.dsv'
[1.537s] INFO:colcon.colcon_core.shell:Creating package script '/home/cgcollins91/projects/ENPME661_Project03_Phase02/install/turtlebot3_project3/share/turtlebot3_project3/package.sh'
[1.538s] INFO:colcon.colcon_core.shell:Creating package script '/home/cgcollins91/projects/ENPME661_Project03_Phase02/install/turtlebot3_project3/share/turtlebot3_project3/package.bash'
[1.538s] INFO:colcon.colcon_core.shell:Creating package script '/home/cgcollins91/projects/ENPME661_Project03_Phase02/install/turtlebot3_project3/share/turtlebot3_project3/package.zsh'
[1.539s] Level 1:colcon.colcon_core.environment:create_file_with_runtime_dependencies(/home/cgcollins91/projects/ENPME661_Project03_Phase02/install/turtlebot3_project3/share/colcon-core/packages/turtlebot3_project3)
[1.549s] DEBUG:colcon.colcon_parallel_executor.executor.parallel:closing loop
[1.549s] DEBUG:colcon.colcon_parallel_executor.executor.parallel:loop closed
[1.549s] DEBUG:colcon.colcon_parallel_executor.executor.parallel:run_until_complete finished with '1'
[1.549s] DEBUG:colcon.colcon_core.event_reactor:joining thread
[1.554s] INFO:colcon.colcon_core.plugin_system:Skipping extension 'colcon_notification.desktop_notification.terminal_notifier': Not used on non-Darwin systems
[1.554s] INFO:colcon.colcon_core.plugin_system:Skipping extension 'colcon_notification.desktop_notification.win32': Not used on non-Windows systems
[1.554s] INFO:colcon.colcon_notification.desktop_notification:Sending desktop notification using 'notify2'
[1.565s] DEBUG:colcon.colcon_core.event_reactor:joined thread
[1.566s] INFO:colcon.colcon_core.shell:Creating prefix script '/home/cgcollins91/projects/ENPME661_Project03_Phase02/install/local_setup.ps1'
[1.566s] INFO:colcon.colcon_core.shell:Creating prefix util module '/home/cgcollins91/projects/ENPME661_Project03_Phase02/install/_local_setup_util_ps1.py'
[1.567s] INFO:colcon.colcon_core.shell:Creating prefix chain script '/home/cgcollins91/projects/ENPME661_Project03_Phase02/install/setup.ps1'
[1.568s] INFO:colcon.colcon_core.shell:Creating prefix script '/home/cgcollins91/projects/ENPME661_Project03_Phase02/install/local_setup.sh'
[1.568s] INFO:colcon.colcon_core.shell:Creating prefix util module '/home/cgcollins91/projects/ENPME661_Project03_Phase02/install/_local_setup_util_sh.py'
[1.568s] INFO:colcon.colcon_core.shell:Creating prefix chain script '/home/cgcollins91/projects/ENPME661_Project03_Phase02/install/setup.sh'
[1.569s] INFO:colcon.colcon_core.shell:Creating prefix script '/home/cgcollins91/projects/ENPME661_Project03_Phase02/install/local_setup.bash'
[1.569s] INFO:colcon.colcon_core.shell:Creating prefix chain script '/home/cgcollins91/projects/ENPME661_Project03_Phase02/install/setup.bash'
[1.569s] INFO:colcon.colcon_core.shell:Creating prefix script '/home/cgcollins91/projects/ENPME661_Project03_Phase02/install/local_setup.zsh'
[1.570s] INFO:colcon.colcon_core.shell:Creating prefix chain script '/home/cgcollins91/projects/ENPME661_Project03_Phase02/install/setup.zsh'
