[0.008s] Invoking command in '/home/cgcollins91/projects/ENPME661_Project03_Phase02/build/turtlebot3_project3': CMAKE_PREFIX_PATH=${CMAKE_PREFIX_PATH}:/opt/ros/galactic:/opt/ros/foxy CONDA_PROMPT_MODIFIER=(base) /usr/bin/cmake /home/cgcollins91/projects/ENPME661_Project03_Phase02/Part02/src/turtlebot3_project3 -DCMAKE_INSTALL_PREFIX=/home/cgcollins91/projects/ENPME661_Project03_Phase02/install/turtlebot3_project3
[0.021s] -- Found ament_cmake: 1.1.6 (/opt/ros/galactic/share/ament_cmake/cmake)
[0.032s] -- Using PYTHON_EXECUTABLE: /home/cgcollins91/miniconda3/bin/python3
[0.107s] -- Found DART: /usr/include (Required is at least version "6.6") found components: dart 
[0.128s] -- Found Protobuf: /usr/lib/x86_64-linux-gnu/libprotobuf.so;-lpthread (found version "3.6.1") 
[0.129s] -- Looking for ignition-math6 -- found version 6.15.1
[0.132s] -- Searching for dependencies of ignition-math6
[0.133s] -- Looking for OGRE...
[0.137s] -- Found Ogre Ghadamon (1.9.0)
[0.137s] -- Found OGRE: optimized;/usr/lib/x86_64-linux-gnu/libOgreMain.so;debug;/usr/lib/x86_64-linux-gnu/libOgreMain.so
[0.142s] -- Looking for OGRE_Paging...
[0.142s] -- Found OGRE_Paging: optimized;/usr/lib/x86_64-linux-gnu/libOgrePaging.so;debug;/usr/lib/x86_64-linux-gnu/libOgrePaging.so
[0.142s] -- Looking for OGRE_Terrain...
[0.142s] -- Found OGRE_Terrain: optimized;/usr/lib/x86_64-linux-gnu/libOgreTerrain.so;debug;/usr/lib/x86_64-linux-gnu/libOgreTerrain.so
[0.142s] -- Looking for OGRE_Property...
[0.142s] -- Found OGRE_Property: optimized;/usr/lib/x86_64-linux-gnu/libOgreProperty.so;debug;/usr/lib/x86_64-linux-gnu/libOgreProperty.so
[0.142s] -- Looking for OGRE_RTShaderSystem...
[0.143s] -- Found OGRE_RTShaderSystem: optimized;/usr/lib/x86_64-linux-gnu/libOgreRTShaderSystem.so;debug;/usr/lib/x86_64-linux-gnu/libOgreRTShaderSystem.so
[0.143s] -- Looking for OGRE_Volume...
[0.143s] -- Found OGRE_Volume: optimized;/usr/lib/x86_64-linux-gnu/libOgreVolume.so;debug;/usr/lib/x86_64-linux-gnu/libOgreVolume.so
[0.143s] -- Looking for OGRE_Overlay...
[0.143s] -- Found OGRE_Overlay: optimized;/usr/lib/x86_64-linux-gnu/libOgreOverlay.so;debug;/usr/lib/x86_64-linux-gnu/libOgreOverlay.so
[0.226s] -- Looking for ignition-math6 -- found version 6.15.1
[0.226s] -- Looking for ignition-transport8 -- found version 8.5.0
[0.227s] -- Searching for dependencies of ignition-transport8
[0.249s] -- Config-file not installed for ZeroMQ -- checking for pkg-config
[0.252s] -- Checking for module 'libzmq >= 4'
[0.267s] --   Found libzmq , version 4.3.2
[0.309s] -- Checking for module 'uuid'
[0.323s] --   Found uuid, version 2.34.0
[0.362s] -- Looking for ignition-msgs5 -- found version 5.11.0
[0.362s] -- Searching for dependencies of ignition-msgs5
[0.380s] -- Found Protobuf: /usr/lib/x86_64-linux-gnu/libprotobuf.so;-lpthread (found suitable version "3.6.1", minimum required is "3") 
[0.381s] -- Looking for ignition-math6 -- found version 6.15.1
[0.384s] -- Checking for module 'tinyxml2'
[0.396s] --   Found tinyxml2, version 6.2.0
[0.436s] -- Looking for ignition-msgs5 -- found version 5.11.0
[0.437s] -- Looking for ignition-common3 -- found version 3.17.0
[0.437s] -- Searching for dependencies of ignition-common3
[0.437s] -- Looking for dlfcn.h - found
[0.437s] -- Looking for libdl - found
[0.443s] -- Searching for <ignition-common3> component [graphics]
[0.444s] -- Looking for ignition-common3-graphics -- found version 3.17.0
[0.444s] -- Searching for dependencies of ignition-common3-graphics
[0.444s] -- Looking for ignition-math6 -- found version 6.15.1
[0.445s] -- Looking for ignition-fuel_tools4 -- found version 4.9.1
[0.445s] -- Searching for dependencies of ignition-fuel_tools4
[0.463s] -- Checking for module 'jsoncpp'
[0.479s] --   Found jsoncpp, version 1.7.4
[0.519s] -- Checking for module 'libzip'
[0.532s] --   Found libzip, version 1.5.1
[0.570s] -- Looking for ignition-common3 -- found version 3.17.0
[0.570s] -- Looking for ignition-math6 -- found version 6.15.1
[0.570s] -- Looking for ignition-msgs5 -- found version 5.11.0
[0.580s] CMake Error at CMakeLists.txt:24 (find_package):
[0.580s]   By not providing "Findgazebo_ros_pkgs.cmake" in CMAKE_MODULE_PATH this
[0.580s]   project has asked CMake to find a package configuration file provided by
[0.580s]   "gazebo_ros_pkgs", but CMake did not find one.
[0.580s] 
[0.580s]   Could not find a package configuration file provided by "gazebo_ros_pkgs"
[0.580s]   with any of the following names:
[0.580s] 
[0.580s]     gazebo_ros_pkgsConfig.cmake
[0.580s]     gazebo_ros_pkgs-config.cmake
[0.580s] 
[0.580s]   Add the installation prefix of "gazebo_ros_pkgs" to CMAKE_PREFIX_PATH or
[0.580s]   set "gazebo_ros_pkgs_DIR" to a directory containing one of the above files.
[0.580s]   If "gazebo_ros_pkgs" provides a separate development package or SDK, be
[0.580s]   sure it has been installed.
[0.581s] 
[0.581s] 
[0.581s] -- Configuring incomplete, errors occurred!
[0.581s] See also "/home/cgcollins91/projects/ENPME661_Project03_Phase02/build/turtlebot3_project3/CMakeFiles/CMakeOutput.log".
[0.581s] See also "/home/cgcollins91/projects/ENPME661_Project03_Phase02/build/turtlebot3_project3/CMakeFiles/CMakeError.log".
[0.585s] Invoked command in '/home/cgcollins91/projects/ENPME661_Project03_Phase02/build/turtlebot3_project3' returned '1': CMAKE_PREFIX_PATH=${CMAKE_PREFIX_PATH}:/opt/ros/galactic:/opt/ros/foxy CONDA_PROMPT_MODIFIER=(base) /usr/bin/cmake /home/cgcollins91/projects/ENPME661_Project03_Phase02/Part02/src/turtlebot3_project3 -DCMAKE_INSTALL_PREFIX=/home/cgcollins91/projects/ENPME661_Project03_Phase02/install/turtlebot3_project3
