[0.011s] Invoking command in '/home/cgcollins91/projects/ENPME661_Project03_Phase02/build/turtlebot3_project3': CMAKE_PREFIX_PATH=/opt/ros/galactic:/opt/ros/foxy CONDA_PROMPT_MODIFIER=(base) /usr/bin/cmake /home/cgcollins91/projects/ENPME661_Project03_Phase02/Part02/src/turtlebot3_project3 -DCMAKE_INSTALL_PREFIX=/home/cgcollins91/projects/ENPME661_Project03_Phase02/install/turtlebot3_project3
[0.134s] -- The C compiler identification is GNU 9.4.0
[0.225s] -- The CXX compiler identification is GNU 9.4.0
[0.233s] -- Check for working C compiler: /usr/bin/cc
[0.292s] -- Check for working C compiler: /usr/bin/cc -- works
[0.293s] -- Detecting C compiler ABI info
[0.359s] -- Detecting C compiler ABI info - done
[0.366s] -- Detecting C compile features
[0.367s] -- Detecting C compile features - done
[0.369s] -- Check for working CXX compiler: /usr/bin/c++
[0.434s] -- Check for working CXX compiler: /usr/bin/c++ -- works
[0.435s] -- Detecting CXX compiler ABI info
[0.499s] -- Detecting CXX compiler ABI info - done
[0.507s] -- Detecting CXX compile features
[0.507s] -- Detecting CXX compile features - done
[0.509s] -- Found ament_cmake: 1.1.6 (/opt/ros/galactic/share/ament_cmake/cmake)
[0.523s] -- Found PythonInterp: /home/cgcollins91/miniconda3/bin/python3 (found suitable version "3.12.7", minimum required is "3") 
[0.523s] -- Using PYTHON_EXECUTABLE: /home/cgcollins91/miniconda3/bin/python3
[0.590s] CMake Error at CMakeLists.txt:23 (find_package):
[0.590s]   By not providing "Findgazebo.cmake" in CMAKE_MODULE_PATH this project has
[0.590s]   asked CMake to find a package configuration file provided by "gazebo", but
[0.590s]   CMake did not find one.
[0.590s] 
[0.590s]   Could not find a package configuration file provided by "gazebo" with any
[0.590s]   of the following names:
[0.590s] 
[0.590s]     gazeboConfig.cmake
[0.590s]     gazebo-config.cmake
[0.590s] 
[0.590s]   Add the installation prefix of "gazebo" to CMAKE_PREFIX_PATH or set
[0.590s]   "gazebo_DIR" to a directory containing one of the above files.  If "gazebo"
[0.590s]   provides a separate development package or SDK, be sure it has been
[0.590s]   installed.
[0.590s] 
[0.590s] 
[0.590s] -- Configuring incomplete, errors occurred!
[0.590s] See also "/home/cgcollins91/projects/ENPME661_Project03_Phase02/build/turtlebot3_project3/CMakeFiles/CMakeOutput.log".
[0.592s] Invoked command in '/home/cgcollins91/projects/ENPME661_Project03_Phase02/build/turtlebot3_project3' returned '1': CMAKE_PREFIX_PATH=/opt/ros/galactic:/opt/ros/foxy CONDA_PROMPT_MODIFIER=(base) /usr/bin/cmake /home/cgcollins91/projects/ENPME661_Project03_Phase02/Part02/src/turtlebot3_project3 -DCMAKE_INSTALL_PREFIX=/home/cgcollins91/projects/ENPME661_Project03_Phase02/install/turtlebot3_project3
