[0.008s] Invoking command in '/home/cgcollins91/projects/ENPME661_Project03_Phase02/build/turtlebot3_project3': CMAKE_PREFIX_PATH=${CMAKE_PREFIX_PATH}:/opt/ros/galactic:/opt/ros/foxy CONDA_PROMPT_MODIFIER=(base) /usr/bin/cmake /home/cgcollins91/projects/ENPME661_Project03_Phase02/Part02/src/turtlebot3_project3 -DCMAKE_INSTALL_PREFIX=/home/cgcollins91/projects/ENPME661_Project03_Phase02/install/turtlebot3_project3
[0.018s] -- Found ament_cmake: 1.1.6 (/opt/ros/galactic/share/ament_cmake/cmake)
[0.032s] -- Using PYTHON_EXECUTABLE: /home/cgcollins91/miniconda3/bin/python3
[0.108s] -- Found DART: /usr/include (Required is at least version "6.6") found components: dart 
[0.128s] -- Found Protobuf: /usr/lib/x86_64-linux-gnu/libprotobuf.so;-lpthread (found version "3.6.1") 
[0.129s] -- Looking for ignition-math6 -- found version 6.15.1
[0.131s] -- Searching for dependencies of ignition-math6
[0.132s] -- Looking for OGRE...
[0.136s] -- Found Ogre Ghadamon (1.9.0)
[0.136s] -- Found OGRE: optimized;/usr/lib/x86_64-linux-gnu/libOgreMain.so;debug;/usr/lib/x86_64-linux-gnu/libOgreMain.so
[0.141s] -- Looking for OGRE_Paging...
[0.142s] -- Found OGRE_Paging: optimized;/usr/lib/x86_64-linux-gnu/libOgrePaging.so;debug;/usr/lib/x86_64-linux-gnu/libOgrePaging.so
[0.142s] -- Looking for OGRE_Terrain...
[0.142s] -- Found OGRE_Terrain: optimized;/usr/lib/x86_64-linux-gnu/libOgreTerrain.so;debug;/usr/lib/x86_64-linux-gnu/libOgreTerrain.so
[0.142s] -- Looking for OGRE_Property...
[0.142s] -- Found OGRE_Property: optimized;/usr/lib/x86_64-linux-gnu/libOgreProperty.so;debug;/usr/lib/x86_64-linux-gnu/libOgreProperty.so
[0.142s] -- Looking for OGRE_RTShaderSystem...
[0.142s] -- Found OGRE_RTShaderSystem: optimized;/usr/lib/x86_64-linux-gnu/libOgreRTShaderSystem.so;debug;/usr/lib/x86_64-linux-gnu/libOgreRTShaderSystem.so
[0.142s] -- Looking for OGRE_Volume...
[0.142s] -- Found OGRE_Volume: optimized;/usr/lib/x86_64-linux-gnu/libOgreVolume.so;debug;/usr/lib/x86_64-linux-gnu/libOgreVolume.so
[0.142s] -- Looking for OGRE_Overlay...
[0.142s] -- Found OGRE_Overlay: optimized;/usr/lib/x86_64-linux-gnu/libOgreOverlay.so;debug;/usr/lib/x86_64-linux-gnu/libOgreOverlay.so
[0.222s] -- Looking for ignition-math6 -- found version 6.15.1
[0.222s] -- Looking for ignition-transport8 -- found version 8.5.0
[0.222s] -- Searching for dependencies of ignition-transport8
[0.244s] -- Config-file not installed for ZeroMQ -- checking for pkg-config
[0.247s] -- Checking for module 'libzmq >= 4'
[0.261s] --   Found libzmq , version 4.3.2
[0.306s] -- Checking for module 'uuid'
[0.322s] --   Found uuid, version 2.34.0
[0.359s] -- Looking for ignition-msgs5 -- found version 5.11.0
[0.360s] -- Searching for dependencies of ignition-msgs5
[0.375s] -- Found Protobuf: /usr/lib/x86_64-linux-gnu/libprotobuf.so;-lpthread (found suitable version "3.6.1", minimum required is "3") 
[0.375s] -- Looking for ignition-math6 -- found version 6.15.1
[0.379s] -- Checking for module 'tinyxml2'
[0.392s] --   Found tinyxml2, version 6.2.0
[0.430s] -- Looking for ignition-msgs5 -- found version 5.11.0
[0.430s] -- Looking for ignition-common3 -- found version 3.17.0
[0.430s] -- Searching for dependencies of ignition-common3
[0.431s] -- Looking for dlfcn.h - found
[0.431s] -- Looking for libdl - found
[0.437s] -- Searching for <ignition-common3> component [graphics]
[0.438s] -- Looking for ignition-common3-graphics -- found version 3.17.0
[0.438s] -- Searching for dependencies of ignition-common3-graphics
[0.438s] -- Looking for ignition-math6 -- found version 6.15.1
[0.439s] -- Looking for ignition-fuel_tools4 -- found version 4.9.1
[0.439s] -- Searching for dependencies of ignition-fuel_tools4
[0.461s] -- Checking for module 'jsoncpp'
[0.475s] --   Found jsoncpp, version 1.7.4
[0.514s] -- Checking for module 'libzip'
[0.528s] --   Found libzip, version 1.5.1
[0.568s] -- Looking for ignition-common3 -- found version 3.17.0
[0.569s] -- Looking for ignition-math6 -- found version 6.15.1
[0.569s] -- Looking for ignition-msgs5 -- found version 5.11.0
[0.571s] -- Found gazebo_ros_pkgs: 3.5.2 (/opt/ros/galactic/share/gazebo_ros_pkgs/cmake)
[0.573s] -- Found geometry_msgs: 2.2.4 (/opt/ros/galactic/share/geometry_msgs/cmake)
[0.589s] -- Using all available rosidl_typesupport_c: rosidl_typesupport_fastrtps_c;rosidl_typesupport_introspection_c
[0.593s] -- Found rosidl_adapter: 2.2.3 (/opt/ros/galactic/share/rosidl_adapter/cmake)
[0.669s] -- Found OpenSSL: /usr/lib/x86_64-linux-gnu/libcrypto.so (found version "1.1.1f")  
[0.687s] -- Found FastRTPS: /opt/ros/galactic/include  
[0.735s] -- Using all available rosidl_typesupport_cpp: rosidl_typesupport_fastrtps_cpp;rosidl_typesupport_introspection_cpp
[0.779s] -- Found nav_msgs: 2.2.4 (/opt/ros/galactic/share/nav_msgs/cmake)
[0.817s] -- Found rclcpp: 9.2.2 (/opt/ros/galactic/share/rclcpp/cmake)
[0.844s] -- Found rmw_implementation_cmake: 3.3.1 (/opt/ros/galactic/share/rmw_implementation_cmake/cmake)
[0.846s] -- Found rmw_cyclonedds_cpp: 0.22.6 (/opt/ros/galactic/share/rmw_cyclonedds_cpp/cmake)
[0.856s] -- Using RMW implementation 'rmw_cyclonedds_cpp' as default
[0.857s] -- Found Threads: TRUE  
[0.929s] -- Found sensor_msgs: 2.2.4 (/opt/ros/galactic/share/sensor_msgs/cmake)
[0.967s] -- Found tf2: 0.17.5 (/opt/ros/galactic/share/tf2/cmake)
[0.989s] Traceback (most recent call last):
[0.989s]   File "/opt/ros/galactic/share/ament_cmake_core/cmake/core/package_xml_2_cmake.py", line 22, in <module>
[0.989s]     from catkin_pkg.package import evaluate_condition
[0.989s] ModuleNotFoundError: No module named 'catkin_pkg'
[0.990s] CMake Error at /opt/ros/galactic/share/ament_cmake_core/cmake/core/ament_package_xml.cmake:94 (message):
[0.990s]   execute_process(/home/cgcollins91/miniconda3/bin/python3
[0.991s]   /opt/ros/galactic/share/ament_cmake_core/cmake/core/package_xml_2_cmake.py
[0.991s]   /home/cgcollins91/projects/ENPME661_Project03_Phase02/Part02/src/turtlebot3_project3/package.xml
[0.991s]   /home/cgcollins91/projects/ENPME661_Project03_Phase02/build/turtlebot3_project3/ament_cmake_core/package.cmake)
[0.991s]   returned error code 1
[0.991s] Call Stack (most recent call first):
[0.991s]   /opt/ros/galactic/share/ament_cmake_core/cmake/core/ament_package_xml.cmake:49 (_ament_package_xml)
[0.991s]   /opt/ros/galactic/share/ament_cmake_core/cmake/core/ament_package.cmake:63 (ament_package_xml)
[0.991s]   CMakeLists.txt:90 (ament_package)
[0.991s] 
[0.991s] 
[0.994s] -- Configuring incomplete, errors occurred!
[0.994s] See also "/home/cgcollins91/projects/ENPME661_Project03_Phase02/build/turtlebot3_project3/CMakeFiles/CMakeOutput.log".
[0.994s] See also "/home/cgcollins91/projects/ENPME661_Project03_Phase02/build/turtlebot3_project3/CMakeFiles/CMakeError.log".
[1.001s] Invoked command in '/home/cgcollins91/projects/ENPME661_Project03_Phase02/build/turtlebot3_project3' returned '1': CMAKE_PREFIX_PATH=${CMAKE_PREFIX_PATH}:/opt/ros/galactic:/opt/ros/foxy CONDA_PROMPT_MODIFIER=(base) /usr/bin/cmake /home/cgcollins91/projects/ENPME661_Project03_Phase02/Part02/src/turtlebot3_project3 -DCMAKE_INSTALL_PREFIX=/home/cgcollins91/projects/ENPME661_Project03_Phase02/install/turtlebot3_project3
