[0.009s] Invoking command in '/home/cgcollins91/projects/ENPME661_Project03_Phase02/project3_ws/build/turtlebot3_project3': CMAKE_PREFIX_PATH=${CMAKE_PREFIX_PATH}:/opt/ros/galactic /usr/bin/cmake --build /home/cgcollins91/projects/ENPME661_Project03_Phase02/project3_ws/build/turtlebot3_project3 -- -j16 -l16
[0.034s] -- Found ament_cmake: 1.1.6 (/opt/ros/galactic/share/ament_cmake/cmake)
[0.050s] -- Using PYTHON_EXECUTABLE: /usr/bin/python3
[0.119s] -- Found DART: /usr/include (Required is at least version "6.6") found components: dart 
[0.139s] -- Found Protobuf: /usr/lib/x86_64-linux-gnu/libprotobuf.so;-lpthread (found version "3.6.1") 
[0.140s] -- Looking for ignition-math6 -- found version 6.15.1
[0.143s] -- Searching for dependencies of ignition-math6
[0.144s] -- Looking for OGRE...
[0.147s] -- Found Ogre Ghadamon (1.9.0)
[0.147s] -- Found OGRE: optimized;/usr/lib/x86_64-linux-gnu/libOgreMain.so;debug;/usr/lib/x86_64-linux-gnu/libOgreMain.so
[0.153s] -- Looking for OGRE_Paging...
[0.153s] -- Found OGRE_Paging: optimized;/usr/lib/x86_64-linux-gnu/libOgrePaging.so;debug;/usr/lib/x86_64-linux-gnu/libOgrePaging.so
[0.153s] -- Looking for OGRE_Terrain...
[0.153s] -- Found OGRE_Terrain: optimized;/usr/lib/x86_64-linux-gnu/libOgreTerrain.so;debug;/usr/lib/x86_64-linux-gnu/libOgreTerrain.so
[0.153s] -- Looking for OGRE_Property...
[0.153s] -- Found OGRE_Property: optimized;/usr/lib/x86_64-linux-gnu/libOgreProperty.so;debug;/usr/lib/x86_64-linux-gnu/libOgreProperty.so
[0.153s] -- Looking for OGRE_RTShaderSystem...
[0.153s] -- Found OGRE_RTShaderSystem: optimized;/usr/lib/x86_64-linux-gnu/libOgreRTShaderSystem.so;debug;/usr/lib/x86_64-linux-gnu/libOgreRTShaderSystem.so
[0.153s] -- Looking for OGRE_Volume...
[0.153s] -- Found OGRE_Volume: optimized;/usr/lib/x86_64-linux-gnu/libOgreVolume.so;debug;/usr/lib/x86_64-linux-gnu/libOgreVolume.so
[0.153s] -- Looking for OGRE_Overlay...
[0.153s] -- Found OGRE_Overlay: optimized;/usr/lib/x86_64-linux-gnu/libOgreOverlay.so;debug;/usr/lib/x86_64-linux-gnu/libOgreOverlay.so
[0.230s] -- Looking for ignition-math6 -- found version 6.15.1
[0.230s] -- Looking for ignition-transport8 -- found version 8.5.0
[0.230s] -- Searching for dependencies of ignition-transport8
[0.252s] -- Config-file not installed for ZeroMQ -- checking for pkg-config
[0.255s] -- Checking for module 'libzmq >= 4'
[0.270s] --   Found libzmq , version 4.3.2
[0.311s] -- Checking for module 'uuid'
[0.325s] --   Found uuid, version 2.34.0
[0.363s] -- Looking for ignition-msgs5 -- found version 5.11.0
[0.363s] -- Searching for dependencies of ignition-msgs5
[0.379s] -- Found Protobuf: /usr/lib/x86_64-linux-gnu/libprotobuf.so;-lpthread (found suitable version "3.6.1", minimum required is "3") 
[0.380s] -- Looking for ignition-math6 -- found version 6.15.1
[0.383s] -- Checking for module 'tinyxml2'
[0.398s] --   Found tinyxml2, version 6.2.0
[0.438s] -- Looking for ignition-msgs5 -- found version 5.11.0
[0.438s] -- Looking for ignition-common3 -- found version 3.17.0
[0.439s] -- Searching for dependencies of ignition-common3
[0.439s] -- Looking for dlfcn.h - found
[0.439s] -- Looking for libdl - found
[0.445s] -- Searching for <ignition-common3> component [graphics]
[0.446s] -- Looking for ignition-common3-graphics -- found version 3.17.0
[0.446s] -- Searching for dependencies of ignition-common3-graphics
[0.446s] -- Looking for ignition-math6 -- found version 6.15.1
[0.447s] -- Looking for ignition-fuel_tools4 -- found version 4.9.1
[0.447s] -- Searching for dependencies of ignition-fuel_tools4
[0.466s] -- Checking for module 'jsoncpp'
[0.482s] --   Found jsoncpp, version 1.7.4
[0.526s] -- Checking for module 'libzip'
[0.540s] --   Found libzip, version 1.5.1
[0.575s] -- Looking for ignition-common3 -- found version 3.17.0
[0.575s] -- Looking for ignition-math6 -- found version 6.15.1
[0.576s] -- Looking for ignition-msgs5 -- found version 5.11.0
[0.577s] -- Found gazebo_ros_pkgs: 3.5.2 (/opt/ros/galactic/share/gazebo_ros_pkgs/cmake)
[0.577s] -- Found geometry_msgs: 2.2.4 (/opt/ros/galactic/share/geometry_msgs/cmake)
[0.587s] -- Using all available rosidl_typesupport_c: rosidl_typesupport_fastrtps_c;rosidl_typesupport_introspection_c
[0.589s] -- Found rosidl_adapter: 2.2.3 (/opt/ros/galactic/share/rosidl_adapter/cmake)
[0.664s] -- Using all available rosidl_typesupport_cpp: rosidl_typesupport_fastrtps_cpp;rosidl_typesupport_introspection_cpp
[0.705s] -- Found nav_msgs: 2.2.4 (/opt/ros/galactic/share/nav_msgs/cmake)
[0.742s] -- Found rclcpp: 9.2.2 (/opt/ros/galactic/share/rclcpp/cmake)
[0.764s] -- Found rmw_implementation_cmake: 3.3.1 (/opt/ros/galactic/share/rmw_implementation_cmake/cmake)
[0.765s] -- Found rmw_cyclonedds_cpp: 0.22.6 (/opt/ros/galactic/share/rmw_cyclonedds_cpp/cmake)
[0.775s] -- Using RMW implementation 'rmw_cyclonedds_cpp' as default
[0.843s] -- Found sensor_msgs: 2.2.4 (/opt/ros/galactic/share/sensor_msgs/cmake)
[0.880s] -- Found tf2: 0.17.5 (/opt/ros/galactic/share/tf2/cmake)
[0.923s] -- Configuring done
[0.930s] -- Generating done
[0.933s] -- Build files have been written to: /home/cgcollins91/projects/ENPME661_Project03_Phase02/project3_ws/build/turtlebot3_project3
[0.970s] [100%] Built target turtlebot3_drive
[0.979s] Invoked command in '/home/cgcollins91/projects/ENPME661_Project03_Phase02/project3_ws/build/turtlebot3_project3' returned '0': CMAKE_PREFIX_PATH=${CMAKE_PREFIX_PATH}:/opt/ros/galactic /usr/bin/cmake --build /home/cgcollins91/projects/ENPME661_Project03_Phase02/project3_ws/build/turtlebot3_project3 -- -j16 -l16
[0.990s] Invoking command in '/home/cgcollins91/projects/ENPME661_Project03_Phase02/project3_ws/build/turtlebot3_project3': CMAKE_PREFIX_PATH=${CMAKE_PREFIX_PATH}:/opt/ros/galactic /usr/bin/cmake --install /home/cgcollins91/projects/ENPME661_Project03_Phase02/project3_ws/build/turtlebot3_project3
[0.995s] -- Install configuration: ""
[0.995s] -- Up-to-date: /home/cgcollins91/projects/ENPME661_Project03_Phase02/project3_ws/install/turtlebot3_project3/lib/turtlebot3_project3/turtlebot3_drive
[0.996s] -- Up-to-date: /home/cgcollins91/projects/ENPME661_Project03_Phase02/project3_ws/install/turtlebot3_project3/share/turtlebot3_project3//launch
[0.996s] -- Up-to-date: /home/cgcollins91/projects/ENPME661_Project03_Phase02/project3_ws/install/turtlebot3_project3/share/turtlebot3_project3//launch/spawn_turtlebot3.launch.py
[0.996s] -- Up-to-date: /home/cgcollins91/projects/ENPME661_Project03_Phase02/project3_ws/install/turtlebot3_project3/share/turtlebot3_project3//launch/competition_world.launch.py
[0.996s] -- Up-to-date: /home/cgcollins91/projects/ENPME661_Project03_Phase02/project3_ws/install/turtlebot3_project3/share/turtlebot3_project3//launch/empty_world.launch.py
[0.996s] -- Up-to-date: /home/cgcollins91/projects/ENPME661_Project03_Phase02/project3_ws/install/turtlebot3_project3/share/turtlebot3_project3//launch/robot_state_publisher.launch.py
[0.996s] -- Up-to-date: /home/cgcollins91/projects/ENPME661_Project03_Phase02/project3_ws/install/turtlebot3_project3/share/turtlebot3_project3//models
[0.996s] -- Up-to-date: /home/cgcollins91/projects/ENPME661_Project03_Phase02/project3_ws/install/turtlebot3_project3/share/turtlebot3_project3//models/turtlebot3_common
[0.996s] -- Up-to-date: /home/cgcollins91/projects/ENPME661_Project03_Phase02/project3_ws/install/turtlebot3_project3/share/turtlebot3_project3//models/turtlebot3_common/meshes
[0.996s] -- Up-to-date: /home/cgcollins91/projects/ENPME661_Project03_Phase02/project3_ws/install/turtlebot3_project3/share/turtlebot3_project3//models/turtlebot3_common/meshes/waffle_base.dae
[0.996s] -- Up-to-date: /home/cgcollins91/projects/ENPME661_Project03_Phase02/project3_ws/install/turtlebot3_project3/share/turtlebot3_project3//models/turtlebot3_common/meshes/burger_base.dae
[0.996s] -- Up-to-date: /home/cgcollins91/projects/ENPME661_Project03_Phase02/project3_ws/install/turtlebot3_project3/share/turtlebot3_project3//models/turtlebot3_common/meshes/lds.dae
[0.996s] -- Up-to-date: /home/cgcollins91/projects/ENPME661_Project03_Phase02/project3_ws/install/turtlebot3_project3/share/turtlebot3_project3//models/turtlebot3_common/meshes/waffle_pi_base.dae
[0.996s] -- Up-to-date: /home/cgcollins91/projects/ENPME661_Project03_Phase02/project3_ws/install/turtlebot3_project3/share/turtlebot3_project3//models/turtlebot3_common/meshes/r200.dae
[0.996s] -- Up-to-date: /home/cgcollins91/projects/ENPME661_Project03_Phase02/project3_ws/install/turtlebot3_project3/share/turtlebot3_project3//models/turtlebot3_common/meshes/tire.dae
[0.997s] -- Up-to-date: /home/cgcollins91/projects/ENPME661_Project03_Phase02/project3_ws/install/turtlebot3_project3/share/turtlebot3_project3//models/turtlebot3_common/model.config
[0.997s] -- Up-to-date: /home/cgcollins91/projects/ENPME661_Project03_Phase02/project3_ws/install/turtlebot3_project3/share/turtlebot3_project3//models/project3
[0.997s] -- Up-to-date: /home/cgcollins91/projects/ENPME661_Project03_Phase02/project3_ws/install/turtlebot3_project3/share/turtlebot3_project3//models/project3/meshes
[0.997s] -- Up-to-date: /home/cgcollins91/projects/ENPME661_Project03_Phase02/project3_ws/install/turtlebot3_project3/share/turtlebot3_project3//models/project3/meshes/project3-world.STL
[0.997s] -- Up-to-date: /home/cgcollins91/projects/ENPME661_Project03_Phase02/project3_ws/install/turtlebot3_project3/share/turtlebot3_project3//models/project3/meshes/project3.STL
[0.997s] -- Up-to-date: /home/cgcollins91/projects/ENPME661_Project03_Phase02/project3_ws/install/turtlebot3_project3/share/turtlebot3_project3//models/project3/model.sdf
[0.997s] -- Up-to-date: /home/cgcollins91/projects/ENPME661_Project03_Phase02/project3_ws/install/turtlebot3_project3/share/turtlebot3_project3//models/project3/model.config
[0.997s] -- Up-to-date: /home/cgcollins91/projects/ENPME661_Project03_Phase02/project3_ws/install/turtlebot3_project3/share/turtlebot3_project3//models/turtlebot3_waffle
[0.997s] -- Up-to-date: /home/cgcollins91/projects/ENPME661_Project03_Phase02/project3_ws/install/turtlebot3_project3/share/turtlebot3_project3//models/turtlebot3_waffle/model-1_4.sdf
[0.997s] -- Up-to-date: /home/cgcollins91/projects/ENPME661_Project03_Phase02/project3_ws/install/turtlebot3_project3/share/turtlebot3_project3//models/turtlebot3_waffle/model.sdf
[0.997s] -- Up-to-date: /home/cgcollins91/projects/ENPME661_Project03_Phase02/project3_ws/install/turtlebot3_project3/share/turtlebot3_project3//models/turtlebot3_waffle/model.config
[0.997s] -- Up-to-date: /home/cgcollins91/projects/ENPME661_Project03_Phase02/project3_ws/install/turtlebot3_project3/share/turtlebot3_project3//models/turtlebot3_world
[0.997s] -- Up-to-date: /home/cgcollins91/projects/ENPME661_Project03_Phase02/project3_ws/install/turtlebot3_project3/share/turtlebot3_project3//models/turtlebot3_world/model-1_4.sdf
[0.997s] -- Up-to-date: /home/cgcollins91/projects/ENPME661_Project03_Phase02/project3_ws/install/turtlebot3_project3/share/turtlebot3_project3//models/turtlebot3_world/meshes
[0.997s] -- Up-to-date: /home/cgcollins91/projects/ENPME661_Project03_Phase02/project3_ws/install/turtlebot3_project3/share/turtlebot3_project3//models/turtlebot3_world/meshes/wall.dae
[0.997s] -- Up-to-date: /home/cgcollins91/projects/ENPME661_Project03_Phase02/project3_ws/install/turtlebot3_project3/share/turtlebot3_project3//models/turtlebot3_world/meshes/hexagon.dae
[0.997s] -- Up-to-date: /home/cgcollins91/projects/ENPME661_Project03_Phase02/project3_ws/install/turtlebot3_project3/share/turtlebot3_project3//models/turtlebot3_world/model.sdf
[0.997s] -- Up-to-date: /home/cgcollins91/projects/ENPME661_Project03_Phase02/project3_ws/install/turtlebot3_project3/share/turtlebot3_project3//models/turtlebot3_world/model.config
[0.998s] -- Up-to-date: /home/cgcollins91/projects/ENPME661_Project03_Phase02/project3_ws/install/turtlebot3_project3/share/turtlebot3_project3//rviz
[0.998s] -- Up-to-date: /home/cgcollins91/projects/ENPME661_Project03_Phase02/project3_ws/install/turtlebot3_project3/share/turtlebot3_project3//rviz/tb3_gazebo.rviz
[0.998s] -- Up-to-date: /home/cgcollins91/projects/ENPME661_Project03_Phase02/project3_ws/install/turtlebot3_project3/share/turtlebot3_project3//urdf
[0.998s] -- Up-to-date: /home/cgcollins91/projects/ENPME661_Project03_Phase02/project3_ws/install/turtlebot3_project3/share/turtlebot3_project3//urdf/common_properties.urdf
[0.998s] -- Up-to-date: /home/cgcollins91/projects/ENPME661_Project03_Phase02/project3_ws/install/turtlebot3_project3/share/turtlebot3_project3//urdf/turtlebot3_waffle.urdf
[0.998s] -- Up-to-date: /home/cgcollins91/projects/ENPME661_Project03_Phase02/project3_ws/install/turtlebot3_project3/share/turtlebot3_project3//worlds
[0.998s] -- Up-to-date: /home/cgcollins91/projects/ENPME661_Project03_Phase02/project3_ws/install/turtlebot3_project3/share/turtlebot3_project3//worlds/competition_world.world
[0.998s] -- Up-to-date: /home/cgcollins91/projects/ENPME661_Project03_Phase02/project3_ws/install/turtlebot3_project3/share/turtlebot3_project3//worlds/empty_world.world
[0.998s] -- Up-to-date: /home/cgcollins91/projects/ENPME661_Project03_Phase02/project3_ws/install/turtlebot3_project3/include/
[0.998s] -- Up-to-date: /home/cgcollins91/projects/ENPME661_Project03_Phase02/project3_ws/install/turtlebot3_project3/include//turtlebot3_project3
[0.998s] -- Up-to-date: /home/cgcollins91/projects/ENPME661_Project03_Phase02/project3_ws/install/turtlebot3_project3/include//turtlebot3_project3/turtlebot3_drive.hpp
[0.998s] -- Up-to-date: /home/cgcollins91/projects/ENPME661_Project03_Phase02/project3_ws/install/turtlebot3_project3/lib/turtlebot3_project3/teleop.py
[0.998s] -- Up-to-date: /home/cgcollins91/projects/ENPME661_Project03_Phase02/project3_ws/install/turtlebot3_project3/lib/turtlebot3_project3/odom_subscriber.py
[0.998s] -- Installing: /home/cgcollins91/projects/ENPME661_Project03_Phase02/project3_ws/install/turtlebot3_project3/lib/turtlebot3_project3/controller.py
[0.998s] -- Up-to-date: /home/cgcollins91/projects/ENPME661_Project03_Phase02/project3_ws/install/turtlebot3_project3/share/ament_index/resource_index/package_run_dependencies/turtlebot3_project3
[0.998s] -- Up-to-date: /home/cgcollins91/projects/ENPME661_Project03_Phase02/project3_ws/install/turtlebot3_project3/share/ament_index/resource_index/parent_prefix_path/turtlebot3_project3
[0.998s] -- Up-to-date: /home/cgcollins91/projects/ENPME661_Project03_Phase02/project3_ws/install/turtlebot3_project3/share/turtlebot3_project3/environment/ament_prefix_path.sh
[0.998s] -- Installing: /home/cgcollins91/projects/ENPME661_Project03_Phase02/project3_ws/install/turtlebot3_project3/share/turtlebot3_project3/environment/ament_prefix_path.dsv
[0.998s] -- Up-to-date: /home/cgcollins91/projects/ENPME661_Project03_Phase02/project3_ws/install/turtlebot3_project3/share/turtlebot3_project3/environment/path.sh
[0.999s] -- Installing: /home/cgcollins91/projects/ENPME661_Project03_Phase02/project3_ws/install/turtlebot3_project3/share/turtlebot3_project3/environment/path.dsv
[0.999s] -- Up-to-date: /home/cgcollins91/projects/ENPME661_Project03_Phase02/project3_ws/install/turtlebot3_project3/share/turtlebot3_project3/local_setup.bash
[0.999s] -- Up-to-date: /home/cgcollins91/projects/ENPME661_Project03_Phase02/project3_ws/install/turtlebot3_project3/share/turtlebot3_project3/local_setup.sh
[0.999s] -- Up-to-date: /home/cgcollins91/projects/ENPME661_Project03_Phase02/project3_ws/install/turtlebot3_project3/share/turtlebot3_project3/local_setup.zsh
[0.999s] -- Installing: /home/cgcollins91/projects/ENPME661_Project03_Phase02/project3_ws/install/turtlebot3_project3/share/turtlebot3_project3/local_setup.dsv
[0.999s] -- Installing: /home/cgcollins91/projects/ENPME661_Project03_Phase02/project3_ws/install/turtlebot3_project3/share/turtlebot3_project3/package.dsv
[0.999s] -- Up-to-date: /home/cgcollins91/projects/ENPME661_Project03_Phase02/project3_ws/install/turtlebot3_project3/share/ament_index/resource_index/packages/turtlebot3_project3
[0.999s] -- Up-to-date: /home/cgcollins91/projects/ENPME661_Project03_Phase02/project3_ws/install/turtlebot3_project3/share/turtlebot3_project3/cmake/ament_cmake_export_include_directories-extras.cmake
[0.999s] -- Up-to-date: /home/cgcollins91/projects/ENPME661_Project03_Phase02/project3_ws/install/turtlebot3_project3/share/turtlebot3_project3/cmake/ament_cmake_export_dependencies-extras.cmake
[0.999s] -- Up-to-date: /home/cgcollins91/projects/ENPME661_Project03_Phase02/project3_ws/install/turtlebot3_project3/share/turtlebot3_project3/cmake/turtlebot3_project3Config.cmake
[0.999s] -- Up-to-date: /home/cgcollins91/projects/ENPME661_Project03_Phase02/project3_ws/install/turtlebot3_project3/share/turtlebot3_project3/cmake/turtlebot3_project3Config-version.cmake
[0.999s] -- Up-to-date: /home/cgcollins91/projects/ENPME661_Project03_Phase02/project3_ws/install/turtlebot3_project3/share/turtlebot3_project3/package.xml
[1.000s] Invoked command in '/home/cgcollins91/projects/ENPME661_Project03_Phase02/project3_ws/build/turtlebot3_project3' returned '0': CMAKE_PREFIX_PATH=${CMAKE_PREFIX_PATH}:/opt/ros/galactic /usr/bin/cmake --install /home/cgcollins91/projects/ENPME661_Project03_Phase02/project3_ws/build/turtlebot3_project3
