[0.101s] DEBUG:colcon:Command line arguments: ['/usr/bin/colcon', 'build', '--packages-select', 'turtlebot3_project3']
[0.102s] DEBUG:colcon:Parsed command line arguments: Namespace(allow_overriding=[], ament_cmake_args=None, base_paths=['.'], build_base='build', catkin_cmake_args=None, catkin_skip_building_tests=False, cmake_args=None, cmake_clean_cache=False, cmake_clean_first=False, cmake_force_configure=False, cmake_target=None, cmake_target_skip_unavailable=False, continue_on_error=False, event_handlers=None, executor='parallel', ignore_user_meta=False, install_base='install', log_base=None, log_level=None, main=<bound method BuildVerb.main of <colcon_core.verb.build.BuildVerb object at 0x7fee4f57f5e0>>, merge_install=False, metas=['./colcon.meta'], packages_above=None, packages_above_and_dependencies=None, packages_above_depth=None, packages_end=None, packages_ignore=None, packages_ignore_regex=None, packages_select=['turtlebot3_project3'], packages_select_build_failed=False, packages_select_by_dep=None, packages_select_regex=None, packages_select_test_failures=False, packages_skip=None, packages_skip_build_finished=False, packages_skip_by_dep=None, packages_skip_regex=None, packages_skip_test_passed=False, packages_skip_up_to=None, packages_start=None, packages_up_to=None, packages_up_to_regex=None, parallel_workers=16, paths=None, symlink_install=False, test_result_base=None, verb_extension=<colcon_core.verb.build.BuildVerb object at 0x7fee4f57f5e0>, verb_name='build', verb_parser=<colcon_defaults.argument_parser.defaults.DefaultArgumentsDecorator object at 0x7fee4f57fe50>)
[0.179s] Level 1:colcon.colcon_core.package_discovery:discover_packages(colcon_meta) check parameters
[0.179s] Level 1:colcon.colcon_core.package_discovery:discover_packages(recursive) check parameters
[0.179s] Level 1:colcon.colcon_core.package_discovery:discover_packages(ignore) check parameters
[0.180s] Level 1:colcon.colcon_core.package_discovery:discover_packages(path) check parameters
[0.180s] Level 1:colcon.colcon_core.package_discovery:discover_packages(colcon_meta) discover
[0.180s] Level 1:colcon.colcon_core.package_discovery:discover_packages(recursive) discover
[0.180s] INFO:colcon.colcon_core.package_discovery:Crawling recursively for packages in '/home/cgcollins91/projects/ENPME661_Project03_Phase02'
[0.180s] Level 1:colcon.colcon_core.package_identification:_identify(.) by extensions ['ignore', 'ignore_ament_install']
[0.180s] Level 1:colcon.colcon_core.package_identification:_identify(.) by extension 'ignore'
[0.180s] Level 1:colcon.colcon_core.package_identification:_identify(.) by extension 'ignore_ament_install'
[0.180s] Level 1:colcon.colcon_core.package_identification:_identify(.) by extensions ['colcon_pkg']
[0.180s] Level 1:colcon.colcon_core.package_identification:_identify(.) by extension 'colcon_pkg'
[0.180s] Level 1:colcon.colcon_core.package_identification:_identify(.) by extensions ['colcon_meta']
[0.180s] Level 1:colcon.colcon_core.package_identification:_identify(.) by extension 'colcon_meta'
[0.180s] Level 1:colcon.colcon_core.package_identification:_identify(.) by extensions ['ros']
[0.180s] Level 1:colcon.colcon_core.package_identification:_identify(.) by extension 'ros'
[0.185s] Level 1:colcon.colcon_core.package_identification:_identify(.) by extensions ['cmake', 'python']
[0.185s] Level 1:colcon.colcon_core.package_identification:_identify(.) by extension 'cmake'
[0.185s] Level 1:colcon.colcon_core.package_identification:_identify(.) by extension 'python'
[0.185s] Level 1:colcon.colcon_core.package_identification:_identify(.) by extensions ['python_setup_py']
[0.185s] Level 1:colcon.colcon_core.package_identification:_identify(.) by extension 'python_setup_py'
[0.185s] Level 1:colcon.colcon_core.package_identification:_identify(Part01) by extensions ['ignore', 'ignore_ament_install']
[0.185s] Level 1:colcon.colcon_core.package_identification:_identify(Part01) by extension 'ignore'
[0.185s] Level 1:colcon.colcon_core.package_identification:_identify(Part01) by extension 'ignore_ament_install'
[0.185s] Level 1:colcon.colcon_core.package_identification:_identify(Part01) by extensions ['colcon_pkg']
[0.185s] Level 1:colcon.colcon_core.package_identification:_identify(Part01) by extension 'colcon_pkg'
[0.185s] Level 1:colcon.colcon_core.package_identification:_identify(Part01) by extensions ['colcon_meta']
[0.185s] Level 1:colcon.colcon_core.package_identification:_identify(Part01) by extension 'colcon_meta'
[0.185s] Level 1:colcon.colcon_core.package_identification:_identify(Part01) by extensions ['ros']
[0.185s] Level 1:colcon.colcon_core.package_identification:_identify(Part01) by extension 'ros'
[0.185s] Level 1:colcon.colcon_core.package_identification:_identify(Part01) by extensions ['cmake', 'python']
[0.185s] Level 1:colcon.colcon_core.package_identification:_identify(Part01) by extension 'cmake'
[0.185s] Level 1:colcon.colcon_core.package_identification:_identify(Part01) by extension 'python'
[0.185s] Level 1:colcon.colcon_core.package_identification:_identify(Part01) by extensions ['python_setup_py']
[0.185s] Level 1:colcon.colcon_core.package_identification:_identify(Part01) by extension 'python_setup_py'
[0.186s] Level 1:colcon.colcon_core.package_identification:_identify(Part02) by extensions ['ignore', 'ignore_ament_install']
[0.186s] Level 1:colcon.colcon_core.package_identification:_identify(Part02) by extension 'ignore'
[0.186s] Level 1:colcon.colcon_core.package_identification:_identify(Part02) by extension 'ignore_ament_install'
[0.186s] Level 1:colcon.colcon_core.package_identification:_identify(Part02) by extensions ['colcon_pkg']
[0.186s] Level 1:colcon.colcon_core.package_identification:_identify(Part02) by extension 'colcon_pkg'
[0.186s] Level 1:colcon.colcon_core.package_identification:_identify(Part02) by extensions ['colcon_meta']
[0.186s] Level 1:colcon.colcon_core.package_identification:_identify(Part02) by extension 'colcon_meta'
[0.186s] Level 1:colcon.colcon_core.package_identification:_identify(Part02) by extensions ['ros']
[0.186s] Level 1:colcon.colcon_core.package_identification:_identify(Part02) by extension 'ros'
[0.186s] Level 1:colcon.colcon_core.package_identification:_identify(Part02) by extensions ['cmake', 'python']
[0.186s] Level 1:colcon.colcon_core.package_identification:_identify(Part02) by extension 'cmake'
[0.186s] Level 1:colcon.colcon_core.package_identification:_identify(Part02) by extension 'python'
[0.186s] Level 1:colcon.colcon_core.package_identification:_identify(Part02) by extensions ['python_setup_py']
[0.186s] Level 1:colcon.colcon_core.package_identification:_identify(Part02) by extension 'python_setup_py'
[0.186s] Level 1:colcon.colcon_core.package_identification:_identify(Part02/src) by extensions ['ignore', 'ignore_ament_install']
[0.186s] Level 1:colcon.colcon_core.package_identification:_identify(Part02/src) by extension 'ignore'
[0.186s] Level 1:colcon.colcon_core.package_identification:_identify(Part02/src) by extension 'ignore_ament_install'
[0.186s] Level 1:colcon.colcon_core.package_identification:_identify(Part02/src) by extensions ['colcon_pkg']
[0.186s] Level 1:colcon.colcon_core.package_identification:_identify(Part02/src) by extension 'colcon_pkg'
[0.186s] Level 1:colcon.colcon_core.package_identification:_identify(Part02/src) by extensions ['colcon_meta']
[0.186s] Level 1:colcon.colcon_core.package_identification:_identify(Part02/src) by extension 'colcon_meta'
[0.186s] Level 1:colcon.colcon_core.package_identification:_identify(Part02/src) by extensions ['ros']
[0.186s] Level 1:colcon.colcon_core.package_identification:_identify(Part02/src) by extension 'ros'
[0.186s] Level 1:colcon.colcon_core.package_identification:_identify(Part02/src) by extensions ['cmake', 'python']
[0.186s] Level 1:colcon.colcon_core.package_identification:_identify(Part02/src) by extension 'cmake'
[0.186s] Level 1:colcon.colcon_core.package_identification:_identify(Part02/src) by extension 'python'
[0.186s] Level 1:colcon.colcon_core.package_identification:_identify(Part02/src) by extensions ['python_setup_py']
[0.186s] Level 1:colcon.colcon_core.package_identification:_identify(Part02/src) by extension 'python_setup_py'
[0.186s] Level 1:colcon.colcon_core.package_identification:_identify(Part02/src/turtlebot3_project3) by extensions ['ignore', 'ignore_ament_install']
[0.186s] Level 1:colcon.colcon_core.package_identification:_identify(Part02/src/turtlebot3_project3) by extension 'ignore'
[0.186s] Level 1:colcon.colcon_core.package_identification:_identify(Part02/src/turtlebot3_project3) by extension 'ignore_ament_install'
[0.186s] Level 1:colcon.colcon_core.package_identification:_identify(Part02/src/turtlebot3_project3) by extensions ['colcon_pkg']
[0.186s] Level 1:colcon.colcon_core.package_identification:_identify(Part02/src/turtlebot3_project3) by extension 'colcon_pkg'
[0.186s] Level 1:colcon.colcon_core.package_identification:_identify(Part02/src/turtlebot3_project3) by extensions ['colcon_meta']
[0.186s] Level 1:colcon.colcon_core.package_identification:_identify(Part02/src/turtlebot3_project3) by extension 'colcon_meta'
[0.186s] Level 1:colcon.colcon_core.package_identification:_identify(Part02/src/turtlebot3_project3) by extensions ['ros']
[0.186s] Level 1:colcon.colcon_core.package_identification:_identify(Part02/src/turtlebot3_project3) by extension 'ros'
[0.188s] DEBUG:colcon.colcon_core.package_identification:Package 'Part02/src/turtlebot3_project3' with type 'ros.ament_cmake' and name 'turtlebot3_project3'
[0.188s] Level 1:colcon.colcon_core.package_identification:_identify(build) by extensions ['ignore', 'ignore_ament_install']
[0.188s] Level 1:colcon.colcon_core.package_identification:_identify(build) by extension 'ignore'
[0.188s] Level 1:colcon.colcon_core.package_identification:_identify(build) ignored
[0.188s] Level 1:colcon.colcon_core.package_identification:_identify(install) by extensions ['ignore', 'ignore_ament_install']
[0.188s] Level 1:colcon.colcon_core.package_identification:_identify(install) by extension 'ignore'
[0.188s] Level 1:colcon.colcon_core.package_identification:_identify(install) ignored
[0.188s] Level 1:colcon.colcon_core.package_identification:_identify(log) by extensions ['ignore', 'ignore_ament_install']
[0.188s] Level 1:colcon.colcon_core.package_identification:_identify(log) by extension 'ignore'
[0.188s] Level 1:colcon.colcon_core.package_identification:_identify(log) ignored
[0.188s] Level 1:colcon.colcon_core.package_discovery:discover_packages(recursive) using defaults
[0.188s] Level 1:colcon.colcon_core.package_discovery:discover_packages(ignore) discover
[0.188s] Level 1:colcon.colcon_core.package_discovery:discover_packages(ignore) using defaults
[0.188s] Level 1:colcon.colcon_core.package_discovery:discover_packages(path) discover
[0.188s] Level 1:colcon.colcon_core.package_discovery:discover_packages(path) using defaults
[0.199s] Level 1:colcon.colcon_core.package_discovery:discover_packages(prefix_path) check parameters
[0.199s] Level 1:colcon.colcon_core.package_discovery:discover_packages(prefix_path) discover
[0.199s] WARNING:colcon.colcon_ros.prefix_path.ament:The path '/opt/ros/foxy' in the environment variable AMENT_PREFIX_PATH doesn't exist
[0.199s] WARNING:colcon.colcon_ros.prefix_path.catkin:The path '/usr/share/gazebo-11/cmake' in the environment variable CMAKE_PREFIX_PATH doesn't exist
[0.200s] DEBUG:colcon.colcon_installed_package_information.package_discovery:Found 275 installed packages in /opt/ros/galactic
[0.201s] Level 1:colcon.colcon_core.package_discovery:discover_packages(prefix_path) using defaults
[0.230s] Level 5:colcon.colcon_core.verb:set package 'turtlebot3_project3' build argument 'cmake_args' from command line to 'None'
[0.230s] Level 5:colcon.colcon_core.verb:set package 'turtlebot3_project3' build argument 'cmake_target' from command line to 'None'
[0.230s] Level 5:colcon.colcon_core.verb:set package 'turtlebot3_project3' build argument 'cmake_target_skip_unavailable' from command line to 'False'
[0.230s] Level 5:colcon.colcon_core.verb:set package 'turtlebot3_project3' build argument 'cmake_clean_cache' from command line to 'False'
[0.230s] Level 5:colcon.colcon_core.verb:set package 'turtlebot3_project3' build argument 'cmake_clean_first' from command line to 'False'
[0.230s] Level 5:colcon.colcon_core.verb:set package 'turtlebot3_project3' build argument 'cmake_force_configure' from command line to 'False'
[0.230s] Level 5:colcon.colcon_core.verb:set package 'turtlebot3_project3' build argument 'ament_cmake_args' from command line to 'None'
[0.230s] Level 5:colcon.colcon_core.verb:set package 'turtlebot3_project3' build argument 'catkin_cmake_args' from command line to 'None'
[0.230s] Level 5:colcon.colcon_core.verb:set package 'turtlebot3_project3' build argument 'catkin_skip_building_tests' from command line to 'False'
[0.230s] DEBUG:colcon.colcon_core.verb:Building package 'turtlebot3_project3' with the following arguments: {'ament_cmake_args': None, 'build_base': '/home/cgcollins91/projects/ENPME661_Project03_Phase02/build/turtlebot3_project3', 'catkin_cmake_args': None, 'catkin_skip_building_tests': False, 'cmake_args': None, 'cmake_clean_cache': False, 'cmake_clean_first': False, 'cmake_force_configure': False, 'cmake_target': None, 'cmake_target_skip_unavailable': False, 'install_base': '/home/cgcollins91/projects/ENPME661_Project03_Phase02/install/turtlebot3_project3', 'merge_install': False, 'path': '/home/cgcollins91/projects/ENPME661_Project03_Phase02/Part02/src/turtlebot3_project3', 'symlink_install': False, 'test_result_base': None}
[0.230s] INFO:colcon.colcon_core.executor:Executing jobs using 'parallel' executor
[0.231s] DEBUG:colcon.colcon_parallel_executor.executor.parallel:run_until_complete
[0.231s] INFO:colcon.colcon_ros.task.ament_cmake.build:Building ROS package in '/home/cgcollins91/projects/ENPME661_Project03_Phase02/Part02/src/turtlebot3_project3' with build type 'ament_cmake'
[0.231s] INFO:colcon.colcon_cmake.task.cmake.build:Building CMake package in '/home/cgcollins91/projects/ENPME661_Project03_Phase02/Part02/src/turtlebot3_project3'
[0.232s] INFO:colcon.colcon_core.plugin_system:Skipping extension 'colcon_core.shell.bat': Not used on non-Windows systems
[0.232s] INFO:colcon.colcon_core.shell:Skip shell extension 'powershell' for command environment: Not usable outside of PowerShell
[0.232s] DEBUG:colcon.colcon_core.shell:Skip shell extension 'dsv' for command environment
[0.239s] DEBUG:colcon.colcon_core.event_handler.log_command:Invoking command in '/home/cgcollins91/projects/ENPME661_Project03_Phase02/build/turtlebot3_project3': CMAKE_PREFIX_PATH=${CMAKE_PREFIX_PATH}:/opt/ros/galactic:/opt/ros/foxy CONDA_PROMPT_MODIFIER=(base) /usr/bin/cmake /home/cgcollins91/projects/ENPME661_Project03_Phase02/Part02/src/turtlebot3_project3 -DCMAKE_INSTALL_PREFIX=/home/cgcollins91/projects/ENPME661_Project03_Phase02/install/turtlebot3_project3
[1.194s] DEBUG:colcon.colcon_core.event_handler.log_command:Invoked command in '/home/cgcollins91/projects/ENPME661_Project03_Phase02/build/turtlebot3_project3' returned '0': CMAKE_PREFIX_PATH=${CMAKE_PREFIX_PATH}:/opt/ros/galactic:/opt/ros/foxy CONDA_PROMPT_MODIFIER=(base) /usr/bin/cmake /home/cgcollins91/projects/ENPME661_Project03_Phase02/Part02/src/turtlebot3_project3 -DCMAKE_INSTALL_PREFIX=/home/cgcollins91/projects/ENPME661_Project03_Phase02/install/turtlebot3_project3
[1.195s] DEBUG:colcon.colcon_core.event_handler.log_command:Invoking command in '/home/cgcollins91/projects/ENPME661_Project03_Phase02/build/turtlebot3_project3': CMAKE_PREFIX_PATH=${CMAKE_PREFIX_PATH}:/opt/ros/galactic:/opt/ros/foxy CONDA_PROMPT_MODIFIER=(base) /usr/bin/cmake --build /home/cgcollins91/projects/ENPME661_Project03_Phase02/build/turtlebot3_project3 -- -j16 -l16
[6.331s] DEBUG:colcon.colcon_core.event_handler.log_command:Invoked command in '/home/cgcollins91/projects/ENPME661_Project03_Phase02/build/turtlebot3_project3' returned '0': CMAKE_PREFIX_PATH=${CMAKE_PREFIX_PATH}:/opt/ros/galactic:/opt/ros/foxy CONDA_PROMPT_MODIFIER=(base) /usr/bin/cmake --build /home/cgcollins91/projects/ENPME661_Project03_Phase02/build/turtlebot3_project3 -- -j16 -l16
[6.342s] DEBUG:colcon.colcon_core.event_handler.log_command:Invoking command in '/home/cgcollins91/projects/ENPME661_Project03_Phase02/build/turtlebot3_project3': CMAKE_PREFIX_PATH=${CMAKE_PREFIX_PATH}:/opt/ros/galactic:/opt/ros/foxy CONDA_PROMPT_MODIFIER=(base) /usr/bin/cmake --install /home/cgcollins91/projects/ENPME661_Project03_Phase02/build/turtlebot3_project3
[6.366s] Level 1:colcon.colcon_core.environment:create_environment_scripts_only(turtlebot3_project3)
[6.367s] DEBUG:colcon.colcon_core.event_handler.log_command:Invoked command in '/home/cgcollins91/projects/ENPME661_Project03_Phase02/build/turtlebot3_project3' returned '0': CMAKE_PREFIX_PATH=${CMAKE_PREFIX_PATH}:/opt/ros/galactic:/opt/ros/foxy CONDA_PROMPT_MODIFIER=(base) /usr/bin/cmake --install /home/cgcollins91/projects/ENPME661_Project03_Phase02/build/turtlebot3_project3
[6.368s] Level 1:colcon.colcon_core.environment:checking '/home/cgcollins91/projects/ENPME661_Project03_Phase02/install/turtlebot3_project3' for CMake module files
[6.369s] Level 1:colcon.colcon_core.environment:checking '/home/cgcollins91/projects/ENPME661_Project03_Phase02/install/turtlebot3_project3' for CMake config files
[6.369s] Level 1:colcon.colcon_core.shell:create_environment_hook('turtlebot3_project3', 'cmake_prefix_path')
[6.369s] INFO:colcon.colcon_core.shell:Creating environment hook '/home/cgcollins91/projects/ENPME661_Project03_Phase02/install/turtlebot3_project3/share/turtlebot3_project3/hook/cmake_prefix_path.ps1'
[6.370s] INFO:colcon.colcon_core.shell:Creating environment descriptor '/home/cgcollins91/projects/ENPME661_Project03_Phase02/install/turtlebot3_project3/share/turtlebot3_project3/hook/cmake_prefix_path.dsv'
[6.371s] INFO:colcon.colcon_core.shell:Creating environment hook '/home/cgcollins91/projects/ENPME661_Project03_Phase02/install/turtlebot3_project3/share/turtlebot3_project3/hook/cmake_prefix_path.sh'
[6.372s] Level 1:colcon.colcon_core.environment:checking '/home/cgcollins91/projects/ENPME661_Project03_Phase02/install/turtlebot3_project3/lib'
[6.372s] Level 1:colcon.colcon_core.environment:checking '/home/cgcollins91/projects/ENPME661_Project03_Phase02/install/turtlebot3_project3/bin'
[6.372s] Level 1:colcon.colcon_core.environment:checking '/home/cgcollins91/projects/ENPME661_Project03_Phase02/install/turtlebot3_project3/lib/pkgconfig/turtlebot3_project3.pc'
[6.372s] Level 1:colcon.colcon_core.environment:checking '/home/cgcollins91/projects/ENPME661_Project03_Phase02/install/turtlebot3_project3/lib/python3.8/site-packages'
[6.372s] Level 1:colcon.colcon_core.environment:checking '/home/cgcollins91/projects/ENPME661_Project03_Phase02/install/turtlebot3_project3/bin'
[6.373s] INFO:colcon.colcon_core.shell:Creating package script '/home/cgcollins91/projects/ENPME661_Project03_Phase02/install/turtlebot3_project3/share/turtlebot3_project3/package.ps1'
[6.373s] INFO:colcon.colcon_core.shell:Creating package descriptor '/home/cgcollins91/projects/ENPME661_Project03_Phase02/install/turtlebot3_project3/share/turtlebot3_project3/package.dsv'
[6.374s] INFO:colcon.colcon_core.shell:Creating package script '/home/cgcollins91/projects/ENPME661_Project03_Phase02/install/turtlebot3_project3/share/turtlebot3_project3/package.sh'
[6.374s] INFO:colcon.colcon_core.shell:Creating package script '/home/cgcollins91/projects/ENPME661_Project03_Phase02/install/turtlebot3_project3/share/turtlebot3_project3/package.bash'
[6.375s] INFO:colcon.colcon_core.shell:Creating package script '/home/cgcollins91/projects/ENPME661_Project03_Phase02/install/turtlebot3_project3/share/turtlebot3_project3/package.zsh'
[6.375s] Level 1:colcon.colcon_core.environment:create_file_with_runtime_dependencies(/home/cgcollins91/projects/ENPME661_Project03_Phase02/install/turtlebot3_project3/share/colcon-core/packages/turtlebot3_project3)
[6.376s] Level 1:colcon.colcon_core.environment:create_environment_scripts_only(turtlebot3_project3)
[6.376s] Level 1:colcon.colcon_core.environment:checking '/home/cgcollins91/projects/ENPME661_Project03_Phase02/install/turtlebot3_project3' for CMake module files
[6.377s] Level 1:colcon.colcon_core.environment:checking '/home/cgcollins91/projects/ENPME661_Project03_Phase02/install/turtlebot3_project3' for CMake config files
[6.377s] Level 1:colcon.colcon_core.shell:create_environment_hook('turtlebot3_project3', 'cmake_prefix_path')
[6.377s] INFO:colcon.colcon_core.shell:Creating environment hook '/home/cgcollins91/projects/ENPME661_Project03_Phase02/install/turtlebot3_project3/share/turtlebot3_project3/hook/cmake_prefix_path.ps1'
[6.377s] INFO:colcon.colcon_core.shell:Creating environment descriptor '/home/cgcollins91/projects/ENPME661_Project03_Phase02/install/turtlebot3_project3/share/turtlebot3_project3/hook/cmake_prefix_path.dsv'
[6.378s] INFO:colcon.colcon_core.shell:Creating environment hook '/home/cgcollins91/projects/ENPME661_Project03_Phase02/install/turtlebot3_project3/share/turtlebot3_project3/hook/cmake_prefix_path.sh'
[6.378s] Level 1:colcon.colcon_core.environment:checking '/home/cgcollins91/projects/ENPME661_Project03_Phase02/install/turtlebot3_project3/lib'
[6.378s] Level 1:colcon.colcon_core.environment:checking '/home/cgcollins91/projects/ENPME661_Project03_Phase02/install/turtlebot3_project3/bin'
[6.378s] Level 1:colcon.colcon_core.environment:checking '/home/cgcollins91/projects/ENPME661_Project03_Phase02/install/turtlebot3_project3/lib/pkgconfig/turtlebot3_project3.pc'
[6.378s] Level 1:colcon.colcon_core.environment:checking '/home/cgcollins91/projects/ENPME661_Project03_Phase02/install/turtlebot3_project3/lib/python3.8/site-packages'
[6.379s] Level 1:colcon.colcon_core.environment:checking '/home/cgcollins91/projects/ENPME661_Project03_Phase02/install/turtlebot3_project3/bin'
[6.379s] INFO:colcon.colcon_core.shell:Creating package script '/home/cgcollins91/projects/ENPME661_Project03_Phase02/install/turtlebot3_project3/share/turtlebot3_project3/package.ps1'
[6.379s] INFO:colcon.colcon_core.shell:Creating package descriptor '/home/cgcollins91/projects/ENPME661_Project03_Phase02/install/turtlebot3_project3/share/turtlebot3_project3/package.dsv'
[6.379s] INFO:colcon.colcon_core.shell:Creating package script '/home/cgcollins91/projects/ENPME661_Project03_Phase02/install/turtlebot3_project3/share/turtlebot3_project3/package.sh'
[6.379s] INFO:colcon.colcon_core.shell:Creating package script '/home/cgcollins91/projects/ENPME661_Project03_Phase02/install/turtlebot3_project3/share/turtlebot3_project3/package.bash'
[6.380s] INFO:colcon.colcon_core.shell:Creating package script '/home/cgcollins91/projects/ENPME661_Project03_Phase02/install/turtlebot3_project3/share/turtlebot3_project3/package.zsh'
[6.380s] Level 1:colcon.colcon_core.environment:create_file_with_runtime_dependencies(/home/cgcollins91/projects/ENPME661_Project03_Phase02/install/turtlebot3_project3/share/colcon-core/packages/turtlebot3_project3)
[6.380s] DEBUG:colcon.colcon_parallel_executor.executor.parallel:closing loop
[6.380s] DEBUG:colcon.colcon_parallel_executor.executor.parallel:loop closed
[6.380s] DEBUG:colcon.colcon_parallel_executor.executor.parallel:run_until_complete finished with '0'
[6.380s] DEBUG:colcon.colcon_core.event_reactor:joining thread
[6.385s] INFO:colcon.colcon_core.plugin_system:Skipping extension 'colcon_notification.desktop_notification.terminal_notifier': Not used on non-Darwin systems
[6.385s] INFO:colcon.colcon_core.plugin_system:Skipping extension 'colcon_notification.desktop_notification.win32': Not used on non-Windows systems
[6.385s] INFO:colcon.colcon_notification.desktop_notification:Sending desktop notification using 'notify2'
[6.396s] DEBUG:colcon.colcon_core.event_reactor:joined thread
[6.396s] INFO:colcon.colcon_core.shell:Creating prefix script '/home/cgcollins91/projects/ENPME661_Project03_Phase02/install/local_setup.ps1'
[6.397s] INFO:colcon.colcon_core.shell:Creating prefix util module '/home/cgcollins91/projects/ENPME661_Project03_Phase02/install/_local_setup_util_ps1.py'
[6.398s] INFO:colcon.colcon_core.shell:Creating prefix chain script '/home/cgcollins91/projects/ENPME661_Project03_Phase02/install/setup.ps1'
[6.399s] INFO:colcon.colcon_core.shell:Creating prefix script '/home/cgcollins91/projects/ENPME661_Project03_Phase02/install/local_setup.sh'
[6.399s] INFO:colcon.colcon_core.shell:Creating prefix util module '/home/cgcollins91/projects/ENPME661_Project03_Phase02/install/_local_setup_util_sh.py'
[6.400s] INFO:colcon.colcon_core.shell:Creating prefix chain script '/home/cgcollins91/projects/ENPME661_Project03_Phase02/install/setup.sh'
[6.400s] INFO:colcon.colcon_core.shell:Creating prefix script '/home/cgcollins91/projects/ENPME661_Project03_Phase02/install/local_setup.bash'
[6.401s] INFO:colcon.colcon_core.shell:Creating prefix chain script '/home/cgcollins91/projects/ENPME661_Project03_Phase02/install/setup.bash'
[6.402s] INFO:colcon.colcon_core.shell:Creating prefix script '/home/cgcollins91/projects/ENPME661_Project03_Phase02/install/local_setup.zsh'
[6.402s] INFO:colcon.colcon_core.shell:Creating prefix chain script '/home/cgcollins91/projects/ENPME661_Project03_Phase02/install/setup.zsh'
