[0.008s] Invoking command in '/home/cgcollins91/projects/ENPME661_Project03_Phase02/project3_ws/build/turtlebot3_project3': CMAKE_PREFIX_PATH=${CMAKE_PREFIX_PATH}:/opt/ros/galactic:/opt/ros/foxy CONDA_PROMPT_MODIFIER=(base) /usr/bin/cmake /home/cgcollins91/projects/ENPME661_Project03_Phase02/project3_ws/src/turtlebot3_project3 -DCMAKE_INSTALL_PREFIX=/home/cgcollins91/projects/ENPME661_Project03_Phase02/project3_ws/install/turtlebot3_project3
[0.057s] -- The C compiler identification is GNU 9.4.0
[0.105s] -- The CXX compiler identification is GNU 9.4.0
[0.110s] -- Check for working C compiler: /usr/bin/cc
[0.169s] -- Check for working C compiler: /usr/bin/cc -- works
[0.170s] -- Detecting C compiler ABI info
[0.232s] -- Detecting C compiler ABI info - done
[0.241s] -- Detecting C compile features
[0.241s] -- Detecting C compile features - done
[0.242s] -- Check for working CXX compiler: /usr/bin/c++
[0.311s] -- Check for working CXX compiler: /usr/bin/c++ -- works
[0.312s] -- Detecting CXX compiler ABI info
[0.378s] -- Detecting CXX compiler ABI info - done
[0.386s] -- Detecting CXX compile features
[0.387s] -- Detecting CXX compile features - done
[0.388s] -- Found ament_cmake: 1.1.6 (/opt/ros/galactic/share/ament_cmake/cmake)
[0.401s] -- Found PythonInterp: /home/cgcollins91/miniconda3/bin/python3 (found suitable version "3.12.7", minimum required is "3") 
[0.401s] -- Using PYTHON_EXECUTABLE: /home/cgcollins91/miniconda3/bin/python3
[0.463s] -- Found PkgConfig: /usr/bin/pkg-config (found version "0.29.1") 
[0.466s] -- Checking for module 'bullet>=2.82'
[0.480s] --   Found bullet, version 2.88
[0.598s] -- Found ccd: /usr/include (found suitable version "2.0", minimum required is "2.0") 
[0.654s] -- Found fcl: /usr/include (found suitable version "0.5.0", minimum required is "0.3.2") 
[0.708s] -- Found assimp: /usr/include (found version "5.0.0") 
[0.722s] -- Found DART: /usr/include (Required is at least version "6.6") found components: dart 
[0.982s] -- Found Boost: /usr/lib/x86_64-linux-gnu/cmake/Boost-1.71.0/BoostConfig.cmake (found suitable version "1.71.0", minimum required is "1.40.0") found components: thread system filesystem program_options regex iostreams date_time 
[0.996s] -- Found Protobuf: /usr/lib/x86_64-linux-gnu/libprotobuf.so;-lpthread (found version "3.6.1") 
[0.999s] -- Looking for ignition-math6 -- found version 6.15.1
[1.003s] -- Searching for dependencies of ignition-math6
[1.004s] -- Looking for OGRE...
[1.004s] -- OGRE_PREFIX_WATCH changed.
[1.007s] -- Checking for module 'OGRE'
[1.022s] --   Found OGRE, version 1.9.0
[1.061s] -- Found Ogre Ghadamon (1.9.0)
[1.068s] -- Found OGRE: optimized;/usr/lib/x86_64-linux-gnu/libOgreMain.so;debug;/usr/lib/x86_64-linux-gnu/libOgreMain.so
[1.073s] -- Looking for OGRE_Paging...
[1.077s] -- Found OGRE_Paging: optimized;/usr/lib/x86_64-linux-gnu/libOgrePaging.so;debug;/usr/lib/x86_64-linux-gnu/libOgrePaging.so
[1.077s] -- Looking for OGRE_Terrain...
[1.080s] -- Found OGRE_Terrain: optimized;/usr/lib/x86_64-linux-gnu/libOgreTerrain.so;debug;/usr/lib/x86_64-linux-gnu/libOgreTerrain.so
[1.080s] -- Looking for OGRE_Property...
[1.084s] -- Found OGRE_Property: optimized;/usr/lib/x86_64-linux-gnu/libOgreProperty.so;debug;/usr/lib/x86_64-linux-gnu/libOgreProperty.so
[1.084s] -- Looking for OGRE_RTShaderSystem...
[1.087s] -- Found OGRE_RTShaderSystem: optimized;/usr/lib/x86_64-linux-gnu/libOgreRTShaderSystem.so;debug;/usr/lib/x86_64-linux-gnu/libOgreRTShaderSystem.so
[1.087s] -- Looking for OGRE_Volume...
[1.091s] -- Found OGRE_Volume: optimized;/usr/lib/x86_64-linux-gnu/libOgreVolume.so;debug;/usr/lib/x86_64-linux-gnu/libOgreVolume.so
[1.091s] -- Looking for OGRE_Overlay...
[1.095s] -- Found OGRE_Overlay: optimized;/usr/lib/x86_64-linux-gnu/libOgreOverlay.so;debug;/usr/lib/x86_64-linux-gnu/libOgreOverlay.so
[1.176s] -- Looking for ignition-math6 -- found version 6.15.1
[1.177s] -- Looking for ignition-transport8 -- found version 8.5.0
[1.178s] -- Searching for dependencies of ignition-transport8
[1.199s] -- Config-file not installed for ZeroMQ -- checking for pkg-config
[1.203s] -- Checking for module 'libzmq >= 4'
[1.218s] --   Found libzmq , version 4.3.2
[1.256s] -- Found ZeroMQ: TRUE (Required is at least version "4") 
[1.261s] -- Checking for module 'uuid'
[1.276s] --   Found uuid, version 2.34.0
[1.315s] -- Found UUID: TRUE  
[1.317s] -- Looking for ignition-msgs5 -- found version 5.11.0
[1.318s] -- Searching for dependencies of ignition-msgs5
[1.334s] -- Found Protobuf: /usr/lib/x86_64-linux-gnu/libprotobuf.so;-lpthread (found suitable version "3.6.1", minimum required is "3") 
[1.335s] -- Looking for ignition-math6 -- found version 6.15.1
[1.338s] -- Checking for module 'tinyxml2'
[1.351s] --   Found tinyxml2, version 6.2.0
[1.393s] -- Looking for ignition-msgs5 -- found version 5.11.0
[1.395s] -- Looking for ignition-common3 -- found version 3.17.0
[1.395s] -- Searching for dependencies of ignition-common3
[1.395s] -- Looking for dlfcn.h - found
[1.396s] -- Looking for libdl - found
[1.396s] -- Found DL: TRUE  
[1.401s] -- Searching for <ignition-common3> component [graphics]
[1.402s] -- Looking for ignition-common3-graphics -- found version 3.17.0
[1.403s] -- Searching for dependencies of ignition-common3-graphics
[1.403s] -- Looking for ignition-math6 -- found version 6.15.1
[1.405s] -- Looking for ignition-fuel_tools4 -- found version 4.9.1
[1.405s] -- Searching for dependencies of ignition-fuel_tools4
[1.468s] -- Found CURL: /usr/lib/x86_64-linux-gnu/libcurl.so (found version "7.68.0")  
[1.473s] -- Checking for module 'jsoncpp'
[1.486s] --   Found jsoncpp, version 1.7.4
[1.526s] -- Found JSONCPP: TRUE  
[1.532s] -- Checking for module 'libzip'
[1.546s] --   Found libzip, version 1.5.1
[1.585s] -- Found ZIP: TRUE  
[1.585s] -- Looking for ignition-common3 -- found version 3.17.0
[1.586s] -- Looking for ignition-math6 -- found version 6.15.1
[1.586s] -- Looking for ignition-msgs5 -- found version 5.11.0
[1.588s] -- Found gazebo_ros_pkgs: 3.5.2 (/opt/ros/galactic/share/gazebo_ros_pkgs/cmake)
[1.589s] -- Found geometry_msgs: 2.2.4 (/opt/ros/galactic/share/geometry_msgs/cmake)
[1.603s] -- Using all available rosidl_typesupport_c: rosidl_typesupport_fastrtps_c;rosidl_typesupport_introspection_c
[1.607s] -- Found rosidl_adapter: 2.2.3 (/opt/ros/galactic/share/rosidl_adapter/cmake)
[1.680s] -- Found OpenSSL: /usr/lib/x86_64-linux-gnu/libcrypto.so (found version "1.1.1f")  
[1.699s] -- Found FastRTPS: /opt/ros/galactic/include  
[1.747s] -- Using all available rosidl_typesupport_cpp: rosidl_typesupport_fastrtps_cpp;rosidl_typesupport_introspection_cpp
[1.794s] -- Found nav_msgs: 2.2.4 (/opt/ros/galactic/share/nav_msgs/cmake)
[1.832s] -- Found rclcpp: 9.2.2 (/opt/ros/galactic/share/rclcpp/cmake)
[1.859s] -- Found rmw_implementation_cmake: 3.3.1 (/opt/ros/galactic/share/rmw_implementation_cmake/cmake)
[1.861s] -- Found rmw_cyclonedds_cpp: 0.22.6 (/opt/ros/galactic/share/rmw_cyclonedds_cpp/cmake)
[1.871s] -- Using RMW implementation 'rmw_cyclonedds_cpp' as default
[1.872s] -- Found Threads: TRUE  
[1.946s] -- Found sensor_msgs: 2.2.4 (/opt/ros/galactic/share/sensor_msgs/cmake)
[1.984s] -- Found tf2: 0.17.5 (/opt/ros/galactic/share/tf2/cmake)
[2.044s] -- Configuring done
[2.051s] -- Generating done
[2.055s] -- Build files have been written to: /home/cgcollins91/projects/ENPME661_Project03_Phase02/project3_ws/build/turtlebot3_project3
[2.062s] Invoked command in '/home/cgcollins91/projects/ENPME661_Project03_Phase02/project3_ws/build/turtlebot3_project3' returned '0': CMAKE_PREFIX_PATH=${CMAKE_PREFIX_PATH}:/opt/ros/galactic:/opt/ros/foxy CONDA_PROMPT_MODIFIER=(base) /usr/bin/cmake /home/cgcollins91/projects/ENPME661_Project03_Phase02/project3_ws/src/turtlebot3_project3 -DCMAKE_INSTALL_PREFIX=/home/cgcollins91/projects/ENPME661_Project03_Phase02/project3_ws/install/turtlebot3_project3
[2.063s] Invoking command in '/home/cgcollins91/projects/ENPME661_Project03_Phase02/project3_ws/build/turtlebot3_project3': CMAKE_PREFIX_PATH=${CMAKE_PREFIX_PATH}:/opt/ros/galactic:/opt/ros/foxy CONDA_PROMPT_MODIFIER=(base) /usr/bin/cmake --build /home/cgcollins91/projects/ENPME661_Project03_Phase02/project3_ws/build/turtlebot3_project3 -- -j16 -l16
[2.101s] [35m[1mScanning dependencies of target turtlebot3_drive[0m
[2.143s] [ 50%] [32mBuilding CXX object CMakeFiles/turtlebot3_drive.dir/src/turtlebot3_drive.cpp.o[0m
[6.920s] [100%] [32m[1mLinking CXX executable turtlebot3_drive[0m
[7.145s] [100%] Built target turtlebot3_drive
[7.157s] Invoked command in '/home/cgcollins91/projects/ENPME661_Project03_Phase02/project3_ws/build/turtlebot3_project3' returned '0': CMAKE_PREFIX_PATH=${CMAKE_PREFIX_PATH}:/opt/ros/galactic:/opt/ros/foxy CONDA_PROMPT_MODIFIER=(base) /usr/bin/cmake --build /home/cgcollins91/projects/ENPME661_Project03_Phase02/project3_ws/build/turtlebot3_project3 -- -j16 -l16
[7.168s] Invoking command in '/home/cgcollins91/projects/ENPME661_Project03_Phase02/project3_ws/build/turtlebot3_project3': CMAKE_PREFIX_PATH=${CMAKE_PREFIX_PATH}:/opt/ros/galactic:/opt/ros/foxy CONDA_PROMPT_MODIFIER=(base) /usr/bin/cmake --install /home/cgcollins91/projects/ENPME661_Project03_Phase02/project3_ws/build/turtlebot3_project3
[7.174s] -- Install configuration: ""
[7.174s] -- Installing: /home/cgcollins91/projects/ENPME661_Project03_Phase02/project3_ws/install/turtlebot3_project3/lib/turtlebot3_project3/turtlebot3_drive
[7.177s] -- Set runtime path of "/home/cgcollins91/projects/ENPME661_Project03_Phase02/project3_ws/install/turtlebot3_project3/lib/turtlebot3_project3/turtlebot3_drive" to ""
[7.177s] -- Installing: /home/cgcollins91/projects/ENPME661_Project03_Phase02/project3_ws/install/turtlebot3_project3/share/turtlebot3_project3//launch
[7.177s] -- Installing: /home/cgcollins91/projects/ENPME661_Project03_Phase02/project3_ws/install/turtlebot3_project3/share/turtlebot3_project3//launch/spawn_turtlebot3.launch.py
[7.177s] -- Installing: /home/cgcollins91/projects/ENPME661_Project03_Phase02/project3_ws/install/turtlebot3_project3/share/turtlebot3_project3//launch/competition_world.launch.py
[7.177s] -- Installing: /home/cgcollins91/projects/ENPME661_Project03_Phase02/project3_ws/install/turtlebot3_project3/share/turtlebot3_project3//launch/empty_world.launch.py
[7.177s] -- Installing: /home/cgcollins91/projects/ENPME661_Project03_Phase02/project3_ws/install/turtlebot3_project3/share/turtlebot3_project3//launch/robot_state_publisher.launch.py
[7.177s] -- Installing: /home/cgcollins91/projects/ENPME661_Project03_Phase02/project3_ws/install/turtlebot3_project3/share/turtlebot3_project3//models
[7.178s] -- Installing: /home/cgcollins91/projects/ENPME661_Project03_Phase02/project3_ws/install/turtlebot3_project3/share/turtlebot3_project3//models/turtlebot3_common
[7.178s] -- Installing: /home/cgcollins91/projects/ENPME661_Project03_Phase02/project3_ws/install/turtlebot3_project3/share/turtlebot3_project3//models/turtlebot3_common/meshes
[7.178s] -- Installing: /home/cgcollins91/projects/ENPME661_Project03_Phase02/project3_ws/install/turtlebot3_project3/share/turtlebot3_project3//models/turtlebot3_common/meshes/waffle_base.dae
[7.178s] -- Installing: /home/cgcollins91/projects/ENPME661_Project03_Phase02/project3_ws/install/turtlebot3_project3/share/turtlebot3_project3//models/turtlebot3_common/meshes/burger_base.dae
[7.178s] -- Installing: /home/cgcollins91/projects/ENPME661_Project03_Phase02/project3_ws/install/turtlebot3_project3/share/turtlebot3_project3//models/turtlebot3_common/meshes/lds.dae
[7.178s] -- Installing: /home/cgcollins91/projects/ENPME661_Project03_Phase02/project3_ws/install/turtlebot3_project3/share/turtlebot3_project3//models/turtlebot3_common/meshes/waffle_pi_base.dae
[7.178s] -- Installing: /home/cgcollins91/projects/ENPME661_Project03_Phase02/project3_ws/install/turtlebot3_project3/share/turtlebot3_project3//models/turtlebot3_common/meshes/r200.dae
[7.178s] -- Installing: /home/cgcollins91/projects/ENPME661_Project03_Phase02/project3_ws/install/turtlebot3_project3/share/turtlebot3_project3//models/turtlebot3_common/meshes/tire.dae
[7.178s] -- Installing: /home/cgcollins91/projects/ENPME661_Project03_Phase02/project3_ws/install/turtlebot3_project3/share/turtlebot3_project3//models/turtlebot3_common/model.config
[7.178s] -- Installing: /home/cgcollins91/projects/ENPME661_Project03_Phase02/project3_ws/install/turtlebot3_project3/share/turtlebot3_project3//models/project3
[7.178s] -- Installing: /home/cgcollins91/projects/ENPME661_Project03_Phase02/project3_ws/install/turtlebot3_project3/share/turtlebot3_project3//models/project3/meshes
[7.178s] -- Installing: /home/cgcollins91/projects/ENPME661_Project03_Phase02/project3_ws/install/turtlebot3_project3/share/turtlebot3_project3//models/project3/meshes/project3-world.STL
[7.178s] -- Installing: /home/cgcollins91/projects/ENPME661_Project03_Phase02/project3_ws/install/turtlebot3_project3/share/turtlebot3_project3//models/project3/meshes/project3.STL
[7.178s] -- Installing: /home/cgcollins91/projects/ENPME661_Project03_Phase02/project3_ws/install/turtlebot3_project3/share/turtlebot3_project3//models/project3/model.sdf
[7.179s] -- Installing: /home/cgcollins91/projects/ENPME661_Project03_Phase02/project3_ws/install/turtlebot3_project3/share/turtlebot3_project3//models/project3/model.config
[7.179s] -- Installing: /home/cgcollins91/projects/ENPME661_Project03_Phase02/project3_ws/install/turtlebot3_project3/share/turtlebot3_project3//models/turtlebot3_waffle
[7.179s] -- Installing: /home/cgcollins91/projects/ENPME661_Project03_Phase02/project3_ws/install/turtlebot3_project3/share/turtlebot3_project3//models/turtlebot3_waffle/model-1_4.sdf
[7.179s] -- Installing: /home/cgcollins91/projects/ENPME661_Project03_Phase02/project3_ws/install/turtlebot3_project3/share/turtlebot3_project3//models/turtlebot3_waffle/model.sdf
[7.179s] -- Installing: /home/cgcollins91/projects/ENPME661_Project03_Phase02/project3_ws/install/turtlebot3_project3/share/turtlebot3_project3//models/turtlebot3_waffle/model.config
[7.179s] -- Installing: /home/cgcollins91/projects/ENPME661_Project03_Phase02/project3_ws/install/turtlebot3_project3/share/turtlebot3_project3//models/turtlebot3_world
[7.179s] -- Installing: /home/cgcollins91/projects/ENPME661_Project03_Phase02/project3_ws/install/turtlebot3_project3/share/turtlebot3_project3//models/turtlebot3_world/model-1_4.sdf
[7.179s] -- Installing: /home/cgcollins91/projects/ENPME661_Project03_Phase02/project3_ws/install/turtlebot3_project3/share/turtlebot3_project3//models/turtlebot3_world/meshes
[7.179s] -- Installing: /home/cgcollins91/projects/ENPME661_Project03_Phase02/project3_ws/install/turtlebot3_project3/share/turtlebot3_project3//models/turtlebot3_world/meshes/wall.dae
[7.179s] -- Installing: /home/cgcollins91/projects/ENPME661_Project03_Phase02/project3_ws/install/turtlebot3_project3/share/turtlebot3_project3//models/turtlebot3_world/meshes/hexagon.dae
[7.179s] -- Installing: /home/cgcollins91/projects/ENPME661_Project03_Phase02/project3_ws/install/turtlebot3_project3/share/turtlebot3_project3//models/turtlebot3_world/model.sdf
[7.179s] -- Installing: /home/cgcollins91/projects/ENPME661_Project03_Phase02/project3_ws/install/turtlebot3_project3/share/turtlebot3_project3//models/turtlebot3_world/model.config
[7.179s] -- Installing: /home/cgcollins91/projects/ENPME661_Project03_Phase02/project3_ws/install/turtlebot3_project3/share/turtlebot3_project3//rviz
[7.179s] -- Installing: /home/cgcollins91/projects/ENPME661_Project03_Phase02/project3_ws/install/turtlebot3_project3/share/turtlebot3_project3//rviz/tb3_gazebo.rviz
[7.179s] -- Installing: /home/cgcollins91/projects/ENPME661_Project03_Phase02/project3_ws/install/turtlebot3_project3/share/turtlebot3_project3//urdf
[7.179s] -- Installing: /home/cgcollins91/projects/ENPME661_Project03_Phase02/project3_ws/install/turtlebot3_project3/share/turtlebot3_project3//urdf/common_properties.urdf
[7.180s] -- Installing: /home/cgcollins91/projects/ENPME661_Project03_Phase02/project3_ws/install/turtlebot3_project3/share/turtlebot3_project3//urdf/turtlebot3_waffle.urdf
[7.180s] -- Installing: /home/cgcollins91/projects/ENPME661_Project03_Phase02/project3_ws/install/turtlebot3_project3/share/turtlebot3_project3//worlds
[7.180s] -- Installing: /home/cgcollins91/projects/ENPME661_Project03_Phase02/project3_ws/install/turtlebot3_project3/share/turtlebot3_project3//worlds/competition_world.world
[7.180s] -- Installing: /home/cgcollins91/projects/ENPME661_Project03_Phase02/project3_ws/install/turtlebot3_project3/share/turtlebot3_project3//worlds/empty_world.world
[7.180s] -- Installing: /home/cgcollins91/projects/ENPME661_Project03_Phase02/project3_ws/install/turtlebot3_project3/include/
[7.180s] -- Installing: /home/cgcollins91/projects/ENPME661_Project03_Phase02/project3_ws/install/turtlebot3_project3/include//turtlebot3_project3
[7.180s] -- Installing: /home/cgcollins91/projects/ENPME661_Project03_Phase02/project3_ws/install/turtlebot3_project3/include//turtlebot3_project3/turtlebot3_drive.hpp
[7.180s] -- Installing: /home/cgcollins91/projects/ENPME661_Project03_Phase02/project3_ws/install/turtlebot3_project3/lib/turtlebot3_project3/teleop.py
[7.180s] -- Installing: /home/cgcollins91/projects/ENPME661_Project03_Phase02/project3_ws/install/turtlebot3_project3/share/ament_index/resource_index/package_run_dependencies/turtlebot3_project3
[7.180s] -- Installing: /home/cgcollins91/projects/ENPME661_Project03_Phase02/project3_ws/install/turtlebot3_project3/share/ament_index/resource_index/parent_prefix_path/turtlebot3_project3
[7.180s] -- Installing: /home/cgcollins91/projects/ENPME661_Project03_Phase02/project3_ws/install/turtlebot3_project3/share/turtlebot3_project3/environment/ament_prefix_path.sh
[7.181s] -- Installing: /home/cgcollins91/projects/ENPME661_Project03_Phase02/project3_ws/install/turtlebot3_project3/share/turtlebot3_project3/environment/ament_prefix_path.dsv
[7.181s] -- Installing: /home/cgcollins91/projects/ENPME661_Project03_Phase02/project3_ws/install/turtlebot3_project3/share/turtlebot3_project3/environment/path.sh
[7.181s] -- Installing: /home/cgcollins91/projects/ENPME661_Project03_Phase02/project3_ws/install/turtlebot3_project3/share/turtlebot3_project3/environment/path.dsv
[7.181s] -- Installing: /home/cgcollins91/projects/ENPME661_Project03_Phase02/project3_ws/install/turtlebot3_project3/share/turtlebot3_project3/local_setup.bash
[7.181s] -- Installing: /home/cgcollins91/projects/ENPME661_Project03_Phase02/project3_ws/install/turtlebot3_project3/share/turtlebot3_project3/local_setup.sh
[7.181s] -- Installing: /home/cgcollins91/projects/ENPME661_Project03_Phase02/project3_ws/install/turtlebot3_project3/share/turtlebot3_project3/local_setup.zsh
[7.181s] -- Installing: /home/cgcollins91/projects/ENPME661_Project03_Phase02/project3_ws/install/turtlebot3_project3/share/turtlebot3_project3/local_setup.dsv
[7.181s] -- Installing: /home/cgcollins91/projects/ENPME661_Project03_Phase02/project3_ws/install/turtlebot3_project3/share/turtlebot3_project3/package.dsv
[7.181s] -- Installing: /home/cgcollins91/projects/ENPME661_Project03_Phase02/project3_ws/install/turtlebot3_project3/share/ament_index/resource_index/packages/turtlebot3_project3
[7.181s] -- Installing: /home/cgcollins91/projects/ENPME661_Project03_Phase02/project3_ws/install/turtlebot3_project3/share/turtlebot3_project3/cmake/ament_cmake_export_include_directories-extras.cmake
[7.181s] -- Installing: /home/cgcollins91/projects/ENPME661_Project03_Phase02/project3_ws/install/turtlebot3_project3/share/turtlebot3_project3/cmake/ament_cmake_export_dependencies-extras.cmake
[7.182s] -- Installing: /home/cgcollins91/projects/ENPME661_Project03_Phase02/project3_ws/install/turtlebot3_project3/share/turtlebot3_project3/cmake/turtlebot3_project3Config.cmake
[7.182s] -- Installing: /home/cgcollins91/projects/ENPME661_Project03_Phase02/project3_ws/install/turtlebot3_project3/share/turtlebot3_project3/cmake/turtlebot3_project3Config-version.cmake
[7.182s] -- Installing: /home/cgcollins91/projects/ENPME661_Project03_Phase02/project3_ws/install/turtlebot3_project3/share/turtlebot3_project3/package.xml
[7.183s] Invoked command in '/home/cgcollins91/projects/ENPME661_Project03_Phase02/project3_ws/build/turtlebot3_project3' returned '0': CMAKE_PREFIX_PATH=${CMAKE_PREFIX_PATH}:/opt/ros/galactic:/opt/ros/foxy CONDA_PROMPT_MODIFIER=(base) /usr/bin/cmake --install /home/cgcollins91/projects/ENPME661_Project03_Phase02/project3_ws/build/turtlebot3_project3
