[0.008s] Invoking command in '/home/cgcollins91/projects/ENPME661_Project03_Phase02/build/turtlebot3_project3': CMAKE_PREFIX_PATH=/opt/ros/galactic:/opt/ros/foxy CONDA_PROMPT_MODIFIER=(base) /usr/bin/cmake /home/cgcollins91/projects/ENPME661_Project03_Phase02/Part02/src/turtlebot3_project3 -DCMAKE_INSTALL_PREFIX=/home/cgcollins91/projects/ENPME661_Project03_Phase02/install/turtlebot3_project3
[0.020s] -- Found ament_cmake: 1.1.6 (/opt/ros/galactic/share/ament_cmake/cmake)
[0.030s] -- Using PYTHON_EXECUTABLE: /home/cgcollins91/miniconda3/bin/python3
[0.081s] -- Found PkgConfig: /usr/bin/pkg-config (found version "0.29.1") 
[0.084s] -- Checking for module 'bullet>=2.82'
[0.101s] --   Found bullet, version 2.88
[0.212s] -- Found ccd: /usr/include (found suitable version "2.0", minimum required is "2.0") 
[0.264s] -- Found fcl: /usr/include (found suitable version "0.5.0", minimum required is "0.3.2") 
[0.322s] -- Found assimp: /usr/include (found version "5.0.0") 
[0.342s] -- Found DART: /usr/include (Required is at least version "6.6") found components: dart 
[0.612s] -- Found Boost: /usr/lib/x86_64-linux-gnu/cmake/Boost-1.71.0/BoostConfig.cmake (found suitable version "1.71.0", minimum required is "1.40.0") found components: thread system filesystem program_options regex iostreams date_time 
[0.626s] -- Found Protobuf: /usr/lib/x86_64-linux-gnu/libprotobuf.so;-lpthread (found version "3.6.1") 
[0.631s] -- Looking for ignition-math6 -- found version 6.15.1
[0.640s] -- Searching for dependencies of ignition-math6
[0.641s] -- Looking for OGRE...
[0.642s] -- OGRE_PREFIX_WATCH changed.
[0.645s] -- Checking for module 'OGRE'
[0.660s] --   Found OGRE, version 1.9.0
[0.697s] -- Found Ogre Ghadamon (1.9.0)
[0.705s] -- Found OGRE: optimized;/usr/lib/x86_64-linux-gnu/libOgreMain.so;debug;/usr/lib/x86_64-linux-gnu/libOgreMain.so
[0.711s] -- Looking for OGRE_Paging...
[0.714s] -- Found OGRE_Paging: optimized;/usr/lib/x86_64-linux-gnu/libOgrePaging.so;debug;/usr/lib/x86_64-linux-gnu/libOgrePaging.so
[0.714s] -- Looking for OGRE_Terrain...
[0.718s] -- Found OGRE_Terrain: optimized;/usr/lib/x86_64-linux-gnu/libOgreTerrain.so;debug;/usr/lib/x86_64-linux-gnu/libOgreTerrain.so
[0.718s] -- Looking for OGRE_Property...
[0.721s] -- Found OGRE_Property: optimized;/usr/lib/x86_64-linux-gnu/libOgreProperty.so;debug;/usr/lib/x86_64-linux-gnu/libOgreProperty.so
[0.721s] -- Looking for OGRE_RTShaderSystem...
[0.725s] -- Found OGRE_RTShaderSystem: optimized;/usr/lib/x86_64-linux-gnu/libOgreRTShaderSystem.so;debug;/usr/lib/x86_64-linux-gnu/libOgreRTShaderSystem.so
[0.725s] -- Looking for OGRE_Volume...
[0.728s] -- Found OGRE_Volume: optimized;/usr/lib/x86_64-linux-gnu/libOgreVolume.so;debug;/usr/lib/x86_64-linux-gnu/libOgreVolume.so
[0.728s] -- Looking for OGRE_Overlay...
[0.732s] -- Found OGRE_Overlay: optimized;/usr/lib/x86_64-linux-gnu/libOgreOverlay.so;debug;/usr/lib/x86_64-linux-gnu/libOgreOverlay.so
[0.807s] -- Looking for ignition-math6 -- found version 6.15.1
[0.808s] -- Looking for ignition-transport8 -- found version 8.5.0
[0.809s] -- Searching for dependencies of ignition-transport8
[0.831s] -- Config-file not installed for ZeroMQ -- checking for pkg-config
[0.834s] -- Checking for module 'libzmq >= 4'
[0.848s] --   Found libzmq , version 4.3.2
[0.892s] -- Found ZeroMQ: TRUE (Required is at least version "4") 
[0.897s] -- Checking for module 'uuid'
[0.910s] --   Found uuid, version 2.34.0
[0.951s] -- Found UUID: TRUE  
[0.954s] -- Looking for ignition-msgs5 -- found version 5.11.0
[0.954s] -- Searching for dependencies of ignition-msgs5
[0.969s] -- Found Protobuf: /usr/lib/x86_64-linux-gnu/libprotobuf.so;-lpthread (found suitable version "3.6.1", minimum required is "3") 
[0.969s] -- Looking for ignition-math6 -- found version 6.15.1
[0.973s] -- Checking for module 'tinyxml2'
[0.985s] --   Found tinyxml2, version 6.2.0
[1.021s] -- Looking for ignition-msgs5 -- found version 5.11.0
[1.023s] -- Looking for ignition-common3 -- found version 3.17.0
[1.024s] -- Searching for dependencies of ignition-common3
[1.024s] -- Looking for dlfcn.h - found
[1.024s] -- Looking for libdl - found
[1.025s] -- Found DL: TRUE  
[1.030s] -- Searching for <ignition-common3> component [graphics]
[1.031s] -- Looking for ignition-common3-graphics -- found version 3.17.0
[1.032s] -- Searching for dependencies of ignition-common3-graphics
[1.032s] -- Looking for ignition-math6 -- found version 6.15.1
[1.034s] -- Looking for ignition-fuel_tools4 -- found version 4.9.1
[1.034s] -- Searching for dependencies of ignition-fuel_tools4
[1.107s] -- Found CURL: /usr/lib/x86_64-linux-gnu/libcurl.so (found version "7.68.0")  
[1.113s] -- Checking for module 'jsoncpp'
[1.128s] --   Found jsoncpp, version 1.7.4
[1.170s] -- Found JSONCPP: TRUE  
[1.174s] -- Checking for module 'libzip'
[1.188s] --   Found libzip, version 1.5.1
[1.229s] -- Found ZIP: TRUE  
[1.229s] -- Looking for ignition-common3 -- found version 3.17.0
[1.229s] -- Looking for ignition-math6 -- found version 6.15.1
[1.230s] -- Looking for ignition-msgs5 -- found version 5.11.0
[1.245s] CMake Error at CMakeLists.txt:24 (find_package):
[1.245s]   By not providing "Findgazebo_ros_pkgs.cmake" in CMAKE_MODULE_PATH this
[1.245s]   project has asked CMake to find a package configuration file provided by
[1.246s]   "gazebo_ros_pkgs", but CMake did not find one.
[1.246s] 
[1.246s]   Could not find a package configuration file provided by "gazebo_ros_pkgs"
[1.246s]   with any of the following names:
[1.246s] 
[1.246s]     gazebo_ros_pkgsConfig.cmake
[1.246s]     gazebo_ros_pkgs-config.cmake
[1.246s] 
[1.246s]   Add the installation prefix of "gazebo_ros_pkgs" to CMAKE_PREFIX_PATH or
[1.246s]   set "gazebo_ros_pkgs_DIR" to a directory containing one of the above files.
[1.246s]   If "gazebo_ros_pkgs" provides a separate development package or SDK, be
[1.246s]   sure it has been installed.
[1.246s] 
[1.246s] 
[1.246s] -- Configuring incomplete, errors occurred!
[1.246s] See also "/home/cgcollins91/projects/ENPME661_Project03_Phase02/build/turtlebot3_project3/CMakeFiles/CMakeOutput.log".
[1.246s] See also "/home/cgcollins91/projects/ENPME661_Project03_Phase02/build/turtlebot3_project3/CMakeFiles/CMakeError.log".
[1.251s] Invoked command in '/home/cgcollins91/projects/ENPME661_Project03_Phase02/build/turtlebot3_project3' returned '1': CMAKE_PREFIX_PATH=/opt/ros/galactic:/opt/ros/foxy CONDA_PROMPT_MODIFIER=(base) /usr/bin/cmake /home/cgcollins91/projects/ENPME661_Project03_Phase02/Part02/src/turtlebot3_project3 -DCMAKE_INSTALL_PREFIX=/home/cgcollins91/projects/ENPME661_Project03_Phase02/install/turtlebot3_project3
