[0.005s] Invoking command in '/home/cgcollins91/Projects/ENPME661_Project03_Phase02/project3_ws/build/turtlebot3_project3': CMAKE_PREFIX_PATH=/opt/ros/humble CONDA_PROMPT_MODIFIER=(base) /usr/bin/cmake /home/cgcollins91/Projects/ENPME661_Project03_Phase02/project3_ws/src -DAMENT_CMAKE_SYMLINK_INSTALL=1 -DCMAKE_INSTALL_PREFIX=/home/cgcollins91/Projects/ENPME661_Project03_Phase02/project3_ws/install/turtlebot3_project3
[0.014s] -- Found ament_cmake: 1.3.11 (/opt/ros/humble/share/ament_cmake/cmake)
[0.084s] -- Override CMake install command with custom implementation using symlinks instead of copying resources
[0.093s] [33mCMake Warning (dev) at /usr/share/cmake-3.22/Modules/FindPackageHandleStandardArgs.cmake:438 (message):
[0.093s]   The package name passed to `find_package_handle_standard_args` (PkgConfig)
[0.093s]   does not match the name of the calling package (gazebo).  This can lead to
[0.093s]   problems in calling code that expects `find_package` result variables
[0.093s]   (e.g., `_FOUND`) to follow a certain pattern.
[0.093s] Call Stack (most recent call first):
[0.093s]   /usr/share/cmake-3.22/Modules/FindPkgConfig.cmake:99 (find_package_handle_standard_args)
[0.093s]   /usr/lib/x86_64-linux-gnu/cmake/gazebo/gazebo-config.cmake:72 (include)
[0.093s]   CMakeLists.txt:23 (find_package)
[0.093s] This warning is for project developers.  Use -Wno-dev to suppress it.
[0.093s] [0m
[0.093s] -- Found PkgConfig: /usr/bin/pkg-config (found version "0.29.2") 
[0.095s] -- Checking for module 'bullet>=2.82'
[0.103s] --   Found bullet, version 3.05
[0.167s] -- Found fcl: /usr/include (found suitable version "0.7.0", minimum required is "0.5.0") 
[0.198s] -- Found assimp: /usr/include (found version "5.2.0") 
[0.209s] -- Found DART: /usr/include (Required is at least version "6.6") found components: dart 
[0.335s] -- Found Boost: /usr/lib/x86_64-linux-gnu/cmake/Boost-1.74.0/BoostConfig.cmake (found suitable version "1.74.0", minimum required is "1.40.0") found components: thread system filesystem program_options regex iostreams date_time 
[0.345s] -- Found Protobuf: /usr/lib/x86_64-linux-gnu/libprotobuf.so (found version "3.12.4") 
[0.348s] -- Looking for ignition-math6 -- found version 6.15.1
[0.353s] -- Searching for dependencies of ignition-math6
[0.354s] -- Looking for OGRE...
[0.354s] -- OGRE_PREFIX_WATCH changed.
[0.357s] -- Checking for module 'OGRE'
[0.365s] --   Found OGRE, version 1.9.0
[0.386s] -- Found Ogre Ghadamon (1.9.0)
[0.392s] -- Found OGRE: optimized;/usr/lib/x86_64-linux-gnu/libOgreMain.so;debug;/usr/lib/x86_64-linux-gnu/libOgreMain.so
[0.398s] -- Looking for OGRE_Paging...
[0.401s] -- Found OGRE_Paging: optimized;/usr/lib/x86_64-linux-gnu/libOgrePaging.so;debug;/usr/lib/x86_64-linux-gnu/libOgrePaging.so
[0.402s] -- Looking for OGRE_Terrain...
[0.404s] -- Found OGRE_Terrain: optimized;/usr/lib/x86_64-linux-gnu/libOgreTerrain.so;debug;/usr/lib/x86_64-linux-gnu/libOgreTerrain.so
[0.404s] -- Looking for OGRE_Property...
[0.408s] -- Found OGRE_Property: optimized;/usr/lib/x86_64-linux-gnu/libOgreProperty.so;debug;/usr/lib/x86_64-linux-gnu/libOgreProperty.so
[0.408s] -- Looking for OGRE_RTShaderSystem...
[0.411s] -- Found OGRE_RTShaderSystem: optimized;/usr/lib/x86_64-linux-gnu/libOgreRTShaderSystem.so;debug;/usr/lib/x86_64-linux-gnu/libOgreRTShaderSystem.so
[0.411s] -- Looking for OGRE_Volume...
[0.414s] -- Found OGRE_Volume: optimized;/usr/lib/x86_64-linux-gnu/libOgreVolume.so;debug;/usr/lib/x86_64-linux-gnu/libOgreVolume.so
[0.414s] -- Looking for OGRE_Overlay...
[0.417s] -- Found OGRE_Overlay: optimized;/usr/lib/x86_64-linux-gnu/libOgreOverlay.so;debug;/usr/lib/x86_64-linux-gnu/libOgreOverlay.so
[0.483s] -- Looking for ignition-math6 -- found version 6.15.1
[0.484s] -- Looking for ignition-transport8 -- found version 8.2.1
[0.484s] -- Searching for dependencies of ignition-transport8
[0.495s] -- Found Protobuf: /usr/lib/x86_64-linux-gnu/libprotobuf.so (found suitable version "3.12.4", minimum required is "3") 
[0.502s] -- Config-file not installed for ZeroMQ -- checking for pkg-config
[0.505s] -- Checking for module 'libzmq >= 4'
[0.514s] --   Found libzmq , version 4.3.4
[0.537s] -- Found ZeroMQ: TRUE (Required is at least version "4") 
[0.541s] -- Checking for module 'uuid'
[0.548s] --   Found uuid, version 2.37.2
[0.570s] -- Found UUID: TRUE  
[0.571s] -- Looking for ignition-msgs5 -- found version 5.8.1
[0.571s] -- Searching for dependencies of ignition-msgs5
[0.583s] -- Looking for ignition-math6 -- found version 6.15.1
[0.586s] -- Checking for module 'tinyxml2'
[0.595s] --   Found tinyxml2, version 9.0.0
[0.616s] -- Looking for ignition-msgs5 -- found version 5.8.1
[0.617s] -- Looking for ignition-common3 -- found version 3.14.0
[0.617s] -- Searching for dependencies of ignition-common3
[0.618s] -- Looking for dlfcn.h - found
[0.618s] -- Looking for libdl - found
[0.619s] -- Found DL: TRUE  
[0.625s] -- Found tinyobjloader: /usr/lib/x86_64-linux-gnu/cmake/tinyobjloader/tinyobjloader-config.cmake (found version "2.0.0") 
[0.626s] -- Searching for <ignition-common3> component [graphics]
[0.627s] -- Looking for ignition-common3-graphics -- found version 3.14.0
[0.627s] -- Searching for dependencies of ignition-common3-graphics
[0.627s] -- Looking for ignition-math6 -- found version 6.15.1
[0.629s] -- Looking for ignition-fuel_tools4 -- found version 4.4.0
[0.629s] -- Searching for dependencies of ignition-fuel_tools4
[0.677s] -- Found CURL: /usr/lib/x86_64-linux-gnu/libcurl.so (found version "7.81.0")  
[0.681s] -- Checking for module 'jsoncpp'
[0.689s] --   Found jsoncpp, version 1.9.5
[0.711s] -- Found JSONCPP: TRUE  
[0.714s] -- Checking for module 'libzip'
[0.722s] --   Found libzip, version 1.7.3
[0.742s] -- Found ZIP: TRUE  
[0.743s] -- Looking for ignition-common3 -- found version 3.14.0
[0.743s] -- Looking for ignition-math6 -- found version 6.15.1
[0.743s] -- Looking for ignition-msgs5 -- found version 5.8.1
[0.745s] -- Found gazebo_ros_pkgs: 3.9.0 (/opt/ros/humble/share/gazebo_ros_pkgs/cmake)
[0.746s] -- Found geometry_msgs: 4.8.0 (/opt/ros/humble/share/geometry_msgs/cmake)
[0.762s] -- Found rosidl_generator_c: 3.1.6 (/opt/ros/humble/share/rosidl_generator_c/cmake)
[0.764s] -- Found rosidl_adapter: 3.1.6 (/opt/ros/humble/share/rosidl_adapter/cmake)
[0.768s] -- Found rosidl_generator_cpp: 3.1.6 (/opt/ros/humble/share/rosidl_generator_cpp/cmake)
[0.774s] -- Using all available rosidl_typesupport_c: rosidl_typesupport_fastrtps_c;rosidl_typesupport_introspection_c
[0.782s] -- Using all available rosidl_typesupport_cpp: rosidl_typesupport_fastrtps_cpp;rosidl_typesupport_introspection_cpp
[0.803s] -- Found nav_msgs: 4.8.0 (/opt/ros/humble/share/nav_msgs/cmake)
[0.813s] -- Found rclcpp: 16.0.12 (/opt/ros/humble/share/rclcpp/cmake)
[0.831s] -- Found rmw_implementation_cmake: 6.1.2 (/opt/ros/humble/share/rmw_implementation_cmake/cmake)
[0.833s] -- Found rmw_fastrtps_cpp: 6.2.7 (/opt/ros/humble/share/rmw_fastrtps_cpp/cmake)
[0.886s] -- Found OpenSSL: /usr/lib/x86_64-linux-gnu/libcrypto.so (found version "3.0.2")  
[0.901s] -- Found FastRTPS: /opt/ros/humble/include  
[0.926s] -- Using RMW implementation 'rmw_fastrtps_cpp' as default
[0.930s] -- Found Threads: TRUE  
[0.950s] -- Found sensor_msgs: 4.8.0 (/opt/ros/humble/share/sensor_msgs/cmake)
[0.960s] -- Found tf2: 0.25.12 (/opt/ros/humble/share/tf2/cmake)
[1.002s] -- Configuring done
[1.010s] -- Generating done
[1.013s] -- Build files have been written to: /home/cgcollins91/Projects/ENPME661_Project03_Phase02/project3_ws/build/turtlebot3_project3
[1.019s] Invoked command in '/home/cgcollins91/Projects/ENPME661_Project03_Phase02/project3_ws/build/turtlebot3_project3' returned '0': CMAKE_PREFIX_PATH=/opt/ros/humble CONDA_PROMPT_MODIFIER=(base) /usr/bin/cmake /home/cgcollins91/Projects/ENPME661_Project03_Phase02/project3_ws/src -DAMENT_CMAKE_SYMLINK_INSTALL=1 -DCMAKE_INSTALL_PREFIX=/home/cgcollins91/Projects/ENPME661_Project03_Phase02/project3_ws/install/turtlebot3_project3
[1.020s] Invoking command in '/home/cgcollins91/Projects/ENPME661_Project03_Phase02/project3_ws/build/turtlebot3_project3': CMAKE_PREFIX_PATH=/opt/ros/humble CONDA_PROMPT_MODIFIER=(base) /usr/bin/cmake --build /home/cgcollins91/Projects/ENPME661_Project03_Phase02/project3_ws/build/turtlebot3_project3 -- -j16 -l16
[1.053s] [ 50%] [32mBuilding CXX object CMakeFiles/turtlebot3_drive.dir/src/turtlebot3_drive.cpp.o[0m
[7.053s] [100%] [32m[1mLinking CXX executable turtlebot3_drive[0m
[7.338s] [100%] Built target turtlebot3_drive
[7.346s] Invoked command in '/home/cgcollins91/Projects/ENPME661_Project03_Phase02/project3_ws/build/turtlebot3_project3' returned '0': CMAKE_PREFIX_PATH=/opt/ros/humble CONDA_PROMPT_MODIFIER=(base) /usr/bin/cmake --build /home/cgcollins91/Projects/ENPME661_Project03_Phase02/project3_ws/build/turtlebot3_project3 -- -j16 -l16
[7.352s] Invoking command in '/home/cgcollins91/Projects/ENPME661_Project03_Phase02/project3_ws/build/turtlebot3_project3': CMAKE_PREFIX_PATH=/opt/ros/humble CONDA_PROMPT_MODIFIER=(base) /usr/bin/cmake --install /home/cgcollins91/Projects/ENPME661_Project03_Phase02/project3_ws/build/turtlebot3_project3
[7.355s] -- Install configuration: ""
[7.356s] -- Execute custom install script
[7.356s] -- Symlinking: /home/cgcollins91/Projects/ENPME661_Project03_Phase02/project3_ws/install/turtlebot3_project3/lib/turtlebot3_project3/turtlebot3_drive
[7.362s] -- Symlinking: /home/cgcollins91/Projects/ENPME661_Project03_Phase02/project3_ws/install/turtlebot3_project3/share/turtlebot3_project3//launch/competition_world.launch.py
[7.367s] -- Symlinking: /home/cgcollins91/Projects/ENPME661_Project03_Phase02/project3_ws/install/turtlebot3_project3/share/turtlebot3_project3//launch/empty_world.launch.py
[7.372s] -- Symlinking: /home/cgcollins91/Projects/ENPME661_Project03_Phase02/project3_ws/install/turtlebot3_project3/share/turtlebot3_project3//launch/robot_state_publisher.launch.py
[7.378s] -- Symlinking: /home/cgcollins91/Projects/ENPME661_Project03_Phase02/project3_ws/install/turtlebot3_project3/share/turtlebot3_project3//launch/spawn_turtlebot3.launch.py
[7.383s] -- Symlinking: /home/cgcollins91/Projects/ENPME661_Project03_Phase02/project3_ws/install/turtlebot3_project3/share/turtlebot3_project3//models/project3/meshes/project3-world.STL
[7.388s] -- Symlinking: /home/cgcollins91/Projects/ENPME661_Project03_Phase02/project3_ws/install/turtlebot3_project3/share/turtlebot3_project3//models/project3/meshes/project3.STL
[7.394s] -- Symlinking: /home/cgcollins91/Projects/ENPME661_Project03_Phase02/project3_ws/install/turtlebot3_project3/share/turtlebot3_project3//models/project3/model.config
[7.399s] -- Symlinking: /home/cgcollins91/Projects/ENPME661_Project03_Phase02/project3_ws/install/turtlebot3_project3/share/turtlebot3_project3//models/project3/model.sdf
[7.404s] -- Symlinking: /home/cgcollins91/Projects/ENPME661_Project03_Phase02/project3_ws/install/turtlebot3_project3/share/turtlebot3_project3//models/turtlebot3_common/meshes/burger_base.dae
[7.409s] -- Symlinking: /home/cgcollins91/Projects/ENPME661_Project03_Phase02/project3_ws/install/turtlebot3_project3/share/turtlebot3_project3//models/turtlebot3_common/meshes/lds.dae
[7.414s] -- Symlinking: /home/cgcollins91/Projects/ENPME661_Project03_Phase02/project3_ws/install/turtlebot3_project3/share/turtlebot3_project3//models/turtlebot3_common/meshes/r200.dae
[7.419s] -- Symlinking: /home/cgcollins91/Projects/ENPME661_Project03_Phase02/project3_ws/install/turtlebot3_project3/share/turtlebot3_project3//models/turtlebot3_common/meshes/tire.dae
[7.424s] -- Symlinking: /home/cgcollins91/Projects/ENPME661_Project03_Phase02/project3_ws/install/turtlebot3_project3/share/turtlebot3_project3//models/turtlebot3_common/meshes/waffle_base.dae
[7.429s] -- Symlinking: /home/cgcollins91/Projects/ENPME661_Project03_Phase02/project3_ws/install/turtlebot3_project3/share/turtlebot3_project3//models/turtlebot3_common/meshes/waffle_pi_base.dae
[7.435s] -- Symlinking: /home/cgcollins91/Projects/ENPME661_Project03_Phase02/project3_ws/install/turtlebot3_project3/share/turtlebot3_project3//models/turtlebot3_common/model.config
[7.440s] -- Symlinking: /home/cgcollins91/Projects/ENPME661_Project03_Phase02/project3_ws/install/turtlebot3_project3/share/turtlebot3_project3//models/turtlebot3_waffle/model-1_4.sdf
[7.445s] -- Symlinking: /home/cgcollins91/Projects/ENPME661_Project03_Phase02/project3_ws/install/turtlebot3_project3/share/turtlebot3_project3//models/turtlebot3_waffle/model.config
[7.451s] -- Symlinking: /home/cgcollins91/Projects/ENPME661_Project03_Phase02/project3_ws/install/turtlebot3_project3/share/turtlebot3_project3//models/turtlebot3_waffle/model.sdf
[7.457s] -- Symlinking: /home/cgcollins91/Projects/ENPME661_Project03_Phase02/project3_ws/install/turtlebot3_project3/share/turtlebot3_project3//models/turtlebot3_world/meshes/hexagon.dae
[7.462s] -- Symlinking: /home/cgcollins91/Projects/ENPME661_Project03_Phase02/project3_ws/install/turtlebot3_project3/share/turtlebot3_project3//models/turtlebot3_world/meshes/wall.dae
[7.467s] -- Symlinking: /home/cgcollins91/Projects/ENPME661_Project03_Phase02/project3_ws/install/turtlebot3_project3/share/turtlebot3_project3//models/turtlebot3_world/model-1_4.sdf
[7.471s] -- Symlinking: /home/cgcollins91/Projects/ENPME661_Project03_Phase02/project3_ws/install/turtlebot3_project3/share/turtlebot3_project3//models/turtlebot3_world/model.config
[7.476s] -- Symlinking: /home/cgcollins91/Projects/ENPME661_Project03_Phase02/project3_ws/install/turtlebot3_project3/share/turtlebot3_project3//models/turtlebot3_world/model.sdf
[7.482s] -- Symlinking: /home/cgcollins91/Projects/ENPME661_Project03_Phase02/project3_ws/install/turtlebot3_project3/share/turtlebot3_project3//rviz/tb3_gazebo.rviz
[7.487s] -- Symlinking: /home/cgcollins91/Projects/ENPME661_Project03_Phase02/project3_ws/install/turtlebot3_project3/share/turtlebot3_project3//urdf/common_properties.urdf
[7.492s] -- Symlinking: /home/cgcollins91/Projects/ENPME661_Project03_Phase02/project3_ws/install/turtlebot3_project3/share/turtlebot3_project3//urdf/turtlebot3_waffle.urdf
[7.497s] -- Symlinking: /home/cgcollins91/Projects/ENPME661_Project03_Phase02/project3_ws/install/turtlebot3_project3/share/turtlebot3_project3//worlds/competition_world.world
[7.502s] -- Symlinking: /home/cgcollins91/Projects/ENPME661_Project03_Phase02/project3_ws/install/turtlebot3_project3/share/turtlebot3_project3//worlds/empty_world.world
[7.508s] -- Symlinking: /home/cgcollins91/Projects/ENPME661_Project03_Phase02/project3_ws/install/turtlebot3_project3/include//turtlebot3_project3/turtlebot3_drive.hpp
[7.513s] -- Symlinking: /home/cgcollins91/Projects/ENPME661_Project03_Phase02/project3_ws/install/turtlebot3_project3/lib/turtlebot3_project3/teleop.py
[7.518s] -- Symlinking: /home/cgcollins91/Projects/ENPME661_Project03_Phase02/project3_ws/install/turtlebot3_project3/lib/turtlebot3_project3/path_planning.py
[7.523s] -- Symlinking: /home/cgcollins91/Projects/ENPME661_Project03_Phase02/project3_ws/install/turtlebot3_project3/lib/turtlebot3_project3/controller.py
[7.528s] -- Symlinking: /home/cgcollins91/Projects/ENPME661_Project03_Phase02/project3_ws/install/turtlebot3_project3/lib/turtlebot3_project3/odom_subscriber.py
[7.533s] -- Symlinking: /home/cgcollins91/Projects/ENPME661_Project03_Phase02/project3_ws/install/turtlebot3_project3/share/ament_index/resource_index/package_run_dependencies/turtlebot3_project3
[7.538s] -- Symlinking: /home/cgcollins91/Projects/ENPME661_Project03_Phase02/project3_ws/install/turtlebot3_project3/share/ament_index/resource_index/parent_prefix_path/turtlebot3_project3
[7.543s] -- Symlinking: /home/cgcollins91/Projects/ENPME661_Project03_Phase02/project3_ws/install/turtlebot3_project3/share/turtlebot3_project3/environment/ament_prefix_path.sh
[7.549s] -- Symlinking: /home/cgcollins91/Projects/ENPME661_Project03_Phase02/project3_ws/install/turtlebot3_project3/share/turtlebot3_project3/environment/ament_prefix_path.dsv
[7.554s] -- Symlinking: /home/cgcollins91/Projects/ENPME661_Project03_Phase02/project3_ws/install/turtlebot3_project3/share/turtlebot3_project3/environment/path.sh
[7.559s] -- Symlinking: /home/cgcollins91/Projects/ENPME661_Project03_Phase02/project3_ws/install/turtlebot3_project3/share/turtlebot3_project3/environment/path.dsv
[7.564s] -- Symlinking: /home/cgcollins91/Projects/ENPME661_Project03_Phase02/project3_ws/install/turtlebot3_project3/share/turtlebot3_project3/local_setup.bash
[7.569s] -- Symlinking: /home/cgcollins91/Projects/ENPME661_Project03_Phase02/project3_ws/install/turtlebot3_project3/share/turtlebot3_project3/local_setup.sh
[7.574s] -- Symlinking: /home/cgcollins91/Projects/ENPME661_Project03_Phase02/project3_ws/install/turtlebot3_project3/share/turtlebot3_project3/local_setup.zsh
[7.580s] -- Symlinking: /home/cgcollins91/Projects/ENPME661_Project03_Phase02/project3_ws/install/turtlebot3_project3/share/turtlebot3_project3/local_setup.dsv
[7.585s] -- Symlinking: /home/cgcollins91/Projects/ENPME661_Project03_Phase02/project3_ws/install/turtlebot3_project3/share/turtlebot3_project3/package.dsv
[7.591s] -- Symlinking: /home/cgcollins91/Projects/ENPME661_Project03_Phase02/project3_ws/install/turtlebot3_project3/share/ament_index/resource_index/packages/turtlebot3_project3
[7.596s] -- Symlinking: /home/cgcollins91/Projects/ENPME661_Project03_Phase02/project3_ws/install/turtlebot3_project3/share/turtlebot3_project3/cmake/ament_cmake_export_include_directories-extras.cmake
[7.601s] -- Symlinking: /home/cgcollins91/Projects/ENPME661_Project03_Phase02/project3_ws/install/turtlebot3_project3/share/turtlebot3_project3/cmake/ament_cmake_export_dependencies-extras.cmake
[7.607s] -- Symlinking: /home/cgcollins91/Projects/ENPME661_Project03_Phase02/project3_ws/install/turtlebot3_project3/share/turtlebot3_project3/cmake/turtlebot3_project3Config.cmake
[7.612s] -- Symlinking: /home/cgcollins91/Projects/ENPME661_Project03_Phase02/project3_ws/install/turtlebot3_project3/share/turtlebot3_project3/cmake/turtlebot3_project3Config-version.cmake
[7.617s] -- Symlinking: /home/cgcollins91/Projects/ENPME661_Project03_Phase02/project3_ws/install/turtlebot3_project3/share/turtlebot3_project3/package.xml
[7.622s] -- Installing: /home/cgcollins91/Projects/ENPME661_Project03_Phase02/project3_ws/install/turtlebot3_project3/share/turtlebot3_project3/scripts
[7.622s] -- Installing: /home/cgcollins91/Projects/ENPME661_Project03_Phase02/project3_ws/install/turtlebot3_project3/share/turtlebot3_project3/scripts/waypoints.csv
[7.624s] Invoked command in '/home/cgcollins91/Projects/ENPME661_Project03_Phase02/project3_ws/build/turtlebot3_project3' returned '0': CMAKE_PREFIX_PATH=/opt/ros/humble CONDA_PROMPT_MODIFIER=(base) /usr/bin/cmake --install /home/cgcollins91/Projects/ENPME661_Project03_Phase02/project3_ws/build/turtlebot3_project3
